{"/home/st111/VisionGoalServer/Backend/src/app.ts": {"path":"/home/st111/VisionGoalServer/Backend/src/app.ts","statementMap":{"0":{"start":{"line":1,"column":0},"end":{"line":1,"column":43}},"1":{"start":{"line":2,"column":0},"end":{"line":2,"column":28}},"2":{"start":{"line":3,"column":0},"end":{"line":3,"column":24}},"3":{"start":{"line":4,"column":0},"end":{"line":4,"column":32}},"4":{"start":{"line":5,"column":0},"end":{"line":5,"column":28}},"5":{"start":{"line":6,"column":0},"end":{"line":6,"column":24}},"6":{"start":{"line":7,"column":0},"end":{"line":7,"column":20}},"7":{"start":{"line":8,"column":0},"end":{"line":8,"column":36}},"8":{"start":{"line":9,"column":0},"end":{"line":9,"column":41}},"9":{"start":{"line":10,"column":0},"end":{"line":10,"column":43}},"10":{"start":{"line":11,"column":0},"end":{"line":11,"column":29}},"11":{"start":{"line":14,"column":0},"end":{"line":14,"column":45}},"12":{"start":{"line":15,"column":0},"end":{"line":15,"column":57}},"13":{"start":{"line":16,"column":0},"end":{"line":16,"column":45}},"14":{"start":{"line":17,"column":0},"end":{"line":17,"column":51}},"15":{"start":{"line":18,"column":0},"end":{"line":18,"column":45}},"16":{"start":{"line":20,"column":0},"end":{"line":20,"column":16}},"17":{"start":{"line":21,"column":21},"end":{"line":21,"column":30}},"18":{"start":{"line":24,"column":18},"end":{"line":24,"column":55}},"19":{"start":{"line":25,"column":0},"end":{"line":27,"column":1}},"20":{"start":{"line":26,"column":2},"end":{"line":26,"column":47}},"21":{"start":{"line":30,"column":0},"end":{"line":30,"column":24}},"22":{"start":{"line":31,"column":0},"end":{"line":31,"column":48}},"23":{"start":{"line":35,"column":0},"end":{"line":45,"column":2}},"24":{"start":{"line":48,"column":0},"end":{"line":51,"column":58}},"25":{"start":{"line":49,"column":2},"end":{"line":49,"column":61}},"26":{"start":{"line":50,"column":2},"end":{"line":50,"column":9}},"27":{"start":{"line":52,"column":0},"end":{"line":52,"column":null}},"28":{"start":{"line":54,"column":16},"end":{"line":58,"column":2}},"29":{"start":{"line":55,"column":34},"end":{"line":55,"column":53}},"30":{"start":{"line":57,"column":4},"end":{"line":57,"column":58}},"31":{"start":{"line":59,"column":13},"end":{"line":59,"column":42}},"32":{"start":{"line":60,"column":16},"end":{"line":82,"column":2}},"33":{"start":{"line":84,"column":14},"end":{"line":84,"column":35}},"34":{"start":{"line":86,"column":0},"end":{"line":86,"column":62}},"35":{"start":{"line":89,"column":0},"end":{"line":89,"column":33}},"36":{"start":{"line":90,"column":0},"end":{"line":90,"column":45}},"37":{"start":{"line":91,"column":0},"end":{"line":91,"column":34}},"38":{"start":{"line":92,"column":0},"end":{"line":92,"column":40}},"39":{"start":{"line":93,"column":0},"end":{"line":93,"column":34}},"40":{"start":{"line":94,"column":20},"end":{"line":94,"column":69}},"41":{"start":{"line":96,"column":0},"end":{"line":96,"column":37}},"42":{"start":{"line":98,"column":0},"end":{"line":100,"column":3}},"43":{"start":{"line":99,"column":2},"end":{"line":99,"column":53}},"44":{"start":{"line":102,"column":15},"end":{"line":102,"column":37}},"45":{"start":{"line":104,"column":23},"end":{"line":119,"column":1}},"46":{"start":{"line":105,"column":2},"end":{"line":118,"column":5}},"47":{"start":{"line":106,"column":4},"end":{"line":117,"column":5}},"48":{"start":{"line":107,"column":6},"end":{"line":107,"column":56}},"49":{"start":{"line":109,"column":6},"end":{"line":116,"column":11}},"50":{"start":{"line":112,"column":10},"end":{"line":112,"column":32}},"51":{"start":{"line":115,"column":10},"end":{"line":115,"column":24}},"52":{"start":{"line":104,"column":13},"end":{"line":104,"column":23}},"53":{"start":{"line":122,"column":0},"end":{"line":122,"column":43}},"54":{"start":{"line":122,"column":38},"end":{"line":122,"column":41}}},"fnMap":{"0":{"name":"(anonymous_10)","decl":{"start":{"line":48,"column":20},"end":{"line":48,"column":21}},"loc":{"start":{"line":48,"column":39},"end":{"line":51,"column":1}}},"1":{"name":"(anonymous_11)","decl":{"start":{"line":55,"column":15},"end":{"line":55,"column":16}},"loc":{"start":{"line":55,"column":34},"end":{"line":55,"column":53}}},"2":{"name":"(anonymous_12)","decl":{"start":{"line":56,"column":12},"end":{"line":56,"column":13}},"loc":{"start":{"line":57,"column":4},"end":{"line":57,"column":58}}},"3":{"name":"(anonymous_13)","decl":{"start":{"line":98,"column":14},"end":{"line":98,"column":15}},"loc":{"start":{"line":98,"column":27},"end":{"line":100,"column":1}}},"4":{"name":"(anonymous_14)","decl":{"start":{"line":104,"column":23},"end":{"line":104,"column":26}},"loc":{"start":{"line":104,"column":28},"end":{"line":119,"column":1}}},"5":{"name":"(anonymous_15)","decl":{"start":{"line":105,"column":61},"end":{"line":105,"column":62}},"loc":{"start":{"line":105,"column":81},"end":{"line":118,"column":3}}},"6":{"name":"(anonymous_16)","decl":{"start":{"line":111,"column":14},"end":{"line":111,"column":17}},"loc":{"start":{"line":111,"column":19},"end":{"line":113,"column":9}}},"7":{"name":"(anonymous_17)","decl":{"start":{"line":114,"column":15},"end":{"line":114,"column":16}},"loc":{"start":{"line":114,"column":25},"end":{"line":116,"column":9}}},"8":{"name":"(anonymous_18)","decl":{"start":{"line":122,"column":32},"end":{"line":122,"column":35}},"loc":{"start":{"line":122,"column":38},"end":{"line":122,"column":41}}}},"branchMap":{"0":{"loc":{"start":{"line":25,"column":0},"end":{"line":27,"column":1}},"type":"if","locations":[{"start":{"line":25,"column":0},"end":{"line":27,"column":1}}]},"1":{"loc":{"start":{"line":106,"column":4},"end":{"line":117,"column":5}},"type":"if","locations":[{"start":{"line":106,"column":4},"end":{"line":117,"column":5}},{"start":{"line":108,"column":11},"end":{"line":117,"column":5}}]}},"s":{"0":1,"1":1,"2":1,"3":1,"4":1,"5":1,"6":1,"7":1,"8":1,"9":1,"10":1,"11":1,"12":1,"13":1,"14":1,"15":1,"16":1,"17":1,"18":1,"19":1,"20":0,"21":1,"22":1,"23":1,"24":1,"25":0,"26":0,"27":1,"28":1,"29":0,"30":0,"31":1,"32":1,"33":1,"34":1,"35":1,"36":1,"37":1,"38":1,"39":1,"40":1,"41":1,"42":1,"43":0,"44":1,"45":1,"46":1,"47":1,"48":0,"49":1,"50":1,"51":0,"52":1,"53":1,"54":1},"f":{"0":0,"1":0,"2":0,"3":0,"4":1,"5":1,"6":1,"7":0,"8":1},"b":{"0":[0],"1":[0,1]}}
,"/home/st111/VisionGoalServer/Backend/src/config/db.ts": {"path":"/home/st111/VisionGoalServer/Backend/src/config/db.ts","statementMap":{"0":{"start":{"line":1,"column":0},"end":{"line":1,"column":32}},"1":{"start":{"line":2,"column":0},"end":{"line":2,"column":28}},"2":{"start":{"line":4,"column":0},"end":{"line":4,"column":16}},"3":{"start":{"line":6,"column":25},"end":{"line":27,"column":2}},"4":{"start":{"line":6,"column":36},"end":{"line":27,"column":2}},"5":{"start":{"line":7,"column":2},"end":{"line":7,"column":36}},"6":{"start":{"line":8,"column":2},"end":{"line":26,"column":3}},"7":{"start":{"line":10,"column":6},"end":{"line":12,"column":31}},"8":{"start":{"line":14,"column":4},"end":{"line":14,"column":51}},"9":{"start":{"line":16,"column":4},"end":{"line":20,"column":6}},"10":{"start":{"line":22,"column":4},"end":{"line":22,"column":57}},"11":{"start":{"line":23,"column":4},"end":{"line":25,"column":5}},"12":{"start":{"line":24,"column":6},"end":{"line":24,"column":22}},"13":{"start":{"line":6,"column":13},"end":{"line":6,"column":25}},"14":{"start":{"line":29,"column":0},"end":{"line":29,"column":25}}},"fnMap":{"0":{"name":"(anonymous_8)","decl":{"start":{"line":6,"column":25},"end":{"line":6,"column":34}},"loc":{"start":{"line":6,"column":36},"end":{"line":27,"column":2}}},"1":{"name":"(anonymous_9)","decl":{"start":{"line":6,"column":36},"end":{"line":6,"column":null}},"loc":{"start":{"line":6,"column":36},"end":{"line":27,"column":1}}}},"branchMap":{"0":{"loc":{"start":{"line":10,"column":6},"end":{"line":12,"column":31}},"type":"cond-expr","locations":[{"start":{"line":11,"column":10},"end":{"line":11,"column":36}},{"start":{"line":12,"column":10},"end":{"line":12,"column":31}}]},"1":{"loc":{"start":{"line":18,"column":8},"end":{"line":18,"column":null}},"type":"cond-expr","locations":[{"start":{"line":18,"column":42},"end":{"line":18,"column":51}},{"start":{"line":18,"column":54},"end":{"line":18,"column":null}}]},"2":{"loc":{"start":{"line":23,"column":4},"end":{"line":25,"column":5}},"type":"if","locations":[{"start":{"line":23,"column":4},"end":{"line":25,"column":5}}]}},"s":{"0":1,"1":1,"2":1,"3":1,"4":1,"5":1,"6":1,"7":1,"8":1,"9":1,"10":0,"11":0,"12":0,"13":1,"14":1},"f":{"0":1,"1":1},"b":{"0":[1,0],"1":[1,0],"2":[0]}}
,"/home/st111/VisionGoalServer/Backend/src/controllers/authController.ts": {"path":"/home/st111/VisionGoalServer/Backend/src/controllers/authController.ts","statementMap":{"0":{"start":{"line":2,"column":0},"end":{"line":2,"column":47}},"1":{"start":{"line":4,"column":0},"end":{"line":4,"column":30}},"2":{"start":{"line":5,"column":0},"end":{"line":5,"column":39}},"3":{"start":{"line":6,"column":0},"end":{"line":6,"column":51}},"4":{"start":{"line":7,"column":0},"end":{"line":7,"column":25}},"5":{"start":{"line":8,"column":0},"end":{"line":8,"column":13}},"6":{"start":{"line":9,"column":15},"end":{"line":9,"column":61}},"7":{"start":{"line":14,"column":28},"end":{"line":20,"column":1}},"8":{"start":{"line":15,"column":2},"end":{"line":19,"column":4}},"9":{"start":{"line":25,"column":29},"end":{"line":34,"column":1}},"10":{"start":{"line":26,"column":2},"end":{"line":33,"column":4}},"11":{"start":{"line":39,"column":24},"end":{"line":128,"column":2}},"12":{"start":{"line":39,"column":77},"end":{"line":128,"column":2}},"13":{"start":{"line":40,"column":2},"end":{"line":127,"column":3}},"14":{"start":{"line":48,"column":8},"end":{"line":48,"column":16}},"15":{"start":{"line":51,"column":4},"end":{"line":61,"column":5}},"16":{"start":{"line":59,"column":6},"end":{"line":59,"column":67}},"17":{"start":{"line":60,"column":6},"end":{"line":60,"column":13}},"18":{"start":{"line":64,"column":4},"end":{"line":67,"column":5}},"19":{"start":{"line":65,"column":6},"end":{"line":65,"column":66}},"20":{"start":{"line":66,"column":6},"end":{"line":66,"column":13}},"21":{"start":{"line":70,"column":25},"end":{"line":70,"column":54}},"22":{"start":{"line":71,"column":4},"end":{"line":74,"column":5}},"23":{"start":{"line":72,"column":6},"end":{"line":72,"column":63}},"24":{"start":{"line":73,"column":6},"end":{"line":73,"column":13}},"25":{"start":{"line":76,"column":4},"end":{"line":81,"column":5}},"26":{"start":{"line":77,"column":6},"end":{"line":79,"column":69}},"27":{"start":{"line":80,"column":6},"end":{"line":80,"column":13}},"28":{"start":{"line":83,"column":16},"end":{"line":83,"column":37}},"29":{"start":{"line":84,"column":18},"end":{"line":84,"column":28}},"30":{"start":{"line":86,"column":4},"end":{"line":89,"column":5}},"31":{"start":{"line":87,"column":6},"end":{"line":87,"column":65}},"32":{"start":{"line":88,"column":6},"end":{"line":88,"column":13}},"33":{"start":{"line":92,"column":27},"end":{"line":92,"column":58}},"34":{"start":{"line":95,"column":20},"end":{"line":101,"column":6}},"35":{"start":{"line":104,"column":24},"end":{"line":104,"column":67}},"36":{"start":{"line":105,"column":25},"end":{"line":105,"column":69}},"37":{"start":{"line":108,"column":4},"end":{"line":108,"column":42}},"38":{"start":{"line":109,"column":4},"end":{"line":109,"column":25}},"39":{"start":{"line":112,"column":4},"end":{"line":123,"column":7}},"40":{"start":{"line":125,"column":4},"end":{"line":125,"column":49}},"41":{"start":{"line":126,"column":4},"end":{"line":126,"column":54}},"42":{"start":{"line":39,"column":13},"end":{"line":39,"column":24}},"43":{"start":{"line":133,"column":21},"end":{"line":188,"column":2}},"44":{"start":{"line":133,"column":74},"end":{"line":188,"column":2}},"45":{"start":{"line":134,"column":2},"end":{"line":187,"column":3}},"46":{"start":{"line":135,"column":32},"end":{"line":135,"column":40}},"47":{"start":{"line":138,"column":4},"end":{"line":141,"column":5}},"48":{"start":{"line":139,"column":6},"end":{"line":139,"column":75}},"49":{"start":{"line":140,"column":6},"end":{"line":140,"column":13}},"50":{"start":{"line":144,"column":17},"end":{"line":144,"column":46}},"51":{"start":{"line":145,"column":4},"end":{"line":148,"column":5}},"52":{"start":{"line":146,"column":6},"end":{"line":146,"column":67}},"53":{"start":{"line":147,"column":6},"end":{"line":147,"column":13}},"54":{"start":{"line":151,"column":4},"end":{"line":154,"column":5}},"55":{"start":{"line":152,"column":6},"end":{"line":152,"column":67}},"56":{"start":{"line":153,"column":6},"end":{"line":153,"column":13}},"57":{"start":{"line":156,"column":28},"end":{"line":156,"column":73}},"58":{"start":{"line":157,"column":4},"end":{"line":160,"column":5}},"59":{"start":{"line":158,"column":6},"end":{"line":158,"column":67}},"60":{"start":{"line":159,"column":6},"end":{"line":159,"column":13}},"61":{"start":{"line":163,"column":24},"end":{"line":163,"column":64}},"62":{"start":{"line":164,"column":25},"end":{"line":164,"column":66}},"63":{"start":{"line":167,"column":4},"end":{"line":167,"column":39}},"64":{"start":{"line":168,"column":4},"end":{"line":168,"column":22}},"65":{"start":{"line":171,"column":4},"end":{"line":183,"column":7}},"66":{"start":{"line":185,"column":4},"end":{"line":185,"column":46}},"67":{"start":{"line":186,"column":4},"end":{"line":186,"column":54}},"68":{"start":{"line":133,"column":13},"end":{"line":133,"column":21}},"69":{"start":{"line":193,"column":28},"end":{"line":238,"column":2}},"70":{"start":{"line":197,"column":19},"end":{"line":238,"column":2}},"71":{"start":{"line":198,"column":2},"end":{"line":237,"column":3}},"72":{"start":{"line":199,"column":22},"end":{"line":199,"column":30}},"73":{"start":{"line":201,"column":4},"end":{"line":204,"column":5}},"74":{"start":{"line":202,"column":6},"end":{"line":202,"column":68}},"75":{"start":{"line":203,"column":6},"end":{"line":203,"column":13}},"76":{"start":{"line":207,"column":20},"end":{"line":209,"column":null}},"77":{"start":{"line":212,"column":4},"end":{"line":215,"column":5}},"78":{"start":{"line":213,"column":6},"end":{"line":213,"column":68}},"79":{"start":{"line":214,"column":6},"end":{"line":214,"column":13}},"80":{"start":{"line":218,"column":17},"end":{"line":218,"column":48}},"81":{"start":{"line":219,"column":4},"end":{"line":222,"column":5}},"82":{"start":{"line":220,"column":6},"end":{"line":220,"column":58}},"83":{"start":{"line":221,"column":6},"end":{"line":221,"column":13}},"84":{"start":{"line":225,"column":27},"end":{"line":230,"column":null}},"85":{"start":{"line":233,"column":4},"end":{"line":233,"column":58}},"86":{"start":{"line":235,"column":4},"end":{"line":235,"column":54}},"87":{"start":{"line":236,"column":4},"end":{"line":236,"column":16}},"88":{"start":{"line":193,"column":13},"end":{"line":193,"column":28}},"89":{"start":{"line":243,"column":22},"end":{"line":266,"column":2}},"90":{"start":{"line":243,"column":75},"end":{"line":266,"column":2}},"91":{"start":{"line":244,"column":2},"end":{"line":265,"column":3}},"92":{"start":{"line":245,"column":22},"end":{"line":245,"column":30}},"93":{"start":{"line":246,"column":4},"end":{"line":249,"column":5}},"94":{"start":{"line":247,"column":6},"end":{"line":247,"column":66}},"95":{"start":{"line":248,"column":6},"end":{"line":248,"column":13}},"96":{"start":{"line":252,"column":17},"end":{"line":254,"column":null}},"97":{"start":{"line":256,"column":4},"end":{"line":259,"column":5}},"98":{"start":{"line":257,"column":6},"end":{"line":257,"column":58}},"99":{"start":{"line":258,"column":6},"end":{"line":258,"column":13}},"100":{"start":{"line":261,"column":4},"end":{"line":261,"column":53}},"101":{"start":{"line":263,"column":4},"end":{"line":263,"column":47}},"102":{"start":{"line":264,"column":4},"end":{"line":264,"column":54}},"103":{"start":{"line":243,"column":13},"end":{"line":243,"column":22}},"104":{"start":{"line":268,"column":28},"end":{"line":319,"column":2}},"105":{"start":{"line":268,"column":79},"end":{"line":319,"column":2}},"106":{"start":{"line":269,"column":2},"end":{"line":318,"column":3}},"107":{"start":{"line":270,"column":27},"end":{"line":270,"column":35}},"108":{"start":{"line":271,"column":4},"end":{"line":273,"column":5}},"109":{"start":{"line":272,"column":6},"end":{"line":272,"column":74}},"110":{"start":{"line":275,"column":19},"end":{"line":278,"column":6}},"111":{"start":{"line":279,"column":20},"end":{"line":279,"column":39}},"112":{"start":{"line":280,"column":4},"end":{"line":282,"column":5}},"113":{"start":{"line":281,"column":6},"end":{"line":281,"column":69}},"114":{"start":{"line":283,"column":37},"end":{"line":283,"column":44}},"115":{"start":{"line":285,"column":15},"end":{"line":285,"column":44}},"116":{"start":{"line":287,"column":4},"end":{"line":296,"column":5}},"117":{"start":{"line":289,"column":6},"end":{"line":294,"column":9}},"118":{"start":{"line":298,"column":24},"end":{"line":298,"column":64}},"119":{"start":{"line":299,"column":25},"end":{"line":299,"column":66}},"120":{"start":{"line":300,"column":4},"end":{"line":300,"column":39}},"121":{"start":{"line":301,"column":4},"end":{"line":301,"column":22}},"122":{"start":{"line":304,"column":4},"end":{"line":313,"column":7}},"123":{"start":{"line":316,"column":4},"end":{"line":316,"column":50}},"124":{"start":{"line":317,"column":4},"end":{"line":317,"column":68}},"125":{"start":{"line":268,"column":13},"end":{"line":268,"column":28}},"126":{"start":{"line":325,"column":29},"end":{"line":369,"column":2}},"127":{"start":{"line":328,"column":19},"end":{"line":369,"column":2}},"128":{"start":{"line":329,"column":2},"end":{"line":368,"column":3}},"129":{"start":{"line":330,"column":51},"end":{"line":330,"column":59}},"130":{"start":{"line":332,"column":4},"end":{"line":335,"column":5}},"131":{"start":{"line":333,"column":6},"end":{"line":333,"column":56}},"132":{"start":{"line":334,"column":6},"end":{"line":334,"column":13}},"133":{"start":{"line":337,"column":17},"end":{"line":337,"column":59}},"134":{"start":{"line":339,"column":4},"end":{"line":342,"column":5}},"135":{"start":{"line":340,"column":6},"end":{"line":340,"column":58}},"136":{"start":{"line":341,"column":6},"end":{"line":341,"column":13}},"137":{"start":{"line":345,"column":4},"end":{"line":345,"column":55}},"138":{"start":{"line":345,"column":22},"end":{"line":345,"column":55}},"139":{"start":{"line":346,"column":4},"end":{"line":346,"column":40}},"140":{"start":{"line":346,"column":17},"end":{"line":346,"column":40}},"141":{"start":{"line":347,"column":4},"end":{"line":347,"column":62}},"142":{"start":{"line":347,"column":21},"end":{"line":347,"column":62}},"143":{"start":{"line":352,"column":4},"end":{"line":352,"column":22}},"144":{"start":{"line":354,"column":4},"end":{"line":364,"column":7}},"145":{"start":{"line":366,"column":4},"end":{"line":366,"column":54}},"146":{"start":{"line":367,"column":4},"end":{"line":367,"column":54}},"147":{"start":{"line":325,"column":13},"end":{"line":325,"column":29}},"148":{"start":{"line":371,"column":34},"end":{"line":407,"column":2}},"149":{"start":{"line":374,"column":19},"end":{"line":407,"column":2}},"150":{"start":{"line":375,"column":2},"end":{"line":406,"column":3}},"151":{"start":{"line":376,"column":4},"end":{"line":379,"column":5}},"152":{"start":{"line":377,"column":6},"end":{"line":377,"column":60}},"153":{"start":{"line":378,"column":6},"end":{"line":378,"column":13}},"154":{"start":{"line":382,"column":21},"end":{"line":382,"column":52}},"155":{"start":{"line":385,"column":17},"end":{"line":385,"column":60}},"156":{"start":{"line":386,"column":4},"end":{"line":389,"column":5}},"157":{"start":{"line":387,"column":6},"end":{"line":387,"column":58}},"158":{"start":{"line":388,"column":6},"end":{"line":388,"column":13}},"159":{"start":{"line":392,"column":4},"end":{"line":392,"column":33}},"160":{"start":{"line":393,"column":4},"end":{"line":393,"column":22}},"161":{"start":{"line":396,"column":20},"end":{"line":396,"column":67}},"162":{"start":{"line":397,"column":20},"end":{"line":397,"column":43}},"163":{"start":{"line":399,"column":4},"end":{"line":402,"column":7}},"164":{"start":{"line":404,"column":4},"end":{"line":404,"column":61}},"165":{"start":{"line":405,"column":4},"end":{"line":405,"column":54}},"166":{"start":{"line":371,"column":13},"end":{"line":371,"column":34}},"167":{"start":{"line":408,"column":26},"end":{"line":429,"column":2}},"168":{"start":{"line":411,"column":19},"end":{"line":429,"column":2}},"169":{"start":{"line":412,"column":2},"end":{"line":428,"column":3}},"170":{"start":{"line":413,"column":4},"end":{"line":416,"column":5}},"171":{"start":{"line":414,"column":6},"end":{"line":414,"column":56}},"172":{"start":{"line":415,"column":6},"end":{"line":415,"column":13}},"173":{"start":{"line":417,"column":17},"end":{"line":418,"column":null}},"174":{"start":{"line":420,"column":4},"end":{"line":423,"column":5}},"175":{"start":{"line":421,"column":6},"end":{"line":421,"column":58}},"176":{"start":{"line":422,"column":6},"end":{"line":422,"column":13}},"177":{"start":{"line":424,"column":4},"end":{"line":424,"column":31}},"178":{"start":{"line":426,"column":4},"end":{"line":426,"column":54}},"179":{"start":{"line":427,"column":4},"end":{"line":427,"column":54}},"180":{"start":{"line":408,"column":13},"end":{"line":408,"column":26}},"181":{"start":{"line":431,"column":27},"end":{"line":444,"column":2}},"182":{"start":{"line":434,"column":19},"end":{"line":444,"column":2}},"183":{"start":{"line":435,"column":2},"end":{"line":443,"column":3}},"184":{"start":{"line":436,"column":18},"end":{"line":437,"column":null}},"185":{"start":{"line":440,"column":4},"end":{"line":440,"column":32}},"186":{"start":{"line":442,"column":4},"end":{"line":442,"column":63}},"187":{"start":{"line":431,"column":13},"end":{"line":431,"column":27}}},"fnMap":{"0":{"name":"(anonymous_8)","decl":{"start":{"line":14,"column":28},"end":{"line":14,"column":29}},"loc":{"start":{"line":14,"column":55},"end":{"line":20,"column":1}}},"1":{"name":"(anonymous_9)","decl":{"start":{"line":25,"column":29},"end":{"line":25,"column":30}},"loc":{"start":{"line":25,"column":56},"end":{"line":34,"column":1}}},"2":{"name":"(anonymous_10)","decl":{"start":{"line":39,"column":24},"end":{"line":39,"column":31}},"loc":{"start":{"line":39,"column":77},"end":{"line":128,"column":2}}},"3":{"name":"(anonymous_11)","decl":{"start":{"line":39,"column":77},"end":{"line":39,"column":null}},"loc":{"start":{"line":39,"column":77},"end":{"line":128,"column":1}}},"4":{"name":"(anonymous_12)","decl":{"start":{"line":133,"column":21},"end":{"line":133,"column":28}},"loc":{"start":{"line":133,"column":74},"end":{"line":188,"column":2}}},"5":{"name":"(anonymous_13)","decl":{"start":{"line":133,"column":74},"end":{"line":133,"column":null}},"loc":{"start":{"line":133,"column":74},"end":{"line":188,"column":1}}},"6":{"name":"(anonymous_14)","decl":{"start":{"line":193,"column":28},"end":{"line":193,"column":null}},"loc":{"start":{"line":197,"column":19},"end":{"line":238,"column":2}}},"7":{"name":"(anonymous_15)","decl":{"start":{"line":197,"column":19},"end":{"line":197,"column":null}},"loc":{"start":{"line":197,"column":19},"end":{"line":238,"column":1}}},"8":{"name":"(anonymous_16)","decl":{"start":{"line":243,"column":22},"end":{"line":243,"column":29}},"loc":{"start":{"line":243,"column":75},"end":{"line":266,"column":2}}},"9":{"name":"(anonymous_17)","decl":{"start":{"line":243,"column":75},"end":{"line":243,"column":null}},"loc":{"start":{"line":243,"column":75},"end":{"line":266,"column":1}}},"10":{"name":"(anonymous_18)","decl":{"start":{"line":268,"column":28},"end":{"line":268,"column":35}},"loc":{"start":{"line":268,"column":79},"end":{"line":319,"column":2}}},"11":{"name":"(anonymous_19)","decl":{"start":{"line":268,"column":79},"end":{"line":268,"column":null}},"loc":{"start":{"line":268,"column":79},"end":{"line":319,"column":1}}},"12":{"name":"(anonymous_20)","decl":{"start":{"line":325,"column":29},"end":{"line":325,"column":null}},"loc":{"start":{"line":328,"column":19},"end":{"line":369,"column":2}}},"13":{"name":"(anonymous_21)","decl":{"start":{"line":328,"column":19},"end":{"line":328,"column":null}},"loc":{"start":{"line":328,"column":19},"end":{"line":369,"column":1}}},"14":{"name":"(anonymous_22)","decl":{"start":{"line":371,"column":34},"end":{"line":371,"column":null}},"loc":{"start":{"line":374,"column":19},"end":{"line":407,"column":2}}},"15":{"name":"(anonymous_23)","decl":{"start":{"line":374,"column":19},"end":{"line":374,"column":null}},"loc":{"start":{"line":374,"column":19},"end":{"line":407,"column":1}}},"16":{"name":"(anonymous_24)","decl":{"start":{"line":408,"column":26},"end":{"line":408,"column":null}},"loc":{"start":{"line":411,"column":19},"end":{"line":429,"column":2}}},"17":{"name":"(anonymous_25)","decl":{"start":{"line":411,"column":19},"end":{"line":411,"column":null}},"loc":{"start":{"line":411,"column":19},"end":{"line":429,"column":1}}},"18":{"name":"(anonymous_26)","decl":{"start":{"line":431,"column":27},"end":{"line":431,"column":null}},"loc":{"start":{"line":434,"column":19},"end":{"line":444,"column":2}}},"19":{"name":"(anonymous_27)","decl":{"start":{"line":434,"column":19},"end":{"line":434,"column":null}},"loc":{"start":{"line":434,"column":19},"end":{"line":444,"column":1}}}},"branchMap":{"0":{"loc":{"start":{"line":17,"column":5},"end":{"line":17,"column":62}},"type":"binary-expr","locations":[{"start":{"line":17,"column":5},"end":{"line":17,"column":42}},{"start":{"line":17,"column":46},"end":{"line":17,"column":62}}]},"1":{"loc":{"start":{"line":18,"column":17},"end":{"line":18,"column":51}},"type":"binary-expr","locations":[{"start":{"line":18,"column":17},"end":{"line":18,"column":43}},{"start":{"line":18,"column":47},"end":{"line":18,"column":51}}]},"2":{"loc":{"start":{"line":28,"column":5},"end":{"line":29,"column":30}},"type":"binary-expr","locations":[{"start":{"line":28,"column":5},"end":{"line":28,"column":52}},{"start":{"line":29,"column":6},"end":{"line":29,"column":30}}]},"3":{"loc":{"start":{"line":31,"column":17},"end":{"line":31,"column":61}},"type":"binary-expr","locations":[{"start":{"line":31,"column":17},"end":{"line":31,"column":53}},{"start":{"line":31,"column":57},"end":{"line":31,"column":61}}]},"4":{"loc":{"start":{"line":51,"column":4},"end":{"line":61,"column":5}},"type":"if","locations":[{"start":{"line":51,"column":4},"end":{"line":61,"column":5}}]},"5":{"loc":{"start":{"line":52,"column":6},"end":{"line":57,"column":18}},"type":"binary-expr","locations":[{"start":{"line":52,"column":6},"end":{"line":52,"column":19}},{"start":{"line":53,"column":6},"end":{"line":53,"column":12}},{"start":{"line":54,"column":6},"end":{"line":54,"column":15}},{"start":{"line":55,"column":6},"end":{"line":55,"column":22}},{"start":{"line":56,"column":6},"end":{"line":56,"column":14}},{"start":{"line":57,"column":6},"end":{"line":57,"column":18}}]},"6":{"loc":{"start":{"line":64,"column":4},"end":{"line":67,"column":5}},"type":"if","locations":[{"start":{"line":64,"column":4},"end":{"line":67,"column":5}}]},"7":{"loc":{"start":{"line":71,"column":4},"end":{"line":74,"column":5}},"type":"if","locations":[{"start":{"line":71,"column":4},"end":{"line":74,"column":5}}]},"8":{"loc":{"start":{"line":76,"column":4},"end":{"line":81,"column":5}},"type":"if","locations":[{"start":{"line":76,"column":4},"end":{"line":81,"column":5}}]},"9":{"loc":{"start":{"line":86,"column":4},"end":{"line":89,"column":5}},"type":"if","locations":[{"start":{"line":86,"column":4},"end":{"line":89,"column":5}}]},"10":{"loc":{"start":{"line":138,"column":4},"end":{"line":141,"column":5}},"type":"if","locations":[{"start":{"line":138,"column":4},"end":{"line":141,"column":5}}]},"11":{"loc":{"start":{"line":138,"column":8},"end":{"line":138,"column":27}},"type":"binary-expr","locations":[{"start":{"line":138,"column":8},"end":{"line":138,"column":14}},{"start":{"line":138,"column":18},"end":{"line":138,"column":27}}]},"12":{"loc":{"start":{"line":145,"column":4},"end":{"line":148,"column":5}},"type":"if","locations":[{"start":{"line":145,"column":4},"end":{"line":148,"column":5}}]},"13":{"loc":{"start":{"line":151,"column":4},"end":{"line":154,"column":5}},"type":"if","locations":[{"start":{"line":151,"column":4},"end":{"line":154,"column":5}}]},"14":{"loc":{"start":{"line":157,"column":4},"end":{"line":160,"column":5}},"type":"if","locations":[{"start":{"line":157,"column":4},"end":{"line":160,"column":5}}]},"15":{"loc":{"start":{"line":201,"column":4},"end":{"line":204,"column":5}},"type":"if","locations":[{"start":{"line":201,"column":4},"end":{"line":204,"column":5}}]},"16":{"loc":{"start":{"line":212,"column":4},"end":{"line":215,"column":5}},"type":"if","locations":[{"start":{"line":212,"column":4},"end":{"line":215,"column":5}}]},"17":{"loc":{"start":{"line":219,"column":4},"end":{"line":222,"column":5}},"type":"if","locations":[{"start":{"line":219,"column":4},"end":{"line":222,"column":5}}]},"18":{"loc":{"start":{"line":246,"column":4},"end":{"line":249,"column":5}},"type":"if","locations":[{"start":{"line":246,"column":4},"end":{"line":249,"column":5}}]},"19":{"loc":{"start":{"line":256,"column":4},"end":{"line":259,"column":5}},"type":"if","locations":[{"start":{"line":256,"column":4},"end":{"line":259,"column":5}}]},"20":{"loc":{"start":{"line":271,"column":4},"end":{"line":273,"column":5}},"type":"if","locations":[{"start":{"line":271,"column":4},"end":{"line":273,"column":5}}]},"21":{"loc":{"start":{"line":280,"column":4},"end":{"line":282,"column":5}},"type":"if","locations":[{"start":{"line":280,"column":4},"end":{"line":282,"column":5}}]},"22":{"loc":{"start":{"line":280,"column":8},"end":{"line":280,"column":34}},"type":"binary-expr","locations":[{"start":{"line":280,"column":8},"end":{"line":280,"column":16}},{"start":{"line":280,"column":20},"end":{"line":280,"column":34}}]},"23":{"loc":{"start":{"line":287,"column":4},"end":{"line":296,"column":5}},"type":"if","locations":[{"start":{"line":287,"column":4},"end":{"line":296,"column":5}}]},"24":{"loc":{"start":{"line":332,"column":4},"end":{"line":335,"column":5}},"type":"if","locations":[{"start":{"line":332,"column":4},"end":{"line":335,"column":5}}]},"25":{"loc":{"start":{"line":339,"column":4},"end":{"line":342,"column":5}},"type":"if","locations":[{"start":{"line":339,"column":4},"end":{"line":342,"column":5}}]},"26":{"loc":{"start":{"line":345,"column":4},"end":{"line":345,"column":55}},"type":"if","locations":[{"start":{"line":345,"column":4},"end":{"line":345,"column":55}}]},"27":{"loc":{"start":{"line":346,"column":4},"end":{"line":346,"column":40}},"type":"if","locations":[{"start":{"line":346,"column":4},"end":{"line":346,"column":40}}]},"28":{"loc":{"start":{"line":347,"column":4},"end":{"line":347,"column":62}},"type":"if","locations":[{"start":{"line":347,"column":4},"end":{"line":347,"column":62}}]},"29":{"loc":{"start":{"line":376,"column":4},"end":{"line":379,"column":5}},"type":"if","locations":[{"start":{"line":376,"column":4},"end":{"line":379,"column":5}}]},"30":{"loc":{"start":{"line":385,"column":37},"end":{"line":385,"column":59}},"type":"cond-expr","locations":[{"start":{"line":385,"column":54},"end":{"line":385,"column":56}},{"start":{"line":385,"column":54},"end":{"line":385,"column":59}}]},"31":{"loc":{"start":{"line":385,"column":37},"end":{"line":385,"column":56}},"type":"binary-expr","locations":[{"start":{"line":385,"column":37},"end":{"line":385,"column":56}},{"start":{"line":385,"column":54},"end":{"line":385,"column":56}}]},"32":{"loc":{"start":{"line":386,"column":4},"end":{"line":389,"column":5}},"type":"if","locations":[{"start":{"line":386,"column":4},"end":{"line":389,"column":5}}]},"33":{"loc":{"start":{"line":396,"column":20},"end":{"line":396,"column":67}},"type":"binary-expr","locations":[{"start":{"line":396,"column":20},"end":{"line":396,"column":40}},{"start":{"line":396,"column":44},"end":{"line":396,"column":67}}]},"34":{"loc":{"start":{"line":413,"column":4},"end":{"line":416,"column":5}},"type":"if","locations":[{"start":{"line":413,"column":4},"end":{"line":416,"column":5}}]},"35":{"loc":{"start":{"line":420,"column":4},"end":{"line":423,"column":5}},"type":"if","locations":[{"start":{"line":420,"column":4},"end":{"line":423,"column":5}}]},"36":{"loc":{"start":{"line":436,"column":48},"end":{"line":436,"column":70}},"type":"cond-expr","locations":[{"start":{"line":436,"column":65},"end":{"line":436,"column":67}},{"start":{"line":436,"column":65},"end":{"line":436,"column":70}}]},"37":{"loc":{"start":{"line":436,"column":48},"end":{"line":436,"column":67}},"type":"binary-expr","locations":[{"start":{"line":436,"column":48},"end":{"line":436,"column":67}},{"start":{"line":436,"column":65},"end":{"line":436,"column":67}}]}},"s":{"0":1,"1":1,"2":1,"3":1,"4":1,"5":1,"6":1,"7":1,"8":5,"9":1,"10":5,"11":1,"12":5,"13":5,"14":5,"15":5,"16":2,"17":2,"18":3,"19":0,"20":0,"21":3,"22":3,"23":1,"24":1,"25":2,"26":0,"27":0,"28":2,"29":2,"30":2,"31":0,"32":0,"33":2,"34":2,"35":2,"36":2,"37":2,"38":2,"39":2,"40":0,"41":0,"42":1,"43":1,"44":8,"45":8,"46":8,"47":8,"48":2,"49":2,"50":6,"51":5,"52":1,"53":1,"54":4,"55":0,"56":0,"57":4,"58":4,"59":1,"60":1,"61":3,"62":3,"63":3,"64":3,"65":3,"66":1,"67":1,"68":1,"69":1,"70":0,"71":0,"72":0,"73":0,"74":0,"75":0,"76":0,"77":0,"78":0,"79":0,"80":0,"81":0,"82":0,"83":0,"84":0,"85":0,"86":0,"87":0,"88":1,"89":1,"90":4,"91":4,"92":4,"93":4,"94":4,"95":4,"96":0,"97":0,"98":0,"99":0,"100":0,"101":0,"102":0,"103":1,"104":1,"105":0,"106":0,"107":0,"108":0,"109":0,"110":0,"111":0,"112":0,"113":0,"114":0,"115":0,"116":0,"117":0,"118":0,"119":0,"120":0,"121":0,"122":0,"123":0,"124":0,"125":1,"126":1,"127":0,"128":0,"129":0,"130":0,"131":0,"132":0,"133":0,"134":0,"135":0,"136":0,"137":0,"138":0,"139":0,"140":0,"141":0,"142":0,"143":0,"144":0,"145":0,"146":0,"147":1,"148":1,"149":0,"150":0,"151":0,"152":0,"153":0,"154":0,"155":0,"156":0,"157":0,"158":0,"159":0,"160":0,"161":0,"162":0,"163":0,"164":0,"165":0,"166":1,"167":1,"168":0,"169":0,"170":0,"171":0,"172":0,"173":0,"174":0,"175":0,"176":0,"177":0,"178":0,"179":0,"180":1,"181":1,"182":0,"183":0,"184":0,"185":0,"186":0,"187":1},"f":{"0":5,"1":5,"2":5,"3":5,"4":8,"5":8,"6":0,"7":0,"8":4,"9":4,"10":0,"11":0,"12":0,"13":0,"14":0,"15":0,"16":0,"17":0,"18":0,"19":0},"b":{"0":[5,0],"1":[5,0],"2":[5,0],"3":[5,0],"4":[2],"5":[5,3,3,3,3,3],"6":[0],"7":[1],"8":[0],"9":[0],"10":[2],"11":[8,7],"12":[1],"13":[0],"14":[1],"15":[0],"16":[0],"17":[0],"18":[4],"19":[0],"20":[0],"21":[0],"22":[0,0],"23":[0],"24":[0],"25":[0],"26":[0],"27":[0],"28":[0],"29":[0],"30":[0,0],"31":[0,0],"32":[0],"33":[0,0],"34":[0],"35":[0],"36":[0,0],"37":[0,0]}}
,"/home/st111/VisionGoalServer/Backend/src/controllers/baseController.ts": {"path":"/home/st111/VisionGoalServer/Backend/src/controllers/baseController.ts","statementMap":{"0":{"start":{"line":3,"column":0},"end":{"line":3,"column":51}},"1":{"start":{"line":9,"column":6},"end":{"line":9,"column":49}},"2":{"start":{"line":17,"column":2},"end":{"line":39,"column":4}},"3":{"start":{"line":17,"column":49},"end":{"line":39,"column":4}},"4":{"start":{"line":18,"column":4},"end":{"line":38,"column":5}},"5":{"start":{"line":20,"column":26},"end":{"line":20,"column":41}},"6":{"start":{"line":21,"column":19},"end":{"line":21,"column":21}},"7":{"start":{"line":23,"column":6},"end":{"line":29,"column":7}},"8":{"start":{"line":24,"column":8},"end":{"line":28,"column":9}},"9":{"start":{"line":25,"column":10},"end":{"line":25,"column":63}},"10":{"start":{"line":27,"column":10},"end":{"line":27,"column":50}},"11":{"start":{"line":32,"column":19},"end":{"line":32,"column":48}},"12":{"start":{"line":34,"column":6},"end":{"line":34,"column":33}},"13":{"start":{"line":36,"column":6},"end":{"line":36,"column":51}},"14":{"start":{"line":37,"column":6},"end":{"line":37,"column":89}},"15":{"start":{"line":41,"column":2},"end":{"line":49,"column":4}},"16":{"start":{"line":41,"column":53},"end":{"line":49,"column":4}},"17":{"start":{"line":42,"column":17},"end":{"line":42,"column":25}},"18":{"start":{"line":43,"column":4},"end":{"line":48,"column":5}},"19":{"start":{"line":44,"column":22},"end":{"line":44,"column":51}},"20":{"start":{"line":45,"column":6},"end":{"line":45,"column":36}},"21":{"start":{"line":47,"column":6},"end":{"line":47,"column":34}},"22":{"start":{"line":51,"column":2},"end":{"line":66,"column":4}},"23":{"start":{"line":51,"column":54},"end":{"line":66,"column":4}},"24":{"start":{"line":52,"column":19},"end":{"line":52,"column":32}},"25":{"start":{"line":53,"column":4},"end":{"line":65,"column":5}},"26":{"start":{"line":54,"column":19},"end":{"line":54,"column":70}},"27":{"start":{"line":56,"column":6},"end":{"line":61,"column":7}},"28":{"start":{"line":57,"column":8},"end":{"line":57,"column":38}},"29":{"start":{"line":59,"column":9},"end":{"line":59,"column":48}},"30":{"start":{"line":60,"column":9},"end":{"line":60,"column":15}},"31":{"start":{"line":62,"column":6},"end":{"line":62,"column":33}},"32":{"start":{"line":64,"column":6},"end":{"line":64,"column":34}},"33":{"start":{"line":68,"column":2},"end":{"line":85,"column":4}},"34":{"start":{"line":68,"column":53},"end":{"line":85,"column":4}},"35":{"start":{"line":69,"column":19},"end":{"line":69,"column":32}},"36":{"start":{"line":70,"column":4},"end":{"line":70,"column":null}},"37":{"start":{"line":71,"column":4},"end":{"line":84,"column":5}},"38":{"start":{"line":72,"column":19},"end":{"line":74,"column":8}},"39":{"start":{"line":76,"column":4},"end":{"line":79,"column":5}},"40":{"start":{"line":77,"column":6},"end":{"line":78,"column":26}},"41":{"start":{"line":80,"column":6},"end":{"line":80,"column":null}},"42":{"start":{"line":81,"column":6},"end":{"line":81,"column":33}},"43":{"start":{"line":83,"column":6},"end":{"line":83,"column":34}},"44":{"start":{"line":87,"column":2},"end":{"line":105,"column":4}},"45":{"start":{"line":87,"column":53},"end":{"line":105,"column":4}},"46":{"start":{"line":88,"column":19},"end":{"line":88,"column":32}},"47":{"start":{"line":89,"column":4},"end":{"line":104,"column":5}},"48":{"start":{"line":90,"column":19},"end":{"line":90,"column":61}},"49":{"start":{"line":92,"column":6},"end":{"line":95,"column":7}},"50":{"start":{"line":93,"column":9},"end":{"line":93,"column":61}},"51":{"start":{"line":94,"column":9},"end":{"line":94,"column":15}},"52":{"start":{"line":97,"column":6},"end":{"line":99,"column":7}},"53":{"start":{"line":98,"column":8},"end":{"line":98,"column":59}},"54":{"start":{"line":101,"column":6},"end":{"line":101,"column":33}},"55":{"start":{"line":103,"column":6},"end":{"line":103,"column":34}},"56":{"start":{"line":14,"column":4},"end":{"line":14,"column":23}},"57":{"start":{"line":108,"column":0},"end":{"line":108,"column":24}}},"fnMap":{"0":{"name":"(anonymous_8)","decl":{"start":{"line":8,"column":2},"end":{"line":8,"column":10}},"loc":{"start":{"line":8,"column":38},"end":{"line":10,"column":3}}},"1":{"name":"(anonymous_9)","decl":{"start":{"line":13,"column":2},"end":{"line":13,"column":14}},"loc":{"start":{"line":13,"column":29},"end":{"line":15,"column":3}}},"2":{"name":"(anonymous_10)","decl":{"start":{"line":17,"column":11},"end":{"line":17,"column":18}},"loc":{"start":{"line":17,"column":49},"end":{"line":39,"column":4}}},"3":{"name":"(anonymous_11)","decl":{"start":{"line":17,"column":49},"end":{"line":17,"column":null}},"loc":{"start":{"line":17,"column":49},"end":{"line":39,"column":3}}},"4":{"name":"(anonymous_12)","decl":{"start":{"line":41,"column":15},"end":{"line":41,"column":22}},"loc":{"start":{"line":41,"column":53},"end":{"line":49,"column":4}}},"5":{"name":"(anonymous_13)","decl":{"start":{"line":41,"column":53},"end":{"line":41,"column":null}},"loc":{"start":{"line":41,"column":53},"end":{"line":49,"column":3}}},"6":{"name":"(anonymous_14)","decl":{"start":{"line":51,"column":16},"end":{"line":51,"column":23}},"loc":{"start":{"line":51,"column":54},"end":{"line":66,"column":4}}},"7":{"name":"(anonymous_15)","decl":{"start":{"line":51,"column":54},"end":{"line":51,"column":null}},"loc":{"start":{"line":51,"column":54},"end":{"line":66,"column":3}}},"8":{"name":"(anonymous_16)","decl":{"start":{"line":68,"column":15},"end":{"line":68,"column":22}},"loc":{"start":{"line":68,"column":53},"end":{"line":85,"column":4}}},"9":{"name":"(anonymous_17)","decl":{"start":{"line":68,"column":53},"end":{"line":68,"column":null}},"loc":{"start":{"line":68,"column":53},"end":{"line":85,"column":3}}},"10":{"name":"(anonymous_18)","decl":{"start":{"line":87,"column":15},"end":{"line":87,"column":22}},"loc":{"start":{"line":87,"column":53},"end":{"line":105,"column":4}}},"11":{"name":"(anonymous_19)","decl":{"start":{"line":87,"column":53},"end":{"line":87,"column":null}},"loc":{"start":{"line":87,"column":53},"end":{"line":105,"column":3}}}},"branchMap":{"0":{"loc":{"start":{"line":23,"column":6},"end":{"line":29,"column":7}},"type":"if","locations":[{"start":{"line":23,"column":6},"end":{"line":29,"column":7}}]},"1":{"loc":{"start":{"line":24,"column":8},"end":{"line":28,"column":9}},"type":"if","locations":[{"start":{"line":24,"column":8},"end":{"line":28,"column":9}},{"start":{"line":26,"column":15},"end":{"line":28,"column":9}}]},"2":{"loc":{"start":{"line":56,"column":6},"end":{"line":61,"column":7}},"type":"if","locations":[{"start":{"line":56,"column":6},"end":{"line":61,"column":7}}]},"3":{"loc":{"start":{"line":76,"column":4},"end":{"line":79,"column":5}},"type":"if","locations":[{"start":{"line":76,"column":4},"end":{"line":79,"column":5}}]},"4":{"loc":{"start":{"line":76,"column":8},"end":{"line":76,"column":47}},"type":"binary-expr","locations":[{"start":{"line":76,"column":8},"end":{"line":76,"column":39}},{"start":{"line":76,"column":43},"end":{"line":76,"column":47}}]},"5":{"loc":{"start":{"line":92,"column":6},"end":{"line":95,"column":7}},"type":"if","locations":[{"start":{"line":92,"column":6},"end":{"line":95,"column":7}}]},"6":{"loc":{"start":{"line":97,"column":6},"end":{"line":99,"column":7}},"type":"if","locations":[{"start":{"line":97,"column":6},"end":{"line":99,"column":7}}]}},"s":{"0":1,"1":0,"2":2,"3":0,"4":0,"5":0,"6":0,"7":0,"8":0,"9":0,"10":0,"11":0,"12":0,"13":0,"14":0,"15":2,"16":0,"17":0,"18":0,"19":0,"20":0,"21":0,"22":2,"23":0,"24":0,"25":0,"26":0,"27":0,"28":0,"29":0,"30":0,"31":0,"32":0,"33":2,"34":0,"35":0,"36":0,"37":0,"38":0,"39":0,"40":0,"41":0,"42":0,"43":0,"44":2,"45":0,"46":0,"47":0,"48":0,"49":0,"50":0,"51":0,"52":0,"53":0,"54":0,"55":0,"56":2,"57":1},"f":{"0":0,"1":2,"2":0,"3":0,"4":0,"5":0,"6":0,"7":0,"8":0,"9":0,"10":0,"11":0},"b":{"0":[0],"1":[0,0],"2":[0],"3":[0],"4":[0,0],"5":[0],"6":[0]}}
,"/home/st111/VisionGoalServer/Backend/src/controllers/commentController.ts": {"path":"/home/st111/VisionGoalServer/Backend/src/controllers/commentController.ts","statementMap":{"0":{"start":{"line":1,"column":0},"end":{"line":1,"column":64}},"1":{"start":{"line":2,"column":0},"end":{"line":2,"column":47}},"2":{"start":{"line":4,"column":23},"end":{"line":4,"column":66}},"3":{"start":{"line":6,"column":35},"end":{"line":19,"column":2}},"4":{"start":{"line":6,"column":64},"end":{"line":19,"column":2}},"5":{"start":{"line":7,"column":17},"end":{"line":7,"column":34}},"6":{"start":{"line":8,"column":2},"end":{"line":18,"column":3}},"7":{"start":{"line":9,"column":21},"end":{"line":9,"column":74}},"8":{"start":{"line":10,"column":4},"end":{"line":10,"column":35}},"9":{"start":{"line":11,"column":4},"end":{"line":11,"column":11}},"10":{"start":{"line":13,"column":4},"end":{"line":17,"column":5}},"11":{"start":{"line":14,"column":6},"end":{"line":14,"column":55}},"12":{"start":{"line":16,"column":6},"end":{"line":16,"column":69}},"13":{"start":{"line":6,"column":13},"end":{"line":6,"column":35}},"14":{"start":{"line":21,"column":29},"end":{"line":35,"column":2}},"15":{"start":{"line":21,"column":58},"end":{"line":35,"column":2}},"16":{"start":{"line":22,"column":15},"end":{"line":22,"column":23}},"17":{"start":{"line":24,"column":2},"end":{"line":34,"column":3}},"18":{"start":{"line":25,"column":23},"end":{"line":25,"column":54}},"19":{"start":{"line":28,"column":29},"end":{"line":28,"column":63}},"20":{"start":{"line":30,"column":4},"end":{"line":30,"column":43}},"21":{"start":{"line":32,"column":4},"end":{"line":32,"column":52}},"22":{"start":{"line":33,"column":4},"end":{"line":33,"column":64}},"23":{"start":{"line":21,"column":13},"end":{"line":21,"column":29}},"24":{"start":{"line":37,"column":0},"end":{"line":37,"column":30}}},"fnMap":{"0":{"name":"(anonymous_8)","decl":{"start":{"line":6,"column":35},"end":{"line":6,"column":42}},"loc":{"start":{"line":6,"column":64},"end":{"line":19,"column":2}}},"1":{"name":"(anonymous_9)","decl":{"start":{"line":6,"column":64},"end":{"line":6,"column":null}},"loc":{"start":{"line":6,"column":64},"end":{"line":19,"column":1}}},"2":{"name":"(anonymous_10)","decl":{"start":{"line":21,"column":29},"end":{"line":21,"column":36}},"loc":{"start":{"line":21,"column":58},"end":{"line":35,"column":2}}},"3":{"name":"(anonymous_11)","decl":{"start":{"line":21,"column":58},"end":{"line":21,"column":null}},"loc":{"start":{"line":21,"column":58},"end":{"line":35,"column":1}}}},"branchMap":{"0":{"loc":{"start":{"line":13,"column":4},"end":{"line":17,"column":5}},"type":"if","locations":[{"start":{"line":13,"column":4},"end":{"line":17,"column":5}},{"start":{"line":15,"column":11},"end":{"line":17,"column":5}}]}},"s":{"0":1,"1":1,"2":1,"3":1,"4":0,"5":0,"6":0,"7":0,"8":0,"9":0,"10":0,"11":0,"12":0,"13":1,"14":1,"15":0,"16":0,"17":0,"18":0,"19":0,"20":0,"21":0,"22":0,"23":1,"24":1},"f":{"0":0,"1":0,"2":0,"3":0},"b":{"0":[0,0]}}
,"/home/st111/VisionGoalServer/Backend/src/controllers/postController.ts": {"path":"/home/st111/VisionGoalServer/Backend/src/controllers/postController.ts","statementMap":{"0":{"start":{"line":1,"column":0},"end":{"line":1,"column":55}},"1":{"start":{"line":3,"column":0},"end":{"line":3,"column":47}},"2":{"start":{"line":4,"column":0},"end":{"line":4,"column":28}},"3":{"start":{"line":5,"column":0},"end":{"line":5,"column":24}},"4":{"start":{"line":7,"column":18},"end":{"line":7,"column":61}},"5":{"start":{"line":9,"column":16},"end":{"line":16,"column":2}},"6":{"start":{"line":11,"column":4},"end":{"line":11,"column":24}},"7":{"start":{"line":14,"column":4},"end":{"line":14,"column":59}},"8":{"start":{"line":17,"column":15},"end":{"line":17,"column":34}},"9":{"start":{"line":19,"column":23},"end":{"line":19,"column":60}},"10":{"start":{"line":21,"column":24},"end":{"line":45,"column":2}},"11":{"start":{"line":21,"column":53},"end":{"line":45,"column":2}},"12":{"start":{"line":22,"column":17},"end":{"line":22,"column":27}},"13":{"start":{"line":24,"column":2},"end":{"line":44,"column":3}},"14":{"start":{"line":25,"column":17},"end":{"line":25,"column":45}},"15":{"start":{"line":27,"column":4},"end":{"line":29,"column":5}},"16":{"start":{"line":28,"column":6},"end":{"line":28,"column":65}},"17":{"start":{"line":30,"column":4},"end":{"line":34,"column":5}},"18":{"start":{"line":31,"column":6},"end":{"line":31,"column":null}},"19":{"start":{"line":33,"column":6},"end":{"line":33,"column":null}},"20":{"start":{"line":36,"column":4},"end":{"line":36,"column":22}},"21":{"start":{"line":38,"column":4},"end":{"line":38,"column":48}},"22":{"start":{"line":40,"column":4},"end":{"line":40,"column":51}},"23":{"start":{"line":41,"column":4},"end":{"line":43,"column":68}},"24":{"start":{"line":21,"column":13},"end":{"line":21,"column":24}},"25":{"start":{"line":47,"column":26},"end":{"line":70,"column":2}},"26":{"start":{"line":47,"column":55},"end":{"line":70,"column":2}},"27":{"start":{"line":48,"column":22},"end":{"line":48,"column":30}},"28":{"start":{"line":49,"column":16},"end":{"line":49,"column":28}},"29":{"start":{"line":50,"column":17},"end":{"line":50,"column":21}},"30":{"start":{"line":52,"column":2},"end":{"line":55,"column":3}},"31":{"start":{"line":53,"column":20},"end":{"line":53,"column":58}},"32":{"start":{"line":54,"column":4},"end":{"line":54,"column":57}},"33":{"start":{"line":57,"column":18},"end":{"line":61,"column":4}},"34":{"start":{"line":63,"column":2},"end":{"line":69,"column":3}},"35":{"start":{"line":64,"column":4},"end":{"line":64,"column":25}},"36":{"start":{"line":65,"column":4},"end":{"line":65,"column":34}},"37":{"start":{"line":67,"column":4},"end":{"line":67,"column":47}},"38":{"start":{"line":68,"column":4},"end":{"line":68,"column":70}},"39":{"start":{"line":47,"column":13},"end":{"line":47,"column":26}},"40":{"start":{"line":73,"column":32},"end":{"line":85,"column":2}},"41":{"start":{"line":73,"column":85},"end":{"line":85,"column":2}},"42":{"start":{"line":74,"column":2},"end":{"line":84,"column":3}},"43":{"start":{"line":75,"column":23},"end":{"line":75,"column":33}},"44":{"start":{"line":77,"column":18},"end":{"line":78,"column":30}},"45":{"start":{"line":80,"column":4},"end":{"line":80,"column":32}},"46":{"start":{"line":82,"column":4},"end":{"line":82,"column":60}},"47":{"start":{"line":83,"column":4},"end":{"line":83,"column":54}},"48":{"start":{"line":73,"column":13},"end":{"line":73,"column":32}},"49":{"start":{"line":87,"column":0},"end":{"line":87,"column":30}}},"fnMap":{"0":{"name":"(anonymous_8)","decl":{"start":{"line":10,"column":15},"end":{"line":10,"column":16}},"loc":{"start":{"line":10,"column":33},"end":{"line":12,"column":3}}},"1":{"name":"(anonymous_9)","decl":{"start":{"line":13,"column":12},"end":{"line":13,"column":13}},"loc":{"start":{"line":13,"column":30},"end":{"line":15,"column":3}}},"2":{"name":"(anonymous_10)","decl":{"start":{"line":21,"column":24},"end":{"line":21,"column":31}},"loc":{"start":{"line":21,"column":53},"end":{"line":45,"column":2}}},"3":{"name":"(anonymous_11)","decl":{"start":{"line":21,"column":53},"end":{"line":21,"column":null}},"loc":{"start":{"line":21,"column":53},"end":{"line":45,"column":1}}},"4":{"name":"(anonymous_12)","decl":{"start":{"line":47,"column":26},"end":{"line":47,"column":33}},"loc":{"start":{"line":47,"column":55},"end":{"line":70,"column":2}}},"5":{"name":"(anonymous_13)","decl":{"start":{"line":47,"column":55},"end":{"line":47,"column":null}},"loc":{"start":{"line":47,"column":55},"end":{"line":70,"column":1}}},"6":{"name":"(anonymous_14)","decl":{"start":{"line":73,"column":32},"end":{"line":73,"column":39}},"loc":{"start":{"line":73,"column":85},"end":{"line":85,"column":2}}},"7":{"name":"(anonymous_15)","decl":{"start":{"line":73,"column":85},"end":{"line":73,"column":null}},"loc":{"start":{"line":73,"column":85},"end":{"line":85,"column":1}}}},"branchMap":{"0":{"loc":{"start":{"line":27,"column":4},"end":{"line":29,"column":5}},"type":"if","locations":[{"start":{"line":27,"column":4},"end":{"line":29,"column":5}}]},"1":{"loc":{"start":{"line":30,"column":4},"end":{"line":34,"column":5}},"type":"if","locations":[{"start":{"line":30,"column":4},"end":{"line":34,"column":5}},{"start":{"line":32,"column":9},"end":{"line":34,"column":5}}]},"2":{"loc":{"start":{"line":49,"column":16},"end":{"line":49,"column":28}},"type":"cond-expr","locations":[{"start":{"line":49,"column":24},"end":{"line":49,"column":26}},{"start":{"line":49,"column":24},"end":{"line":49,"column":28}}]},"3":{"loc":{"start":{"line":49,"column":16},"end":{"line":49,"column":26}},"type":"binary-expr","locations":[{"start":{"line":49,"column":16},"end":{"line":49,"column":26}},{"start":{"line":49,"column":24},"end":{"line":49,"column":26}}]},"4":{"loc":{"start":{"line":52,"column":2},"end":{"line":55,"column":3}},"type":"if","locations":[{"start":{"line":52,"column":2},"end":{"line":55,"column":3}}]}},"s":{"0":1,"1":1,"2":1,"3":1,"4":1,"5":1,"6":0,"7":0,"8":1,"9":1,"10":1,"11":0,"12":0,"13":0,"14":0,"15":0,"16":0,"17":0,"18":0,"19":0,"20":0,"21":0,"22":0,"23":0,"24":1,"25":1,"26":0,"27":0,"28":0,"29":0,"30":0,"31":0,"32":0,"33":0,"34":0,"35":0,"36":0,"37":0,"38":0,"39":1,"40":1,"41":0,"42":0,"43":0,"44":0,"45":0,"46":0,"47":0,"48":1,"49":1},"f":{"0":0,"1":0,"2":0,"3":0,"4":0,"5":0,"6":0,"7":0},"b":{"0":[0],"1":[0,0],"2":[0,0],"3":[0,0],"4":[0]}}
,"/home/st111/VisionGoalServer/Backend/src/controllers/predictionController.ts": {"path":"/home/st111/VisionGoalServer/Backend/src/controllers/predictionController.ts","statementMap":{"0":{"start":{"line":1,"column":0},"end":{"line":1,"column":113}},"1":{"start":{"line":2,"column":0},"end":{"line":2,"column":56}},"2":{"start":{"line":3,"column":0},"end":{"line":3,"column":44}},"3":{"start":{"line":4,"column":0},"end":{"line":4,"column":29}},"4":{"start":{"line":6,"column":33},"end":{"line":14,"column":null}},"5":{"start":{"line":6,"column":62},"end":{"line":14,"column":null}},"6":{"start":{"line":7,"column":4},"end":{"line":13,"column":5}},"7":{"start":{"line":8,"column":28},"end":{"line":8,"column":56}},"8":{"start":{"line":9,"column":8},"end":{"line":9,"column":42}},"9":{"start":{"line":11,"column":8},"end":{"line":11,"column":59}},"10":{"start":{"line":12,"column":8},"end":{"line":12,"column":89}},"11":{"start":{"line":6,"column":13},"end":{"line":6,"column":33}},"12":{"start":{"line":17,"column":46},"end":{"line":67,"column":2}},"13":{"start":{"line":17,"column":57},"end":{"line":67,"column":2}},"14":{"start":{"line":18,"column":2},"end":{"line":66,"column":3}},"15":{"start":{"line":20,"column":21},"end":{"line":20,"column":49}},"16":{"start":{"line":22,"column":19},"end":{"line":22,"column":49}},"17":{"start":{"line":25,"column":4},"end":{"line":27,"column":5}},"18":{"start":{"line":26,"column":6},"end":{"line":26,"column":43}},"19":{"start":{"line":30,"column":28},"end":{"line":30,"column":60}},"20":{"start":{"line":33,"column":4},"end":{"line":34,"column":42}},"21":{"start":{"line":35,"column":24},"end":{"line":35,"column":53}},"22":{"start":{"line":39,"column":4},"end":{"line":41,"column":5}},"23":{"start":{"line":40,"column":6},"end":{"line":40,"column":48}},"24":{"start":{"line":45,"column":4},"end":{"line":63,"column":5}},"25":{"start":{"line":46,"column":8},"end":{"line":62,"column":14}},"26":{"start":{"line":47,"column":33},"end":{"line":54,"column":12}},"27":{"start":{"line":57,"column":10},"end":{"line":57,"column":null}},"28":{"start":{"line":61,"column":12},"end":{"line":61,"column":64}},"29":{"start":{"line":65,"column":4},"end":{"line":65,"column":58}},"30":{"start":{"line":17,"column":13},"end":{"line":17,"column":46}},"31":{"start":{"line":70,"column":38},"end":{"line":86,"column":null}},"32":{"start":{"line":70,"column":67},"end":{"line":86,"column":null}},"33":{"start":{"line":71,"column":52},"end":{"line":71,"column":60}},"34":{"start":{"line":72,"column":20},"end":{"line":78,"column":6}},"35":{"start":{"line":79,"column":4},"end":{"line":85,"column":5}},"36":{"start":{"line":80,"column":8},"end":{"line":80,"column":29}},"37":{"start":{"line":81,"column":8},"end":{"line":81,"column":38}},"38":{"start":{"line":83,"column":8},"end":{"line":83,"column":51}},"39":{"start":{"line":84,"column":8},"end":{"line":84,"column":85}},"40":{"start":{"line":70,"column":13},"end":{"line":70,"column":38}},"41":{"start":{"line":91,"column":0},"end":{"line":98,"column":3}},"42":{"start":{"line":91,"column":38},"end":{"line":98,"column":2}},"43":{"start":{"line":92,"column":2},"end":{"line":97,"column":3}},"44":{"start":{"line":93,"column":19},"end":{"line":93,"column":57}},"45":{"start":{"line":96,"column":4},"end":{"line":96,"column":53}},"46":{"start":{"line":101,"column":0},"end":{"line":101,"column":90}}},"fnMap":{"0":{"name":"(anonymous_8)","decl":{"start":{"line":6,"column":33},"end":{"line":6,"column":40}},"loc":{"start":{"line":6,"column":62},"end":{"line":14,"column":null}}},"1":{"name":"(anonymous_9)","decl":{"start":{"line":6,"column":62},"end":{"line":6,"column":null}},"loc":{"start":{"line":6,"column":62},"end":{"line":14,"column":1}}},"2":{"name":"(anonymous_10)","decl":{"start":{"line":17,"column":46},"end":{"line":17,"column":55}},"loc":{"start":{"line":17,"column":57},"end":{"line":67,"column":2}}},"3":{"name":"(anonymous_11)","decl":{"start":{"line":17,"column":57},"end":{"line":17,"column":null}},"loc":{"start":{"line":17,"column":57},"end":{"line":67,"column":1}}},"4":{"name":"(anonymous_12)","decl":{"start":{"line":70,"column":38},"end":{"line":70,"column":45}},"loc":{"start":{"line":70,"column":67},"end":{"line":86,"column":null}}},"5":{"name":"(anonymous_13)","decl":{"start":{"line":70,"column":67},"end":{"line":70,"column":null}},"loc":{"start":{"line":70,"column":67},"end":{"line":86,"column":1}}},"6":{"name":"(anonymous_14)","decl":{"start":{"line":91,"column":27},"end":{"line":91,"column":36}},"loc":{"start":{"line":91,"column":38},"end":{"line":98,"column":2}}},"7":{"name":"(anonymous_15)","decl":{"start":{"line":91,"column":38},"end":{"line":91,"column":null}},"loc":{"start":{"line":91,"column":38},"end":{"line":98,"column":1}}}},"branchMap":{"0":{"loc":{"start":{"line":25,"column":4},"end":{"line":27,"column":5}},"type":"if","locations":[{"start":{"line":25,"column":4},"end":{"line":27,"column":5}}]},"1":{"loc":{"start":{"line":39,"column":4},"end":{"line":41,"column":5}},"type":"if","locations":[{"start":{"line":39,"column":4},"end":{"line":41,"column":5}}]}},"s":{"0":1,"1":1,"2":1,"3":1,"4":1,"5":0,"6":0,"7":0,"8":0,"9":0,"10":0,"11":1,"12":1,"13":0,"14":0,"15":0,"16":0,"17":0,"18":0,"19":0,"20":0,"21":0,"22":0,"23":0,"24":0,"25":0,"26":0,"27":0,"28":0,"29":0,"30":1,"31":1,"32":0,"33":0,"34":0,"35":0,"36":0,"37":0,"38":0,"39":0,"40":1,"41":1,"42":0,"43":0,"44":0,"45":0,"46":1},"f":{"0":0,"1":0,"2":0,"3":0,"4":0,"5":0,"6":0,"7":0},"b":{"0":[0],"1":[0]}}
,"/home/st111/VisionGoalServer/Backend/src/middleware/authMiddleware.ts": {"path":"/home/st111/VisionGoalServer/Backend/src/middleware/authMiddleware.ts","statementMap":{"0":{"start":{"line":2,"column":0},"end":{"line":2,"column":31}},"1":{"start":{"line":3,"column":0},"end":{"line":3,"column":39}},"2":{"start":{"line":5,"column":23},"end":{"line":27,"column":2}},"3":{"start":{"line":5,"column":96},"end":{"line":27,"column":2}},"4":{"start":{"line":6,"column":2},"end":{"line":26,"column":3}},"5":{"start":{"line":7,"column":16},"end":{"line":7,"column":56}},"6":{"start":{"line":9,"column":4},"end":{"line":12,"column":5}},"7":{"start":{"line":10,"column":6},"end":{"line":10,"column":68}},"8":{"start":{"line":11,"column":6},"end":{"line":11,"column":13}},"9":{"start":{"line":13,"column":20},"end":{"line":13,"column":71}},"10":{"start":{"line":14,"column":17},"end":{"line":14,"column":88}},"11":{"start":{"line":15,"column":4},"end":{"line":15,"column":39}},"12":{"start":{"line":17,"column":4},"end":{"line":20,"column":5}},"13":{"start":{"line":18,"column":6},"end":{"line":18,"column":58}},"14":{"start":{"line":19,"column":6},"end":{"line":19,"column":13}},"15":{"start":{"line":22,"column":4},"end":{"line":22,"column":11}},"16":{"start":{"line":24,"column":4},"end":{"line":24,"column":52}},"17":{"start":{"line":25,"column":4},"end":{"line":25,"column":66}},"18":{"start":{"line":5,"column":13},"end":{"line":5,"column":23}}},"fnMap":{"0":{"name":"(anonymous_8)","decl":{"start":{"line":5,"column":23},"end":{"line":5,"column":30}},"loc":{"start":{"line":5,"column":96},"end":{"line":27,"column":2}}},"1":{"name":"(anonymous_9)","decl":{"start":{"line":5,"column":96},"end":{"line":5,"column":null}},"loc":{"start":{"line":5,"column":96},"end":{"line":27,"column":1}}}},"branchMap":{"0":{"loc":{"start":{"line":7,"column":16},"end":{"line":7,"column":56}},"type":"cond-expr","locations":[{"start":{"line":7,"column":41},"end":{"line":7,"column":43}},{"start":{"line":7,"column":41},"end":{"line":7,"column":56}}]},"1":{"loc":{"start":{"line":7,"column":16},"end":{"line":7,"column":43}},"type":"binary-expr","locations":[{"start":{"line":7,"column":16},"end":{"line":7,"column":43}},{"start":{"line":7,"column":41},"end":{"line":7,"column":43}}]},"2":{"loc":{"start":{"line":9,"column":4},"end":{"line":12,"column":5}},"type":"if","locations":[{"start":{"line":9,"column":4},"end":{"line":12,"column":5}}]},"3":{"loc":{"start":{"line":15,"column":15},"end":{"line":15,"column":38}},"type":"cond-expr","locations":[{"start":{"line":15,"column":22},"end":{"line":15,"column":26}},{"start":{"line":15,"column":29},"end":{"line":15,"column":38}}]},"4":{"loc":{"start":{"line":17,"column":4},"end":{"line":20,"column":5}},"type":"if","locations":[{"start":{"line":17,"column":4},"end":{"line":20,"column":5}}]}},"s":{"0":1,"1":1,"2":1,"3":0,"4":0,"5":0,"6":0,"7":0,"8":0,"9":0,"10":0,"11":0,"12":0,"13":0,"14":0,"15":0,"16":0,"17":0,"18":1},"f":{"0":0,"1":0},"b":{"0":[0,0],"1":[0,0],"2":[0],"3":[0,0],"4":[0]}}
,"/home/st111/VisionGoalServer/Backend/src/models/commentModel.ts": {"path":"/home/st111/VisionGoalServer/Backend/src/models/commentModel.ts","statementMap":{"0":{"start":{"line":1,"column":0},"end":{"line":1,"column":51}},"1":{"start":{"line":11,"column":30},"end":{"line":15,"column":2}},"2":{"start":{"line":18,"column":38},"end":{"line":20,"column":null}},"3":{"start":{"line":23,"column":0},"end":{"line":23,"column":28}}},"fnMap":{},"branchMap":{},"s":{"0":1,"1":1,"2":1,"3":1},"f":{},"b":{}}
,"/home/st111/VisionGoalServer/Backend/src/models/postModel.ts": {"path":"/home/st111/VisionGoalServer/Backend/src/models/postModel.ts","statementMap":{"0":{"start":{"line":1,"column":0},"end":{"line":1,"column":51}},"1":{"start":{"line":2,"column":0},"end":{"line":2,"column":42}},"2":{"start":{"line":14,"column":27},"end":{"line":20,"column":2}},"3":{"start":{"line":23,"column":0},"end":{"line":27,"column":3}},"4":{"start":{"line":24,"column":17},"end":{"line":24,"column":39}},"5":{"start":{"line":25,"column":2},"end":{"line":25,"column":44}},"6":{"start":{"line":26,"column":2},"end":{"line":26,"column":9}},"7":{"start":{"line":30,"column":32},"end":{"line":30,"column":73}},"8":{"start":{"line":32,"column":0},"end":{"line":32,"column":25}}},"fnMap":{"0":{"name":"(anonymous_17)","decl":{"start":{"line":23,"column":35},"end":{"line":23,"column":51}},"loc":{"start":{"line":23,"column":55},"end":{"line":27,"column":2}}}},"branchMap":{},"s":{"0":1,"1":1,"2":1,"3":1,"4":0,"5":0,"6":0,"7":1,"8":1},"f":{"0":0},"b":{}}
,"/home/st111/VisionGoalServer/Backend/src/models/predictionModel.ts": {"path":"/home/st111/VisionGoalServer/Backend/src/models/predictionModel.ts","statementMap":{"0":{"start":{"line":11,"column":0},"end":{"line":11,"column":51}},"1":{"start":{"line":13,"column":33},"end":{"line":20,"column":2}},"2":{"start":{"line":22,"column":44},"end":{"line":22,"column":104}},"3":{"start":{"line":25,"column":0},"end":{"line":25,"column":31}}},"fnMap":{},"branchMap":{},"s":{"0":1,"1":1,"2":1,"3":1},"f":{},"b":{}}
,"/home/st111/VisionGoalServer/Backend/src/models/userModel.ts": {"path":"/home/st111/VisionGoalServer/Backend/src/models/userModel.ts","statementMap":{"0":{"start":{"line":1,"column":0},"end":{"line":1,"column":68}},"1":{"start":{"line":17,"column":27},"end":{"line":32,"column":null}},"2":{"start":{"line":36,"column":32},"end":{"line":36,"column":73}},"3":{"start":{"line":38,"column":0},"end":{"line":38,"column":25}}},"fnMap":{},"branchMap":{},"s":{"0":1,"1":1,"2":1,"3":1},"f":{},"b":{}}
,"/home/st111/VisionGoalServer/Backend/src/routes/authRoutes.ts": {"path":"/home/st111/VisionGoalServer/Backend/src/routes/authRoutes.ts","statementMap":{"0":{"start":{"line":1,"column":0},"end":{"line":1,"column":30}},"1":{"start":{"line":3,"column":0},"end":{"line":3,"column":28}},"2":{"start":{"line":4,"column":0},"end":{"line":4,"column":55}},"3":{"start":{"line":5,"column":0},"end":{"line":5,"column":64}},"4":{"start":{"line":7,"column":15},"end":{"line":7,"column":31}},"5":{"start":{"line":107,"column":16},"end":{"line":114,"column":2}},"6":{"start":{"line":109,"column":4},"end":{"line":109,"column":25}},"7":{"start":{"line":112,"column":4},"end":{"line":112,"column":51}},"8":{"start":{"line":115,"column":15},"end":{"line":115,"column":34}},"9":{"start":{"line":135,"column":0},"end":{"line":135,"column":50}},"10":{"start":{"line":155,"column":0},"end":{"line":155,"column":44}},"11":{"start":{"line":176,"column":0},"end":{"line":176,"column":46}},"12":{"start":{"line":197,"column":0},"end":{"line":197,"column":53}},"13":{"start":{"line":217,"column":0},"end":{"line":217,"column":67}},"14":{"start":{"line":243,"column":0},"end":{"line":243,"column":77}},"15":{"start":{"line":269,"column":0},"end":{"line":274,"column":2}},"16":{"start":{"line":295,"column":0},"end":{"line":295,"column":56}},"17":{"start":{"line":309,"column":0},"end":{"line":309,"column":62}},"18":{"start":{"line":311,"column":0},"end":{"line":311,"column":16}}},"fnMap":{"0":{"name":"(anonymous_10)","decl":{"start":{"line":108,"column":15},"end":{"line":108,"column":25}},"loc":{"start":{"line":108,"column":38},"end":{"line":110,"column":3}}},"1":{"name":"(anonymous_11)","decl":{"start":{"line":111,"column":12},"end":{"line":111,"column":22}},"loc":{"start":{"line":111,"column":35},"end":{"line":113,"column":3}}}},"branchMap":{},"s":{"0":1,"1":1,"2":1,"3":1,"4":1,"5":1,"6":0,"7":0,"8":1,"9":1,"10":1,"11":1,"12":1,"13":1,"14":1,"15":1,"16":1,"17":1,"18":1},"f":{"0":0,"1":0},"b":{}}
,"/home/st111/VisionGoalServer/Backend/src/routes/commentRoutes.ts": {"path":"/home/st111/VisionGoalServer/Backend/src/routes/commentRoutes.ts","statementMap":{"0":{"start":{"line":1,"column":0},"end":{"line":1,"column":30}},"1":{"start":{"line":2,"column":0},"end":{"line":2,"column":55}},"2":{"start":{"line":3,"column":0},"end":{"line":3,"column":62}},"3":{"start":{"line":4,"column":0},"end":{"line":4,"column":86}},"4":{"start":{"line":6,"column":15},"end":{"line":6,"column":31}},"5":{"start":{"line":73,"column":0},"end":{"line":73,"column":44}},"6":{"start":{"line":99,"column":0},"end":{"line":99,"column":39}},"7":{"start":{"line":125,"column":0},"end":{"line":125,"column":55}},"8":{"start":{"line":145,"column":0},"end":{"line":145,"column":58}},"9":{"start":{"line":147,"column":0},"end":{"line":147,"column":22}}},"fnMap":{},"branchMap":{},"s":{"0":1,"1":1,"2":1,"3":1,"4":1,"5":1,"6":1,"7":1,"8":1,"9":1},"f":{},"b":{}}
,"/home/st111/VisionGoalServer/Backend/src/routes/postRoutes.ts": {"path":"/home/st111/VisionGoalServer/Backend/src/routes/postRoutes.ts","statementMap":{"0":{"start":{"line":1,"column":0},"end":{"line":1,"column":30}},"1":{"start":{"line":2,"column":0},"end":{"line":2,"column":55}},"2":{"start":{"line":3,"column":0},"end":{"line":3,"column":null}},"3":{"start":{"line":8,"column":0},"end":{"line":8,"column":28}},"4":{"start":{"line":9,"column":0},"end":{"line":9,"column":24}},"5":{"start":{"line":12,"column":18},"end":{"line":12,"column":61}},"6":{"start":{"line":13,"column":16},"end":{"line":21,"column":2}},"7":{"start":{"line":15,"column":4},"end":{"line":15,"column":60}},"8":{"start":{"line":16,"column":4},"end":{"line":16,"column":24}},"9":{"start":{"line":19,"column":4},"end":{"line":19,"column":59}},"10":{"start":{"line":22,"column":15},"end":{"line":22,"column":34}},"11":{"start":{"line":24,"column":15},"end":{"line":24,"column":31}},"12":{"start":{"line":90,"column":0},"end":{"line":90,"column":39}},"13":{"start":{"line":116,"column":0},"end":{"line":116,"column":62}},"14":{"start":{"line":140,"column":0},"end":{"line":140,"column":47}},"15":{"start":{"line":142,"column":0},"end":{"line":142,"column":20}},"16":{"start":{"line":172,"column":0},"end":{"line":172,"column":70}},"17":{"start":{"line":194,"column":0},"end":{"line":194,"column":58}},"18":{"start":{"line":216,"column":0},"end":{"line":216,"column":43}},"19":{"start":{"line":240,"column":0},"end":{"line":240,"column":46}},"20":{"start":{"line":242,"column":0},"end":{"line":242,"column":16}}},"fnMap":{"0":{"name":"(anonymous_10)","decl":{"start":{"line":14,"column":15},"end":{"line":14,"column":16}},"loc":{"start":{"line":14,"column":33},"end":{"line":17,"column":3}}},"1":{"name":"(anonymous_11)","decl":{"start":{"line":18,"column":12},"end":{"line":18,"column":13}},"loc":{"start":{"line":18,"column":30},"end":{"line":20,"column":3}}}},"branchMap":{},"s":{"0":1,"1":1,"2":1,"3":1,"4":1,"5":1,"6":1,"7":0,"8":0,"9":0,"10":1,"11":1,"12":1,"13":1,"14":1,"15":1,"16":1,"17":1,"18":1,"19":1,"20":1},"f":{"0":0,"1":0},"b":{}}
,"/home/st111/VisionGoalServer/Backend/src/routes/predictionRoutes.ts": {"path":"/home/st111/VisionGoalServer/Backend/src/routes/predictionRoutes.ts","statementMap":{"0":{"start":{"line":1,"column":0},"end":{"line":1,"column":30}},"1":{"start":{"line":2,"column":0},"end":{"line":2,"column":71}},"2":{"start":{"line":5,"column":15},"end":{"line":5,"column":31}},"3":{"start":{"line":71,"column":0},"end":{"line":71,"column":70}},"4":{"start":{"line":83,"column":0},"end":{"line":83,"column":66}},"5":{"start":{"line":101,"column":0},"end":{"line":101,"column":56}},"6":{"start":{"line":103,"column":0},"end":{"line":103,"column":16}}},"fnMap":{},"branchMap":{},"s":{"0":1,"1":1,"2":1,"3":1,"4":1,"5":1,"6":1},"f":{},"b":{}}
,"/home/st111/VisionGoalServer/Backend/src/routes/userRoutes.ts": {"path":"/home/st111/VisionGoalServer/Backend/src/routes/userRoutes.ts","statementMap":{"0":{"start":{"line":1,"column":0},"end":{"line":1,"column":30}},"1":{"start":{"line":2,"column":0},"end":{"line":2,"column":60}},"2":{"start":{"line":3,"column":0},"end":{"line":3,"column":55}},"3":{"start":{"line":5,"column":15},"end":{"line":5,"column":31}},"4":{"start":{"line":51,"column":0},"end":{"line":51,"column":38}},"5":{"start":{"line":53,"column":0},"end":{"line":53,"column":22}}},"fnMap":{},"branchMap":{},"s":{"0":1,"1":1,"2":1,"3":1,"4":1,"5":1},"f":{},"b":{}}
,"/home/st111/VisionGoalServer/Backend/src/services/predictionService.ts": {"path":"/home/st111/VisionGoalServer/Backend/src/services/predictionService.ts","statementMap":{"0":{"start":{"line":1,"column":0},"end":{"line":1,"column":28}},"1":{"start":{"line":2,"column":0},"end":{"line":2,"column":26}},"2":{"start":{"line":4,"column":0},"end":{"line":4,"column":56}},"3":{"start":{"line":7,"column":34},"end":{"line":42,"column":2}},"4":{"start":{"line":7,"column":76},"end":{"line":42,"column":2}},"5":{"start":{"line":8,"column":2},"end":{"line":41,"column":3}},"6":{"start":{"line":11,"column":19},"end":{"line":14,"column":6}},"7":{"start":{"line":17,"column":21},"end":{"line":23,"column":6}},"8":{"start":{"line":28,"column":4},"end":{"line":30,"column":5}},"9":{"start":{"line":29,"column":6},"end":{"line":29,"column":52}},"10":{"start":{"line":33,"column":27},"end":{"line":33,"column":66}},"11":{"start":{"line":34,"column":4},"end":{"line":36,"column":5}},"12":{"start":{"line":35,"column":6},"end":{"line":35,"column":59}},"13":{"start":{"line":37,"column":4},"end":{"line":37,"column":33}},"14":{"start":{"line":39,"column":4},"end":{"line":39,"column":57}},"15":{"start":{"line":40,"column":4},"end":{"line":40,"column":16}},"16":{"start":{"line":7,"column":13},"end":{"line":7,"column":34}},"17":{"start":{"line":44,"column":36},"end":{"line":54,"column":null}},"18":{"start":{"line":44,"column":47},"end":{"line":54,"column":null}},"19":{"start":{"line":45,"column":2},"end":{"line":53,"column":3}},"20":{"start":{"line":47,"column":4},"end":{"line":47,"column":39}},"21":{"start":{"line":49,"column":4},"end":{"line":49,"column":11}},"22":{"start":{"line":51,"column":4},"end":{"line":51,"column":56}},"23":{"start":{"line":52,"column":4},"end":{"line":52,"column":16}},"24":{"start":{"line":44,"column":13},"end":{"line":44,"column":36}},"25":{"start":{"line":74,"column":36},"end":{"line":107,"column":2}},"26":{"start":{"line":74,"column":65},"end":{"line":107,"column":2}},"27":{"start":{"line":75,"column":17},"end":{"line":75,"column":50}},"28":{"start":{"line":76,"column":17},"end":{"line":76,"column":59}},"29":{"start":{"line":78,"column":22},"end":{"line":78,"column":32}},"30":{"start":{"line":80,"column":19},"end":{"line":80,"column":40}},"31":{"start":{"line":81,"column":2},"end":{"line":81,"column":46}},"32":{"start":{"line":83,"column":19},"end":{"line":83,"column":58}},"33":{"start":{"line":84,"column":17},"end":{"line":84,"column":53}},"34":{"start":{"line":86,"column":2},"end":{"line":106,"column":3}},"35":{"start":{"line":88,"column":21},"end":{"line":96,"column":6}},"36":{"start":{"line":97,"column":4},"end":{"line":100,"column":7}},"37":{"start":{"line":98,"column":8},"end":{"line":98,"column":52}},"38":{"start":{"line":102,"column":4},"end":{"line":102,"column":33}},"39":{"start":{"line":104,"column":4},"end":{"line":104,"column":61}},"40":{"start":{"line":105,"column":4},"end":{"line":105,"column":14}},"41":{"start":{"line":74,"column":13},"end":{"line":74,"column":36}},"42":{"start":{"line":109,"column":38},"end":{"line":200,"column":null}},"43":{"start":{"line":109,"column":66},"end":{"line":200,"column":null}},"44":{"start":{"line":111,"column":18},"end":{"line":111,"column":46}},"45":{"start":{"line":114,"column":23},"end":{"line":116,"column":15}},"46":{"start":{"line":115,"column":20},"end":{"line":115,"column":89}},"47":{"start":{"line":118,"column":4},"end":{"line":157,"column":5}},"48":{"start":{"line":119,"column":21},"end":{"line":154,"column":109}},"49":{"start":{"line":156,"column":6},"end":{"line":156,"column":20}},"50":{"start":{"line":160,"column":19},"end":{"line":196,"column":107}},"51":{"start":{"line":199,"column":4},"end":{"line":199,"column":18}},"52":{"start":{"line":109,"column":13},"end":{"line":109,"column":38}}},"fnMap":{"0":{"name":"(anonymous_8)","decl":{"start":{"line":7,"column":34},"end":{"line":7,"column":41}},"loc":{"start":{"line":7,"column":76},"end":{"line":42,"column":2}}},"1":{"name":"(anonymous_9)","decl":{"start":{"line":7,"column":76},"end":{"line":7,"column":null}},"loc":{"start":{"line":7,"column":76},"end":{"line":42,"column":1}}},"2":{"name":"(anonymous_10)","decl":{"start":{"line":44,"column":36},"end":{"line":44,"column":45}},"loc":{"start":{"line":44,"column":47},"end":{"line":54,"column":null}}},"3":{"name":"(anonymous_11)","decl":{"start":{"line":44,"column":47},"end":{"line":44,"column":null}},"loc":{"start":{"line":44,"column":47},"end":{"line":54,"column":1}}},"4":{"name":"(anonymous_12)","decl":{"start":{"line":74,"column":36},"end":{"line":74,"column":63}},"loc":{"start":{"line":74,"column":65},"end":{"line":107,"column":2}}},"5":{"name":"(anonymous_13)","decl":{"start":{"line":74,"column":65},"end":{"line":74,"column":null}},"loc":{"start":{"line":74,"column":65},"end":{"line":107,"column":1}}},"6":{"name":"(anonymous_14)","decl":{"start":{"line":97,"column":30},"end":{"line":97,"column":31}},"loc":{"start":{"line":97,"column":40},"end":{"line":100,"column":5}}},"7":{"name":"(anonymous_15)","decl":{"start":{"line":109,"column":38},"end":{"line":109,"column":64}},"loc":{"start":{"line":109,"column":66},"end":{"line":200,"column":null}}},"8":{"name":"(anonymous_16)","decl":{"start":{"line":109,"column":66},"end":{"line":109,"column":null}},"loc":{"start":{"line":109,"column":66},"end":{"line":200,"column":1}}},"9":{"name":"(anonymous_17)","decl":{"start":{"line":115,"column":9},"end":{"line":115,"column":10}},"loc":{"start":{"line":115,"column":20},"end":{"line":115,"column":89}}}},"branchMap":{"0":{"loc":{"start":{"line":28,"column":4},"end":{"line":30,"column":5}},"type":"if","locations":[{"start":{"line":28,"column":4},"end":{"line":30,"column":5}}]},"1":{"loc":{"start":{"line":28,"column":8},"end":{"line":28,"column":57}},"type":"binary-expr","locations":[{"start":{"line":28,"column":8},"end":{"line":28,"column":25}},{"start":{"line":28,"column":29},"end":{"line":28,"column":57}}]},"2":{"loc":{"start":{"line":33,"column":27},"end":{"line":33,"column":66}},"type":"cond-expr","locations":[{"start":{"line":33,"column":57},"end":{"line":33,"column":59}},{"start":{"line":33,"column":57},"end":{"line":33,"column":66}}]},"3":{"loc":{"start":{"line":33,"column":27},"end":{"line":33,"column":59}},"type":"binary-expr","locations":[{"start":{"line":33,"column":27},"end":{"line":33,"column":59}},{"start":{"line":33,"column":57},"end":{"line":33,"column":59}}]},"4":{"loc":{"start":{"line":33,"column":27},"end":{"line":33,"column":57}},"type":"cond-expr","locations":[{"start":{"line":33,"column":48},"end":{"line":33,"column":50}},{"start":{"line":33,"column":48},"end":{"line":33,"column":57}}]},"5":{"loc":{"start":{"line":33,"column":27},"end":{"line":33,"column":50}},"type":"binary-expr","locations":[{"start":{"line":33,"column":27},"end":{"line":33,"column":50}},{"start":{"line":33,"column":48},"end":{"line":33,"column":50}}]},"6":{"loc":{"start":{"line":33,"column":27},"end":{"line":33,"column":48}},"type":"cond-expr","locations":[{"start":{"line":33,"column":43},"end":{"line":33,"column":46}},{"start":{"line":33,"column":43},"end":{"line":33,"column":48}}]},"7":{"loc":{"start":{"line":33,"column":27},"end":{"line":33,"column":46}},"type":"binary-expr","locations":[{"start":{"line":33,"column":27},"end":{"line":33,"column":46}},{"start":{"line":33,"column":43},"end":{"line":33,"column":46}}]},"8":{"loc":{"start":{"line":34,"column":4},"end":{"line":36,"column":5}},"type":"if","locations":[{"start":{"line":34,"column":4},"end":{"line":36,"column":5}}]},"9":{"loc":{"start":{"line":118,"column":4},"end":{"line":157,"column":5}},"type":"if","locations":[{"start":{"line":118,"column":4},"end":{"line":157,"column":5}}]}},"s":{"0":1,"1":1,"2":1,"3":1,"4":0,"5":0,"6":0,"7":0,"8":0,"9":0,"10":0,"11":0,"12":0,"13":0,"14":0,"15":0,"16":1,"17":1,"18":0,"19":0,"20":0,"21":0,"22":0,"23":0,"24":1,"25":1,"26":0,"27":0,"28":0,"29":0,"30":0,"31":0,"32":0,"33":0,"34":0,"35":0,"36":0,"37":0,"38":0,"39":0,"40":0,"41":1,"42":1,"43":0,"44":0,"45":0,"46":0,"47":0,"48":0,"49":0,"50":0,"51":0,"52":1},"f":{"0":0,"1":0,"2":0,"3":0,"4":0,"5":0,"6":0,"7":0,"8":0,"9":0},"b":{"0":[0],"1":[0,0],"2":[0,0],"3":[0,0],"4":[0,0],"5":[0,0],"6":[0,0],"7":[0,0],"8":[0],"9":[0]}}
}
