{"/home/st111/VisionGoalServer/Backend/src/app.ts": {"path":"/home/st111/VisionGoalServer/Backend/src/app.ts","statementMap":{"0":{"start":{"line":1,"column":0},"end":{"line":1,"column":43}},"1":{"start":{"line":2,"column":0},"end":{"line":2,"column":28}},"2":{"start":{"line":3,"column":0},"end":{"line":3,"column":24}},"3":{"start":{"line":4,"column":0},"end":{"line":4,"column":32}},"4":{"start":{"line":5,"column":0},"end":{"line":5,"column":28}},"5":{"start":{"line":6,"column":0},"end":{"line":6,"column":24}},"6":{"start":{"line":7,"column":0},"end":{"line":7,"column":20}},"7":{"start":{"line":8,"column":0},"end":{"line":8,"column":36}},"8":{"start":{"line":9,"column":0},"end":{"line":9,"column":41}},"9":{"start":{"line":10,"column":0},"end":{"line":10,"column":43}},"10":{"start":{"line":11,"column":0},"end":{"line":11,"column":29}},"11":{"start":{"line":14,"column":0},"end":{"line":14,"column":45}},"12":{"start":{"line":15,"column":0},"end":{"line":15,"column":57}},"13":{"start":{"line":16,"column":0},"end":{"line":16,"column":45}},"14":{"start":{"line":17,"column":0},"end":{"line":17,"column":51}},"15":{"start":{"line":18,"column":0},"end":{"line":18,"column":45}},"16":{"start":{"line":20,"column":0},"end":{"line":20,"column":16}},"17":{"start":{"line":21,"column":21},"end":{"line":21,"column":30}},"18":{"start":{"line":24,"column":18},"end":{"line":24,"column":55}},"19":{"start":{"line":25,"column":0},"end":{"line":27,"column":1}},"20":{"start":{"line":26,"column":2},"end":{"line":26,"column":47}},"21":{"start":{"line":30,"column":0},"end":{"line":30,"column":24}},"22":{"start":{"line":31,"column":0},"end":{"line":31,"column":48}},"23":{"start":{"line":35,"column":0},"end":{"line":45,"column":2}},"24":{"start":{"line":48,"column":0},"end":{"line":51,"column":58}},"25":{"start":{"line":49,"column":2},"end":{"line":49,"column":61}},"26":{"start":{"line":50,"column":2},"end":{"line":50,"column":9}},"27":{"start":{"line":52,"column":0},"end":{"line":52,"column":null}},"28":{"start":{"line":54,"column":16},"end":{"line":58,"column":2}},"29":{"start":{"line":55,"column":34},"end":{"line":55,"column":53}},"30":{"start":{"line":57,"column":4},"end":{"line":57,"column":58}},"31":{"start":{"line":59,"column":13},"end":{"line":59,"column":42}},"32":{"start":{"line":60,"column":16},"end":{"line":82,"column":2}},"33":{"start":{"line":84,"column":14},"end":{"line":84,"column":35}},"34":{"start":{"line":86,"column":0},"end":{"line":86,"column":62}},"35":{"start":{"line":89,"column":0},"end":{"line":89,"column":33}},"36":{"start":{"line":90,"column":0},"end":{"line":90,"column":45}},"37":{"start":{"line":91,"column":0},"end":{"line":91,"column":34}},"38":{"start":{"line":92,"column":0},"end":{"line":92,"column":40}},"39":{"start":{"line":93,"column":0},"end":{"line":93,"column":34}},"40":{"start":{"line":94,"column":20},"end":{"line":94,"column":69}},"41":{"start":{"line":96,"column":0},"end":{"line":96,"column":37}},"42":{"start":{"line":98,"column":0},"end":{"line":100,"column":3}},"43":{"start":{"line":99,"column":2},"end":{"line":99,"column":53}},"44":{"start":{"line":102,"column":15},"end":{"line":102,"column":37}},"45":{"start":{"line":104,"column":23},"end":{"line":119,"column":1}},"46":{"start":{"line":105,"column":2},"end":{"line":118,"column":5}},"47":{"start":{"line":106,"column":4},"end":{"line":117,"column":5}},"48":{"start":{"line":107,"column":6},"end":{"line":107,"column":56}},"49":{"start":{"line":109,"column":6},"end":{"line":116,"column":11}},"50":{"start":{"line":112,"column":10},"end":{"line":112,"column":32}},"51":{"start":{"line":115,"column":10},"end":{"line":115,"column":24}},"52":{"start":{"line":104,"column":13},"end":{"line":104,"column":23}},"53":{"start":{"line":122,"column":0},"end":{"line":122,"column":43}},"54":{"start":{"line":122,"column":38},"end":{"line":122,"column":41}}},"fnMap":{"0":{"name":"(anonymous_10)","decl":{"start":{"line":48,"column":20},"end":{"line":48,"column":21}},"loc":{"start":{"line":48,"column":39},"end":{"line":51,"column":1}}},"1":{"name":"(anonymous_11)","decl":{"start":{"line":55,"column":15},"end":{"line":55,"column":16}},"loc":{"start":{"line":55,"column":34},"end":{"line":55,"column":53}}},"2":{"name":"(anonymous_12)","decl":{"start":{"line":56,"column":12},"end":{"line":56,"column":13}},"loc":{"start":{"line":57,"column":4},"end":{"line":57,"column":58}}},"3":{"name":"(anonymous_13)","decl":{"start":{"line":98,"column":14},"end":{"line":98,"column":15}},"loc":{"start":{"line":98,"column":27},"end":{"line":100,"column":1}}},"4":{"name":"(anonymous_14)","decl":{"start":{"line":104,"column":23},"end":{"line":104,"column":26}},"loc":{"start":{"line":104,"column":28},"end":{"line":119,"column":1}}},"5":{"name":"(anonymous_15)","decl":{"start":{"line":105,"column":61},"end":{"line":105,"column":62}},"loc":{"start":{"line":105,"column":81},"end":{"line":118,"column":3}}},"6":{"name":"(anonymous_16)","decl":{"start":{"line":111,"column":14},"end":{"line":111,"column":17}},"loc":{"start":{"line":111,"column":19},"end":{"line":113,"column":9}}},"7":{"name":"(anonymous_17)","decl":{"start":{"line":114,"column":15},"end":{"line":114,"column":16}},"loc":{"start":{"line":114,"column":25},"end":{"line":116,"column":9}}},"8":{"name":"(anonymous_18)","decl":{"start":{"line":122,"column":32},"end":{"line":122,"column":35}},"loc":{"start":{"line":122,"column":38},"end":{"line":122,"column":41}}}},"branchMap":{"0":{"loc":{"start":{"line":25,"column":0},"end":{"line":27,"column":1}},"type":"if","locations":[{"start":{"line":25,"column":0},"end":{"line":27,"column":1}}]},"1":{"loc":{"start":{"line":106,"column":4},"end":{"line":117,"column":5}},"type":"if","locations":[{"start":{"line":106,"column":4},"end":{"line":117,"column":5}},{"start":{"line":108,"column":11},"end":{"line":117,"column":5}}]}},"s":{"0":1,"1":1,"2":1,"3":1,"4":1,"5":1,"6":1,"7":1,"8":1,"9":1,"10":1,"11":1,"12":1,"13":1,"14":1,"15":1,"16":1,"17":1,"18":1,"19":1,"20":0,"21":1,"22":1,"23":1,"24":1,"25":0,"26":0,"27":1,"28":1,"29":0,"30":0,"31":1,"32":1,"33":1,"34":1,"35":1,"36":1,"37":1,"38":1,"39":1,"40":1,"41":1,"42":1,"43":3,"44":1,"45":1,"46":1,"47":1,"48":0,"49":1,"50":1,"51":0,"52":1,"53":1,"54":1},"f":{"0":0,"1":0,"2":0,"3":3,"4":1,"5":1,"6":1,"7":0,"8":1},"b":{"0":[0],"1":[0,1]}}
,"/home/st111/VisionGoalServer/Backend/src/config/db.ts": {"path":"/home/st111/VisionGoalServer/Backend/src/config/db.ts","statementMap":{"0":{"start":{"line":1,"column":0},"end":{"line":1,"column":32}},"1":{"start":{"line":2,"column":0},"end":{"line":2,"column":28}},"2":{"start":{"line":4,"column":0},"end":{"line":4,"column":16}},"3":{"start":{"line":6,"column":25},"end":{"line":27,"column":2}},"4":{"start":{"line":6,"column":36},"end":{"line":27,"column":2}},"5":{"start":{"line":7,"column":2},"end":{"line":7,"column":36}},"6":{"start":{"line":8,"column":2},"end":{"line":26,"column":3}},"7":{"start":{"line":10,"column":6},"end":{"line":12,"column":31}},"8":{"start":{"line":14,"column":4},"end":{"line":14,"column":51}},"9":{"start":{"line":16,"column":4},"end":{"line":20,"column":6}},"10":{"start":{"line":22,"column":4},"end":{"line":22,"column":57}},"11":{"start":{"line":23,"column":4},"end":{"line":25,"column":5}},"12":{"start":{"line":24,"column":6},"end":{"line":24,"column":22}},"13":{"start":{"line":6,"column":13},"end":{"line":6,"column":25}},"14":{"start":{"line":29,"column":0},"end":{"line":29,"column":25}}},"fnMap":{"0":{"name":"(anonymous_8)","decl":{"start":{"line":6,"column":25},"end":{"line":6,"column":34}},"loc":{"start":{"line":6,"column":36},"end":{"line":27,"column":2}}},"1":{"name":"(anonymous_9)","decl":{"start":{"line":6,"column":36},"end":{"line":6,"column":null}},"loc":{"start":{"line":6,"column":36},"end":{"line":27,"column":1}}}},"branchMap":{"0":{"loc":{"start":{"line":10,"column":6},"end":{"line":12,"column":31}},"type":"cond-expr","locations":[{"start":{"line":11,"column":10},"end":{"line":11,"column":36}},{"start":{"line":12,"column":10},"end":{"line":12,"column":31}}]},"1":{"loc":{"start":{"line":18,"column":8},"end":{"line":18,"column":null}},"type":"cond-expr","locations":[{"start":{"line":18,"column":42},"end":{"line":18,"column":51}},{"start":{"line":18,"column":54},"end":{"line":18,"column":null}}]},"2":{"loc":{"start":{"line":23,"column":4},"end":{"line":25,"column":5}},"type":"if","locations":[{"start":{"line":23,"column":4},"end":{"line":25,"column":5}}]}},"s":{"0":1,"1":1,"2":1,"3":1,"4":1,"5":1,"6":1,"7":1,"8":1,"9":1,"10":0,"11":0,"12":0,"13":1,"14":1},"f":{"0":1,"1":1},"b":{"0":[1,0],"1":[1,0],"2":[0]}}
,"/home/st111/VisionGoalServer/Backend/src/controllers/authController.ts": {"path":"/home/st111/VisionGoalServer/Backend/src/controllers/authController.ts","statementMap":{"0":{"start":{"line":2,"column":0},"end":{"line":2,"column":47}},"1":{"start":{"line":4,"column":0},"end":{"line":4,"column":30}},"2":{"start":{"line":5,"column":0},"end":{"line":5,"column":39}},"3":{"start":{"line":6,"column":0},"end":{"line":6,"column":51}},"4":{"start":{"line":7,"column":0},"end":{"line":7,"column":25}},"5":{"start":{"line":8,"column":0},"end":{"line":8,"column":13}},"6":{"start":{"line":9,"column":15},"end":{"line":9,"column":61}},"7":{"start":{"line":14,"column":28},"end":{"line":20,"column":1}},"8":{"start":{"line":15,"column":2},"end":{"line":19,"column":4}},"9":{"start":{"line":25,"column":29},"end":{"line":34,"column":1}},"10":{"start":{"line":26,"column":2},"end":{"line":33,"column":4}},"11":{"start":{"line":39,"column":24},"end":{"line":129,"column":2}},"12":{"start":{"line":39,"column":77},"end":{"line":129,"column":2}},"13":{"start":{"line":40,"column":2},"end":{"line":128,"column":3}},"14":{"start":{"line":48,"column":8},"end":{"line":48,"column":16}},"15":{"start":{"line":51,"column":4},"end":{"line":62,"column":5}},"16":{"start":{"line":60,"column":6},"end":{"line":60,"column":67}},"17":{"start":{"line":61,"column":6},"end":{"line":61,"column":13}},"18":{"start":{"line":71,"column":25},"end":{"line":71,"column":54}},"19":{"start":{"line":72,"column":4},"end":{"line":75,"column":5}},"20":{"start":{"line":73,"column":6},"end":{"line":73,"column":63}},"21":{"start":{"line":74,"column":6},"end":{"line":74,"column":13}},"22":{"start":{"line":77,"column":4},"end":{"line":82,"column":5}},"23":{"start":{"line":78,"column":6},"end":{"line":80,"column":69}},"24":{"start":{"line":81,"column":6},"end":{"line":81,"column":13}},"25":{"start":{"line":93,"column":27},"end":{"line":93,"column":58}},"26":{"start":{"line":96,"column":20},"end":{"line":102,"column":6}},"27":{"start":{"line":105,"column":24},"end":{"line":105,"column":67}},"28":{"start":{"line":106,"column":25},"end":{"line":106,"column":69}},"29":{"start":{"line":109,"column":4},"end":{"line":109,"column":42}},"30":{"start":{"line":110,"column":4},"end":{"line":110,"column":25}},"31":{"start":{"line":113,"column":4},"end":{"line":124,"column":7}},"32":{"start":{"line":126,"column":4},"end":{"line":126,"column":49}},"33":{"start":{"line":127,"column":4},"end":{"line":127,"column":54}},"34":{"start":{"line":39,"column":13},"end":{"line":39,"column":24}},"35":{"start":{"line":134,"column":21},"end":{"line":189,"column":2}},"36":{"start":{"line":134,"column":74},"end":{"line":189,"column":2}},"37":{"start":{"line":135,"column":2},"end":{"line":188,"column":3}},"38":{"start":{"line":136,"column":32},"end":{"line":136,"column":40}},"39":{"start":{"line":139,"column":4},"end":{"line":142,"column":5}},"40":{"start":{"line":140,"column":6},"end":{"line":140,"column":75}},"41":{"start":{"line":141,"column":6},"end":{"line":141,"column":13}},"42":{"start":{"line":145,"column":17},"end":{"line":145,"column":46}},"43":{"start":{"line":146,"column":4},"end":{"line":149,"column":5}},"44":{"start":{"line":147,"column":6},"end":{"line":147,"column":67}},"45":{"start":{"line":148,"column":6},"end":{"line":148,"column":13}},"46":{"start":{"line":152,"column":4},"end":{"line":155,"column":5}},"47":{"start":{"line":153,"column":6},"end":{"line":153,"column":67}},"48":{"start":{"line":154,"column":6},"end":{"line":154,"column":13}},"49":{"start":{"line":157,"column":28},"end":{"line":157,"column":73}},"50":{"start":{"line":158,"column":4},"end":{"line":161,"column":5}},"51":{"start":{"line":159,"column":6},"end":{"line":159,"column":67}},"52":{"start":{"line":160,"column":6},"end":{"line":160,"column":13}},"53":{"start":{"line":164,"column":24},"end":{"line":164,"column":64}},"54":{"start":{"line":165,"column":25},"end":{"line":165,"column":66}},"55":{"start":{"line":168,"column":4},"end":{"line":168,"column":39}},"56":{"start":{"line":169,"column":4},"end":{"line":169,"column":22}},"57":{"start":{"line":172,"column":4},"end":{"line":184,"column":7}},"58":{"start":{"line":186,"column":4},"end":{"line":186,"column":46}},"59":{"start":{"line":187,"column":4},"end":{"line":187,"column":54}},"60":{"start":{"line":134,"column":13},"end":{"line":134,"column":21}},"61":{"start":{"line":194,"column":28},"end":{"line":239,"column":2}},"62":{"start":{"line":198,"column":19},"end":{"line":239,"column":2}},"63":{"start":{"line":199,"column":2},"end":{"line":238,"column":3}},"64":{"start":{"line":200,"column":22},"end":{"line":200,"column":30}},"65":{"start":{"line":202,"column":4},"end":{"line":205,"column":5}},"66":{"start":{"line":203,"column":6},"end":{"line":203,"column":68}},"67":{"start":{"line":204,"column":6},"end":{"line":204,"column":13}},"68":{"start":{"line":208,"column":20},"end":{"line":210,"column":null}},"69":{"start":{"line":213,"column":4},"end":{"line":216,"column":5}},"70":{"start":{"line":214,"column":6},"end":{"line":214,"column":68}},"71":{"start":{"line":215,"column":6},"end":{"line":215,"column":13}},"72":{"start":{"line":219,"column":17},"end":{"line":219,"column":48}},"73":{"start":{"line":220,"column":4},"end":{"line":223,"column":5}},"74":{"start":{"line":221,"column":6},"end":{"line":221,"column":58}},"75":{"start":{"line":222,"column":6},"end":{"line":222,"column":13}},"76":{"start":{"line":226,"column":27},"end":{"line":231,"column":null}},"77":{"start":{"line":234,"column":4},"end":{"line":234,"column":58}},"78":{"start":{"line":236,"column":4},"end":{"line":236,"column":54}},"79":{"start":{"line":237,"column":4},"end":{"line":237,"column":16}},"80":{"start":{"line":194,"column":13},"end":{"line":194,"column":28}},"81":{"start":{"line":244,"column":22},"end":{"line":267,"column":2}},"82":{"start":{"line":244,"column":75},"end":{"line":267,"column":2}},"83":{"start":{"line":245,"column":2},"end":{"line":266,"column":3}},"84":{"start":{"line":246,"column":22},"end":{"line":246,"column":30}},"85":{"start":{"line":247,"column":4},"end":{"line":250,"column":5}},"86":{"start":{"line":248,"column":6},"end":{"line":248,"column":66}},"87":{"start":{"line":249,"column":6},"end":{"line":249,"column":13}},"88":{"start":{"line":253,"column":17},"end":{"line":255,"column":null}},"89":{"start":{"line":257,"column":4},"end":{"line":260,"column":5}},"90":{"start":{"line":258,"column":6},"end":{"line":258,"column":58}},"91":{"start":{"line":259,"column":6},"end":{"line":259,"column":13}},"92":{"start":{"line":262,"column":4},"end":{"line":262,"column":53}},"93":{"start":{"line":264,"column":4},"end":{"line":264,"column":47}},"94":{"start":{"line":265,"column":4},"end":{"line":265,"column":54}},"95":{"start":{"line":244,"column":13},"end":{"line":244,"column":22}},"96":{"start":{"line":269,"column":28},"end":{"line":320,"column":2}},"97":{"start":{"line":269,"column":79},"end":{"line":320,"column":2}},"98":{"start":{"line":270,"column":2},"end":{"line":319,"column":3}},"99":{"start":{"line":271,"column":27},"end":{"line":271,"column":35}},"100":{"start":{"line":272,"column":4},"end":{"line":274,"column":5}},"101":{"start":{"line":273,"column":6},"end":{"line":273,"column":74}},"102":{"start":{"line":276,"column":19},"end":{"line":279,"column":6}},"103":{"start":{"line":280,"column":20},"end":{"line":280,"column":39}},"104":{"start":{"line":281,"column":4},"end":{"line":283,"column":5}},"105":{"start":{"line":282,"column":6},"end":{"line":282,"column":69}},"106":{"start":{"line":284,"column":37},"end":{"line":284,"column":44}},"107":{"start":{"line":286,"column":15},"end":{"line":286,"column":44}},"108":{"start":{"line":288,"column":4},"end":{"line":297,"column":5}},"109":{"start":{"line":290,"column":6},"end":{"line":295,"column":9}},"110":{"start":{"line":299,"column":24},"end":{"line":299,"column":64}},"111":{"start":{"line":300,"column":25},"end":{"line":300,"column":66}},"112":{"start":{"line":301,"column":4},"end":{"line":301,"column":39}},"113":{"start":{"line":302,"column":4},"end":{"line":302,"column":22}},"114":{"start":{"line":305,"column":4},"end":{"line":314,"column":7}},"115":{"start":{"line":317,"column":4},"end":{"line":317,"column":50}},"116":{"start":{"line":318,"column":4},"end":{"line":318,"column":68}},"117":{"start":{"line":269,"column":13},"end":{"line":269,"column":28}},"118":{"start":{"line":326,"column":29},"end":{"line":370,"column":2}},"119":{"start":{"line":329,"column":19},"end":{"line":370,"column":2}},"120":{"start":{"line":330,"column":2},"end":{"line":369,"column":3}},"121":{"start":{"line":331,"column":51},"end":{"line":331,"column":59}},"122":{"start":{"line":333,"column":4},"end":{"line":336,"column":5}},"123":{"start":{"line":334,"column":6},"end":{"line":334,"column":56}},"124":{"start":{"line":335,"column":6},"end":{"line":335,"column":13}},"125":{"start":{"line":338,"column":17},"end":{"line":338,"column":59}},"126":{"start":{"line":340,"column":4},"end":{"line":343,"column":5}},"127":{"start":{"line":341,"column":6},"end":{"line":341,"column":58}},"128":{"start":{"line":342,"column":6},"end":{"line":342,"column":13}},"129":{"start":{"line":346,"column":4},"end":{"line":346,"column":55}},"130":{"start":{"line":346,"column":22},"end":{"line":346,"column":55}},"131":{"start":{"line":347,"column":4},"end":{"line":347,"column":40}},"132":{"start":{"line":347,"column":17},"end":{"line":347,"column":40}},"133":{"start":{"line":348,"column":4},"end":{"line":348,"column":62}},"134":{"start":{"line":348,"column":21},"end":{"line":348,"column":62}},"135":{"start":{"line":353,"column":4},"end":{"line":353,"column":22}},"136":{"start":{"line":355,"column":4},"end":{"line":365,"column":7}},"137":{"start":{"line":367,"column":4},"end":{"line":367,"column":54}},"138":{"start":{"line":368,"column":4},"end":{"line":368,"column":54}},"139":{"start":{"line":326,"column":13},"end":{"line":326,"column":29}},"140":{"start":{"line":372,"column":34},"end":{"line":408,"column":2}},"141":{"start":{"line":375,"column":19},"end":{"line":408,"column":2}},"142":{"start":{"line":376,"column":2},"end":{"line":407,"column":3}},"143":{"start":{"line":377,"column":4},"end":{"line":380,"column":5}},"144":{"start":{"line":378,"column":6},"end":{"line":378,"column":60}},"145":{"start":{"line":379,"column":6},"end":{"line":379,"column":13}},"146":{"start":{"line":383,"column":21},"end":{"line":383,"column":52}},"147":{"start":{"line":386,"column":17},"end":{"line":386,"column":60}},"148":{"start":{"line":387,"column":4},"end":{"line":390,"column":5}},"149":{"start":{"line":388,"column":6},"end":{"line":388,"column":58}},"150":{"start":{"line":389,"column":6},"end":{"line":389,"column":13}},"151":{"start":{"line":393,"column":4},"end":{"line":393,"column":33}},"152":{"start":{"line":394,"column":4},"end":{"line":394,"column":22}},"153":{"start":{"line":397,"column":20},"end":{"line":397,"column":67}},"154":{"start":{"line":398,"column":20},"end":{"line":398,"column":43}},"155":{"start":{"line":400,"column":4},"end":{"line":403,"column":7}},"156":{"start":{"line":405,"column":4},"end":{"line":405,"column":61}},"157":{"start":{"line":406,"column":4},"end":{"line":406,"column":54}},"158":{"start":{"line":372,"column":13},"end":{"line":372,"column":34}},"159":{"start":{"line":409,"column":26},"end":{"line":430,"column":2}},"160":{"start":{"line":412,"column":19},"end":{"line":430,"column":2}},"161":{"start":{"line":413,"column":2},"end":{"line":429,"column":3}},"162":{"start":{"line":414,"column":4},"end":{"line":417,"column":5}},"163":{"start":{"line":415,"column":6},"end":{"line":415,"column":56}},"164":{"start":{"line":416,"column":6},"end":{"line":416,"column":13}},"165":{"start":{"line":418,"column":17},"end":{"line":419,"column":null}},"166":{"start":{"line":421,"column":4},"end":{"line":424,"column":5}},"167":{"start":{"line":422,"column":6},"end":{"line":422,"column":58}},"168":{"start":{"line":423,"column":6},"end":{"line":423,"column":13}},"169":{"start":{"line":425,"column":4},"end":{"line":425,"column":31}},"170":{"start":{"line":427,"column":4},"end":{"line":427,"column":54}},"171":{"start":{"line":428,"column":4},"end":{"line":428,"column":54}},"172":{"start":{"line":409,"column":13},"end":{"line":409,"column":26}},"173":{"start":{"line":432,"column":27},"end":{"line":445,"column":2}},"174":{"start":{"line":435,"column":19},"end":{"line":445,"column":2}},"175":{"start":{"line":436,"column":2},"end":{"line":444,"column":3}},"176":{"start":{"line":437,"column":18},"end":{"line":438,"column":null}},"177":{"start":{"line":441,"column":4},"end":{"line":441,"column":32}},"178":{"start":{"line":443,"column":4},"end":{"line":443,"column":63}},"179":{"start":{"line":432,"column":13},"end":{"line":432,"column":27}}},"fnMap":{"0":{"name":"(anonymous_8)","decl":{"start":{"line":14,"column":28},"end":{"line":14,"column":29}},"loc":{"start":{"line":14,"column":55},"end":{"line":20,"column":1}}},"1":{"name":"(anonymous_9)","decl":{"start":{"line":25,"column":29},"end":{"line":25,"column":30}},"loc":{"start":{"line":25,"column":56},"end":{"line":34,"column":1}}},"2":{"name":"(anonymous_10)","decl":{"start":{"line":39,"column":24},"end":{"line":39,"column":31}},"loc":{"start":{"line":39,"column":77},"end":{"line":129,"column":2}}},"3":{"name":"(anonymous_11)","decl":{"start":{"line":39,"column":77},"end":{"line":39,"column":null}},"loc":{"start":{"line":39,"column":77},"end":{"line":129,"column":1}}},"4":{"name":"(anonymous_12)","decl":{"start":{"line":134,"column":21},"end":{"line":134,"column":28}},"loc":{"start":{"line":134,"column":74},"end":{"line":189,"column":2}}},"5":{"name":"(anonymous_13)","decl":{"start":{"line":134,"column":74},"end":{"line":134,"column":null}},"loc":{"start":{"line":134,"column":74},"end":{"line":189,"column":1}}},"6":{"name":"(anonymous_14)","decl":{"start":{"line":194,"column":28},"end":{"line":194,"column":null}},"loc":{"start":{"line":198,"column":19},"end":{"line":239,"column":2}}},"7":{"name":"(anonymous_15)","decl":{"start":{"line":198,"column":19},"end":{"line":198,"column":null}},"loc":{"start":{"line":198,"column":19},"end":{"line":239,"column":1}}},"8":{"name":"(anonymous_16)","decl":{"start":{"line":244,"column":22},"end":{"line":244,"column":29}},"loc":{"start":{"line":244,"column":75},"end":{"line":267,"column":2}}},"9":{"name":"(anonymous_17)","decl":{"start":{"line":244,"column":75},"end":{"line":244,"column":null}},"loc":{"start":{"line":244,"column":75},"end":{"line":267,"column":1}}},"10":{"name":"(anonymous_18)","decl":{"start":{"line":269,"column":28},"end":{"line":269,"column":35}},"loc":{"start":{"line":269,"column":79},"end":{"line":320,"column":2}}},"11":{"name":"(anonymous_19)","decl":{"start":{"line":269,"column":79},"end":{"line":269,"column":null}},"loc":{"start":{"line":269,"column":79},"end":{"line":320,"column":1}}},"12":{"name":"(anonymous_20)","decl":{"start":{"line":326,"column":29},"end":{"line":326,"column":null}},"loc":{"start":{"line":329,"column":19},"end":{"line":370,"column":2}}},"13":{"name":"(anonymous_21)","decl":{"start":{"line":329,"column":19},"end":{"line":329,"column":null}},"loc":{"start":{"line":329,"column":19},"end":{"line":370,"column":1}}},"14":{"name":"(anonymous_22)","decl":{"start":{"line":372,"column":34},"end":{"line":372,"column":null}},"loc":{"start":{"line":375,"column":19},"end":{"line":408,"column":2}}},"15":{"name":"(anonymous_23)","decl":{"start":{"line":375,"column":19},"end":{"line":375,"column":null}},"loc":{"start":{"line":375,"column":19},"end":{"line":408,"column":1}}},"16":{"name":"(anonymous_24)","decl":{"start":{"line":409,"column":26},"end":{"line":409,"column":null}},"loc":{"start":{"line":412,"column":19},"end":{"line":430,"column":2}}},"17":{"name":"(anonymous_25)","decl":{"start":{"line":412,"column":19},"end":{"line":412,"column":null}},"loc":{"start":{"line":412,"column":19},"end":{"line":430,"column":1}}},"18":{"name":"(anonymous_26)","decl":{"start":{"line":432,"column":27},"end":{"line":432,"column":null}},"loc":{"start":{"line":435,"column":19},"end":{"line":445,"column":2}}},"19":{"name":"(anonymous_27)","decl":{"start":{"line":435,"column":19},"end":{"line":435,"column":null}},"loc":{"start":{"line":435,"column":19},"end":{"line":445,"column":1}}}},"branchMap":{"0":{"loc":{"start":{"line":17,"column":5},"end":{"line":17,"column":62}},"type":"binary-expr","locations":[{"start":{"line":17,"column":5},"end":{"line":17,"column":42}},{"start":{"line":17,"column":46},"end":{"line":17,"column":62}}]},"1":{"loc":{"start":{"line":18,"column":17},"end":{"line":18,"column":51}},"type":"binary-expr","locations":[{"start":{"line":18,"column":17},"end":{"line":18,"column":43}},{"start":{"line":18,"column":47},"end":{"line":18,"column":51}}]},"2":{"loc":{"start":{"line":28,"column":5},"end":{"line":29,"column":30}},"type":"binary-expr","locations":[{"start":{"line":28,"column":5},"end":{"line":28,"column":52}},{"start":{"line":29,"column":6},"end":{"line":29,"column":30}}]},"3":{"loc":{"start":{"line":31,"column":17},"end":{"line":31,"column":61}},"type":"binary-expr","locations":[{"start":{"line":31,"column":17},"end":{"line":31,"column":53}},{"start":{"line":31,"column":57},"end":{"line":31,"column":61}}]},"4":{"loc":{"start":{"line":51,"column":4},"end":{"line":62,"column":5}},"type":"if","locations":[{"start":{"line":51,"column":4},"end":{"line":62,"column":5}}]},"5":{"loc":{"start":{"line":52,"column":6},"end":{"line":54,"column":15}},"type":"binary-expr","locations":[{"start":{"line":52,"column":6},"end":{"line":52,"column":19}},{"start":{"line":53,"column":6},"end":{"line":53,"column":12}},{"start":{"line":54,"column":6},"end":{"line":54,"column":15}}]},"6":{"loc":{"start":{"line":72,"column":4},"end":{"line":75,"column":5}},"type":"if","locations":[{"start":{"line":72,"column":4},"end":{"line":75,"column":5}}]},"7":{"loc":{"start":{"line":77,"column":4},"end":{"line":82,"column":5}},"type":"if","locations":[{"start":{"line":77,"column":4},"end":{"line":82,"column":5}}]},"8":{"loc":{"start":{"line":139,"column":4},"end":{"line":142,"column":5}},"type":"if","locations":[{"start":{"line":139,"column":4},"end":{"line":142,"column":5}}]},"9":{"loc":{"start":{"line":139,"column":8},"end":{"line":139,"column":27}},"type":"binary-expr","locations":[{"start":{"line":139,"column":8},"end":{"line":139,"column":14}},{"start":{"line":139,"column":18},"end":{"line":139,"column":27}}]},"10":{"loc":{"start":{"line":146,"column":4},"end":{"line":149,"column":5}},"type":"if","locations":[{"start":{"line":146,"column":4},"end":{"line":149,"column":5}}]},"11":{"loc":{"start":{"line":152,"column":4},"end":{"line":155,"column":5}},"type":"if","locations":[{"start":{"line":152,"column":4},"end":{"line":155,"column":5}}]},"12":{"loc":{"start":{"line":158,"column":4},"end":{"line":161,"column":5}},"type":"if","locations":[{"start":{"line":158,"column":4},"end":{"line":161,"column":5}}]},"13":{"loc":{"start":{"line":202,"column":4},"end":{"line":205,"column":5}},"type":"if","locations":[{"start":{"line":202,"column":4},"end":{"line":205,"column":5}}]},"14":{"loc":{"start":{"line":213,"column":4},"end":{"line":216,"column":5}},"type":"if","locations":[{"start":{"line":213,"column":4},"end":{"line":216,"column":5}}]},"15":{"loc":{"start":{"line":220,"column":4},"end":{"line":223,"column":5}},"type":"if","locations":[{"start":{"line":220,"column":4},"end":{"line":223,"column":5}}]},"16":{"loc":{"start":{"line":247,"column":4},"end":{"line":250,"column":5}},"type":"if","locations":[{"start":{"line":247,"column":4},"end":{"line":250,"column":5}}]},"17":{"loc":{"start":{"line":257,"column":4},"end":{"line":260,"column":5}},"type":"if","locations":[{"start":{"line":257,"column":4},"end":{"line":260,"column":5}}]},"18":{"loc":{"start":{"line":272,"column":4},"end":{"line":274,"column":5}},"type":"if","locations":[{"start":{"line":272,"column":4},"end":{"line":274,"column":5}}]},"19":{"loc":{"start":{"line":281,"column":4},"end":{"line":283,"column":5}},"type":"if","locations":[{"start":{"line":281,"column":4},"end":{"line":283,"column":5}}]},"20":{"loc":{"start":{"line":281,"column":8},"end":{"line":281,"column":34}},"type":"binary-expr","locations":[{"start":{"line":281,"column":8},"end":{"line":281,"column":16}},{"start":{"line":281,"column":20},"end":{"line":281,"column":34}}]},"21":{"loc":{"start":{"line":288,"column":4},"end":{"line":297,"column":5}},"type":"if","locations":[{"start":{"line":288,"column":4},"end":{"line":297,"column":5}}]},"22":{"loc":{"start":{"line":333,"column":4},"end":{"line":336,"column":5}},"type":"if","locations":[{"start":{"line":333,"column":4},"end":{"line":336,"column":5}}]},"23":{"loc":{"start":{"line":340,"column":4},"end":{"line":343,"column":5}},"type":"if","locations":[{"start":{"line":340,"column":4},"end":{"line":343,"column":5}}]},"24":{"loc":{"start":{"line":346,"column":4},"end":{"line":346,"column":55}},"type":"if","locations":[{"start":{"line":346,"column":4},"end":{"line":346,"column":55}}]},"25":{"loc":{"start":{"line":347,"column":4},"end":{"line":347,"column":40}},"type":"if","locations":[{"start":{"line":347,"column":4},"end":{"line":347,"column":40}}]},"26":{"loc":{"start":{"line":348,"column":4},"end":{"line":348,"column":62}},"type":"if","locations":[{"start":{"line":348,"column":4},"end":{"line":348,"column":62}}]},"27":{"loc":{"start":{"line":377,"column":4},"end":{"line":380,"column":5}},"type":"if","locations":[{"start":{"line":377,"column":4},"end":{"line":380,"column":5}}]},"28":{"loc":{"start":{"line":386,"column":37},"end":{"line":386,"column":59}},"type":"cond-expr","locations":[{"start":{"line":386,"column":54},"end":{"line":386,"column":56}},{"start":{"line":386,"column":54},"end":{"line":386,"column":59}}]},"29":{"loc":{"start":{"line":386,"column":37},"end":{"line":386,"column":56}},"type":"binary-expr","locations":[{"start":{"line":386,"column":37},"end":{"line":386,"column":56}},{"start":{"line":386,"column":54},"end":{"line":386,"column":56}}]},"30":{"loc":{"start":{"line":387,"column":4},"end":{"line":390,"column":5}},"type":"if","locations":[{"start":{"line":387,"column":4},"end":{"line":390,"column":5}}]},"31":{"loc":{"start":{"line":397,"column":20},"end":{"line":397,"column":67}},"type":"binary-expr","locations":[{"start":{"line":397,"column":20},"end":{"line":397,"column":40}},{"start":{"line":397,"column":44},"end":{"line":397,"column":67}}]},"32":{"loc":{"start":{"line":414,"column":4},"end":{"line":417,"column":5}},"type":"if","locations":[{"start":{"line":414,"column":4},"end":{"line":417,"column":5}}]},"33":{"loc":{"start":{"line":421,"column":4},"end":{"line":424,"column":5}},"type":"if","locations":[{"start":{"line":421,"column":4},"end":{"line":424,"column":5}}]},"34":{"loc":{"start":{"line":437,"column":48},"end":{"line":437,"column":70}},"type":"cond-expr","locations":[{"start":{"line":437,"column":65},"end":{"line":437,"column":67}},{"start":{"line":437,"column":65},"end":{"line":437,"column":70}}]},"35":{"loc":{"start":{"line":437,"column":48},"end":{"line":437,"column":67}},"type":"binary-expr","locations":[{"start":{"line":437,"column":48},"end":{"line":437,"column":67}},{"start":{"line":437,"column":65},"end":{"line":437,"column":67}}]}},"s":{"0":1,"1":1,"2":1,"3":1,"4":1,"5":1,"6":1,"7":1,"8":6,"9":1,"10":6,"11":1,"12":3,"13":3,"14":3,"15":3,"16":0,"17":0,"18":3,"19":3,"20":0,"21":0,"22":3,"23":0,"24":0,"25":3,"26":3,"27":3,"28":3,"29":3,"30":3,"31":3,"32":0,"33":0,"34":1,"35":1,"36":3,"37":3,"38":3,"39":3,"40":0,"41":0,"42":3,"43":3,"44":0,"45":0,"46":3,"47":0,"48":0,"49":3,"50":3,"51":0,"52":0,"53":3,"54":3,"55":3,"56":3,"57":3,"58":0,"59":0,"60":1,"61":1,"62":0,"63":0,"64":0,"65":0,"66":0,"67":0,"68":0,"69":0,"70":0,"71":0,"72":0,"73":0,"74":0,"75":0,"76":0,"77":0,"78":0,"79":0,"80":1,"81":1,"82":0,"83":0,"84":0,"85":0,"86":0,"87":0,"88":0,"89":0,"90":0,"91":0,"92":0,"93":0,"94":0,"95":1,"96":1,"97":0,"98":0,"99":0,"100":0,"101":0,"102":0,"103":0,"104":0,"105":0,"106":0,"107":0,"108":0,"109":0,"110":0,"111":0,"112":0,"113":0,"114":0,"115":0,"116":0,"117":1,"118":1,"119":0,"120":0,"121":0,"122":0,"123":0,"124":0,"125":0,"126":0,"127":0,"128":0,"129":0,"130":0,"131":0,"132":0,"133":0,"134":0,"135":0,"136":0,"137":0,"138":0,"139":1,"140":1,"141":0,"142":0,"143":0,"144":0,"145":0,"146":0,"147":0,"148":0,"149":0,"150":0,"151":0,"152":0,"153":0,"154":0,"155":0,"156":0,"157":0,"158":1,"159":1,"160":0,"161":0,"162":0,"163":0,"164":0,"165":0,"166":0,"167":0,"168":0,"169":0,"170":0,"171":0,"172":1,"173":1,"174":1,"175":1,"176":1,"177":1,"178":0,"179":1},"f":{"0":6,"1":6,"2":3,"3":3,"4":3,"5":3,"6":0,"7":0,"8":0,"9":0,"10":0,"11":0,"12":0,"13":0,"14":0,"15":0,"16":0,"17":0,"18":1,"19":1},"b":{"0":[6,0],"1":[6,0],"2":[6,0],"3":[6,0],"4":[0],"5":[3,3,3],"6":[0],"7":[0],"8":[0],"9":[3,3],"10":[0],"11":[0],"12":[0],"13":[0],"14":[0],"15":[0],"16":[0],"17":[0],"18":[0],"19":[0],"20":[0,0],"21":[0],"22":[0],"23":[0],"24":[0],"25":[0],"26":[0],"27":[0],"28":[0,0],"29":[0,0],"30":[0],"31":[0,0],"32":[0],"33":[0],"34":[0,1],"35":[1,1]}}
,"/home/st111/VisionGoalServer/Backend/src/controllers/baseController.ts": {"path":"/home/st111/VisionGoalServer/Backend/src/controllers/baseController.ts","statementMap":{"0":{"start":{"line":3,"column":0},"end":{"line":3,"column":51}},"1":{"start":{"line":9,"column":6},"end":{"line":9,"column":49}},"2":{"start":{"line":17,"column":2},"end":{"line":39,"column":4}},"3":{"start":{"line":17,"column":49},"end":{"line":39,"column":4}},"4":{"start":{"line":18,"column":4},"end":{"line":38,"column":5}},"5":{"start":{"line":20,"column":26},"end":{"line":20,"column":41}},"6":{"start":{"line":21,"column":19},"end":{"line":21,"column":21}},"7":{"start":{"line":23,"column":6},"end":{"line":29,"column":7}},"8":{"start":{"line":24,"column":8},"end":{"line":28,"column":9}},"9":{"start":{"line":25,"column":10},"end":{"line":25,"column":63}},"10":{"start":{"line":27,"column":10},"end":{"line":27,"column":50}},"11":{"start":{"line":32,"column":19},"end":{"line":32,"column":66}},"12":{"start":{"line":34,"column":6},"end":{"line":34,"column":33}},"13":{"start":{"line":36,"column":6},"end":{"line":36,"column":51}},"14":{"start":{"line":37,"column":6},"end":{"line":37,"column":89}},"15":{"start":{"line":41,"column":2},"end":{"line":49,"column":4}},"16":{"start":{"line":41,"column":53},"end":{"line":49,"column":4}},"17":{"start":{"line":42,"column":17},"end":{"line":42,"column":25}},"18":{"start":{"line":43,"column":4},"end":{"line":48,"column":5}},"19":{"start":{"line":44,"column":22},"end":{"line":44,"column":51}},"20":{"start":{"line":45,"column":6},"end":{"line":45,"column":36}},"21":{"start":{"line":47,"column":6},"end":{"line":47,"column":34}},"22":{"start":{"line":51,"column":2},"end":{"line":66,"column":4}},"23":{"start":{"line":51,"column":54},"end":{"line":66,"column":4}},"24":{"start":{"line":52,"column":19},"end":{"line":52,"column":32}},"25":{"start":{"line":53,"column":4},"end":{"line":65,"column":5}},"26":{"start":{"line":54,"column":19},"end":{"line":54,"column":70}},"27":{"start":{"line":56,"column":6},"end":{"line":61,"column":7}},"28":{"start":{"line":57,"column":8},"end":{"line":57,"column":38}},"29":{"start":{"line":59,"column":9},"end":{"line":59,"column":48}},"30":{"start":{"line":60,"column":9},"end":{"line":60,"column":15}},"31":{"start":{"line":62,"column":6},"end":{"line":62,"column":33}},"32":{"start":{"line":64,"column":6},"end":{"line":64,"column":34}},"33":{"start":{"line":68,"column":2},"end":{"line":85,"column":4}},"34":{"start":{"line":68,"column":53},"end":{"line":85,"column":4}},"35":{"start":{"line":69,"column":19},"end":{"line":69,"column":32}},"36":{"start":{"line":70,"column":4},"end":{"line":70,"column":null}},"37":{"start":{"line":71,"column":4},"end":{"line":84,"column":5}},"38":{"start":{"line":72,"column":19},"end":{"line":74,"column":8}},"39":{"start":{"line":76,"column":4},"end":{"line":79,"column":5}},"40":{"start":{"line":77,"column":6},"end":{"line":78,"column":26}},"41":{"start":{"line":80,"column":6},"end":{"line":80,"column":null}},"42":{"start":{"line":81,"column":6},"end":{"line":81,"column":33}},"43":{"start":{"line":83,"column":6},"end":{"line":83,"column":34}},"44":{"start":{"line":87,"column":2},"end":{"line":105,"column":4}},"45":{"start":{"line":87,"column":53},"end":{"line":105,"column":4}},"46":{"start":{"line":88,"column":19},"end":{"line":88,"column":32}},"47":{"start":{"line":89,"column":4},"end":{"line":104,"column":5}},"48":{"start":{"line":90,"column":19},"end":{"line":90,"column":61}},"49":{"start":{"line":92,"column":6},"end":{"line":95,"column":7}},"50":{"start":{"line":93,"column":9},"end":{"line":93,"column":61}},"51":{"start":{"line":94,"column":9},"end":{"line":94,"column":15}},"52":{"start":{"line":97,"column":6},"end":{"line":99,"column":7}},"53":{"start":{"line":98,"column":8},"end":{"line":98,"column":59}},"54":{"start":{"line":101,"column":6},"end":{"line":101,"column":33}},"55":{"start":{"line":103,"column":6},"end":{"line":103,"column":34}},"56":{"start":{"line":14,"column":4},"end":{"line":14,"column":23}},"57":{"start":{"line":108,"column":0},"end":{"line":108,"column":24}}},"fnMap":{"0":{"name":"(anonymous_8)","decl":{"start":{"line":8,"column":2},"end":{"line":8,"column":10}},"loc":{"start":{"line":8,"column":38},"end":{"line":10,"column":3}}},"1":{"name":"(anonymous_9)","decl":{"start":{"line":13,"column":2},"end":{"line":13,"column":14}},"loc":{"start":{"line":13,"column":29},"end":{"line":15,"column":3}}},"2":{"name":"(anonymous_10)","decl":{"start":{"line":17,"column":11},"end":{"line":17,"column":18}},"loc":{"start":{"line":17,"column":49},"end":{"line":39,"column":4}}},"3":{"name":"(anonymous_11)","decl":{"start":{"line":17,"column":49},"end":{"line":17,"column":null}},"loc":{"start":{"line":17,"column":49},"end":{"line":39,"column":3}}},"4":{"name":"(anonymous_12)","decl":{"start":{"line":41,"column":15},"end":{"line":41,"column":22}},"loc":{"start":{"line":41,"column":53},"end":{"line":49,"column":4}}},"5":{"name":"(anonymous_13)","decl":{"start":{"line":41,"column":53},"end":{"line":41,"column":null}},"loc":{"start":{"line":41,"column":53},"end":{"line":49,"column":3}}},"6":{"name":"(anonymous_14)","decl":{"start":{"line":51,"column":16},"end":{"line":51,"column":23}},"loc":{"start":{"line":51,"column":54},"end":{"line":66,"column":4}}},"7":{"name":"(anonymous_15)","decl":{"start":{"line":51,"column":54},"end":{"line":51,"column":null}},"loc":{"start":{"line":51,"column":54},"end":{"line":66,"column":3}}},"8":{"name":"(anonymous_16)","decl":{"start":{"line":68,"column":15},"end":{"line":68,"column":22}},"loc":{"start":{"line":68,"column":53},"end":{"line":85,"column":4}}},"9":{"name":"(anonymous_17)","decl":{"start":{"line":68,"column":53},"end":{"line":68,"column":null}},"loc":{"start":{"line":68,"column":53},"end":{"line":85,"column":3}}},"10":{"name":"(anonymous_18)","decl":{"start":{"line":87,"column":15},"end":{"line":87,"column":22}},"loc":{"start":{"line":87,"column":53},"end":{"line":105,"column":4}}},"11":{"name":"(anonymous_19)","decl":{"start":{"line":87,"column":53},"end":{"line":87,"column":null}},"loc":{"start":{"line":87,"column":53},"end":{"line":105,"column":3}}}},"branchMap":{"0":{"loc":{"start":{"line":23,"column":6},"end":{"line":29,"column":7}},"type":"if","locations":[{"start":{"line":23,"column":6},"end":{"line":29,"column":7}}]},"1":{"loc":{"start":{"line":24,"column":8},"end":{"line":28,"column":9}},"type":"if","locations":[{"start":{"line":24,"column":8},"end":{"line":28,"column":9}},{"start":{"line":26,"column":15},"end":{"line":28,"column":9}}]},"2":{"loc":{"start":{"line":56,"column":6},"end":{"line":61,"column":7}},"type":"if","locations":[{"start":{"line":56,"column":6},"end":{"line":61,"column":7}}]},"3":{"loc":{"start":{"line":76,"column":4},"end":{"line":79,"column":5}},"type":"if","locations":[{"start":{"line":76,"column":4},"end":{"line":79,"column":5}}]},"4":{"loc":{"start":{"line":76,"column":8},"end":{"line":76,"column":47}},"type":"binary-expr","locations":[{"start":{"line":76,"column":8},"end":{"line":76,"column":39}},{"start":{"line":76,"column":43},"end":{"line":76,"column":47}}]},"5":{"loc":{"start":{"line":92,"column":6},"end":{"line":95,"column":7}},"type":"if","locations":[{"start":{"line":92,"column":6},"end":{"line":95,"column":7}}]},"6":{"loc":{"start":{"line":97,"column":6},"end":{"line":99,"column":7}},"type":"if","locations":[{"start":{"line":97,"column":6},"end":{"line":99,"column":7}}]}},"s":{"0":1,"1":0,"2":2,"3":0,"4":0,"5":0,"6":0,"7":0,"8":0,"9":0,"10":0,"11":0,"12":0,"13":0,"14":0,"15":2,"16":0,"17":0,"18":0,"19":0,"20":0,"21":0,"22":2,"23":0,"24":0,"25":0,"26":0,"27":0,"28":0,"29":0,"30":0,"31":0,"32":0,"33":2,"34":0,"35":0,"36":0,"37":0,"38":0,"39":0,"40":0,"41":0,"42":0,"43":0,"44":2,"45":0,"46":0,"47":0,"48":0,"49":0,"50":0,"51":0,"52":0,"53":0,"54":0,"55":0,"56":2,"57":1},"f":{"0":0,"1":2,"2":0,"3":0,"4":0,"5":0,"6":0,"7":0,"8":0,"9":0,"10":0,"11":0},"b":{"0":[0],"1":[0,0],"2":[0],"3":[0],"4":[0,0],"5":[0],"6":[0]}}
,"/home/st111/VisionGoalServer/Backend/src/controllers/commentController.ts": {"path":"/home/st111/VisionGoalServer/Backend/src/controllers/commentController.ts","statementMap":{"0":{"start":{"line":1,"column":0},"end":{"line":1,"column":64}},"1":{"start":{"line":2,"column":0},"end":{"line":2,"column":47}},"2":{"start":{"line":4,"column":23},"end":{"line":4,"column":66}},"3":{"start":{"line":6,"column":35},"end":{"line":19,"column":2}},"4":{"start":{"line":6,"column":64},"end":{"line":19,"column":2}},"5":{"start":{"line":7,"column":17},"end":{"line":7,"column":34}},"6":{"start":{"line":8,"column":2},"end":{"line":18,"column":3}},"7":{"start":{"line":9,"column":21},"end":{"line":9,"column":74}},"8":{"start":{"line":10,"column":4},"end":{"line":10,"column":35}},"9":{"start":{"line":11,"column":4},"end":{"line":11,"column":11}},"10":{"start":{"line":13,"column":4},"end":{"line":17,"column":5}},"11":{"start":{"line":14,"column":6},"end":{"line":14,"column":55}},"12":{"start":{"line":16,"column":6},"end":{"line":16,"column":69}},"13":{"start":{"line":6,"column":13},"end":{"line":6,"column":35}},"14":{"start":{"line":21,"column":29},"end":{"line":35,"column":2}},"15":{"start":{"line":21,"column":58},"end":{"line":35,"column":2}},"16":{"start":{"line":22,"column":15},"end":{"line":22,"column":23}},"17":{"start":{"line":24,"column":2},"end":{"line":34,"column":3}},"18":{"start":{"line":25,"column":23},"end":{"line":25,"column":54}},"19":{"start":{"line":28,"column":29},"end":{"line":28,"column":63}},"20":{"start":{"line":30,"column":4},"end":{"line":30,"column":43}},"21":{"start":{"line":32,"column":4},"end":{"line":32,"column":52}},"22":{"start":{"line":33,"column":4},"end":{"line":33,"column":64}},"23":{"start":{"line":21,"column":13},"end":{"line":21,"column":29}},"24":{"start":{"line":37,"column":0},"end":{"line":37,"column":30}}},"fnMap":{"0":{"name":"(anonymous_8)","decl":{"start":{"line":6,"column":35},"end":{"line":6,"column":42}},"loc":{"start":{"line":6,"column":64},"end":{"line":19,"column":2}}},"1":{"name":"(anonymous_9)","decl":{"start":{"line":6,"column":64},"end":{"line":6,"column":null}},"loc":{"start":{"line":6,"column":64},"end":{"line":19,"column":1}}},"2":{"name":"(anonymous_10)","decl":{"start":{"line":21,"column":29},"end":{"line":21,"column":36}},"loc":{"start":{"line":21,"column":58},"end":{"line":35,"column":2}}},"3":{"name":"(anonymous_11)","decl":{"start":{"line":21,"column":58},"end":{"line":21,"column":null}},"loc":{"start":{"line":21,"column":58},"end":{"line":35,"column":1}}}},"branchMap":{"0":{"loc":{"start":{"line":13,"column":4},"end":{"line":17,"column":5}},"type":"if","locations":[{"start":{"line":13,"column":4},"end":{"line":17,"column":5}},{"start":{"line":15,"column":11},"end":{"line":17,"column":5}}]}},"s":{"0":1,"1":1,"2":1,"3":1,"4":0,"5":0,"6":0,"7":0,"8":0,"9":0,"10":0,"11":0,"12":0,"13":1,"14":1,"15":0,"16":0,"17":0,"18":0,"19":0,"20":0,"21":0,"22":0,"23":1,"24":1},"f":{"0":0,"1":0,"2":0,"3":0},"b":{"0":[0,0]}}
,"/home/st111/VisionGoalServer/Backend/src/controllers/postController.ts": {"path":"/home/st111/VisionGoalServer/Backend/src/controllers/postController.ts","statementMap":{"0":{"start":{"line":1,"column":0},"end":{"line":1,"column":55}},"1":{"start":{"line":3,"column":0},"end":{"line":3,"column":47}},"2":{"start":{"line":4,"column":0},"end":{"line":4,"column":28}},"3":{"start":{"line":5,"column":0},"end":{"line":5,"column":24}},"4":{"start":{"line":14,"column":18},"end":{"line":14,"column":61}},"5":{"start":{"line":16,"column":16},"end":{"line":23,"column":2}},"6":{"start":{"line":18,"column":4},"end":{"line":18,"column":24}},"7":{"start":{"line":21,"column":4},"end":{"line":21,"column":59}},"8":{"start":{"line":24,"column":15},"end":{"line":24,"column":34}},"9":{"start":{"line":26,"column":23},"end":{"line":26,"column":60}},"10":{"start":{"line":28,"column":24},"end":{"line":52,"column":2}},"11":{"start":{"line":28,"column":53},"end":{"line":52,"column":2}},"12":{"start":{"line":29,"column":17},"end":{"line":29,"column":27}},"13":{"start":{"line":31,"column":2},"end":{"line":51,"column":3}},"14":{"start":{"line":32,"column":17},"end":{"line":32,"column":45}},"15":{"start":{"line":34,"column":4},"end":{"line":36,"column":5}},"16":{"start":{"line":35,"column":6},"end":{"line":35,"column":65}},"17":{"start":{"line":37,"column":4},"end":{"line":41,"column":5}},"18":{"start":{"line":38,"column":6},"end":{"line":38,"column":null}},"19":{"start":{"line":40,"column":6},"end":{"line":40,"column":null}},"20":{"start":{"line":43,"column":4},"end":{"line":43,"column":22}},"21":{"start":{"line":45,"column":4},"end":{"line":45,"column":48}},"22":{"start":{"line":47,"column":4},"end":{"line":47,"column":51}},"23":{"start":{"line":48,"column":4},"end":{"line":50,"column":68}},"24":{"start":{"line":28,"column":13},"end":{"line":28,"column":24}},"25":{"start":{"line":54,"column":26},"end":{"line":77,"column":2}},"26":{"start":{"line":54,"column":55},"end":{"line":77,"column":2}},"27":{"start":{"line":55,"column":22},"end":{"line":55,"column":30}},"28":{"start":{"line":56,"column":16},"end":{"line":56,"column":28}},"29":{"start":{"line":57,"column":17},"end":{"line":57,"column":21}},"30":{"start":{"line":59,"column":2},"end":{"line":62,"column":3}},"31":{"start":{"line":60,"column":20},"end":{"line":60,"column":58}},"32":{"start":{"line":61,"column":4},"end":{"line":61,"column":57}},"33":{"start":{"line":64,"column":18},"end":{"line":68,"column":4}},"34":{"start":{"line":70,"column":2},"end":{"line":76,"column":3}},"35":{"start":{"line":71,"column":4},"end":{"line":71,"column":25}},"36":{"start":{"line":72,"column":4},"end":{"line":72,"column":34}},"37":{"start":{"line":74,"column":4},"end":{"line":74,"column":47}},"38":{"start":{"line":75,"column":4},"end":{"line":75,"column":70}},"39":{"start":{"line":54,"column":13},"end":{"line":54,"column":26}},"40":{"start":{"line":80,"column":32},"end":{"line":92,"column":2}},"41":{"start":{"line":80,"column":85},"end":{"line":92,"column":2}},"42":{"start":{"line":81,"column":2},"end":{"line":91,"column":3}},"43":{"start":{"line":82,"column":23},"end":{"line":82,"column":33}},"44":{"start":{"line":84,"column":18},"end":{"line":85,"column":30}},"45":{"start":{"line":87,"column":4},"end":{"line":87,"column":32}},"46":{"start":{"line":89,"column":4},"end":{"line":89,"column":60}},"47":{"start":{"line":90,"column":4},"end":{"line":90,"column":54}},"48":{"start":{"line":80,"column":13},"end":{"line":80,"column":32}},"49":{"start":{"line":95,"column":27},"end":{"line":117,"column":null}},"50":{"start":{"line":95,"column":88},"end":{"line":117,"column":null}},"51":{"start":{"line":97,"column":2},"end":{"line":116,"column":3}},"52":{"start":{"line":98,"column":17},"end":{"line":98,"column":48}},"53":{"start":{"line":99,"column":18},"end":{"line":99,"column":51}},"54":{"start":{"line":101,"column":18},"end":{"line":105,"column":57}},"55":{"start":{"line":106,"column":18},"end":{"line":106,"column":50}},"56":{"start":{"line":108,"column":4},"end":{"line":113,"column":7}},"57":{"start":{"line":115,"column":4},"end":{"line":115,"column":69}},"58":{"start":{"line":95,"column":13},"end":{"line":95,"column":27}},"59":{"start":{"line":119,"column":0},"end":{"line":119,"column":30}}},"fnMap":{"0":{"name":"(anonymous_8)","decl":{"start":{"line":17,"column":15},"end":{"line":17,"column":16}},"loc":{"start":{"line":17,"column":33},"end":{"line":19,"column":3}}},"1":{"name":"(anonymous_9)","decl":{"start":{"line":20,"column":12},"end":{"line":20,"column":13}},"loc":{"start":{"line":20,"column":30},"end":{"line":22,"column":3}}},"2":{"name":"(anonymous_10)","decl":{"start":{"line":28,"column":24},"end":{"line":28,"column":31}},"loc":{"start":{"line":28,"column":53},"end":{"line":52,"column":2}}},"3":{"name":"(anonymous_11)","decl":{"start":{"line":28,"column":53},"end":{"line":28,"column":null}},"loc":{"start":{"line":28,"column":53},"end":{"line":52,"column":1}}},"4":{"name":"(anonymous_12)","decl":{"start":{"line":54,"column":26},"end":{"line":54,"column":33}},"loc":{"start":{"line":54,"column":55},"end":{"line":77,"column":2}}},"5":{"name":"(anonymous_13)","decl":{"start":{"line":54,"column":55},"end":{"line":54,"column":null}},"loc":{"start":{"line":54,"column":55},"end":{"line":77,"column":1}}},"6":{"name":"(anonymous_14)","decl":{"start":{"line":80,"column":32},"end":{"line":80,"column":39}},"loc":{"start":{"line":80,"column":85},"end":{"line":92,"column":2}}},"7":{"name":"(anonymous_15)","decl":{"start":{"line":80,"column":85},"end":{"line":80,"column":null}},"loc":{"start":{"line":80,"column":85},"end":{"line":92,"column":1}}},"8":{"name":"(anonymous_16)","decl":{"start":{"line":95,"column":27},"end":{"line":95,"column":34}},"loc":{"start":{"line":95,"column":88},"end":{"line":117,"column":null}}},"9":{"name":"(anonymous_17)","decl":{"start":{"line":95,"column":88},"end":{"line":95,"column":null}},"loc":{"start":{"line":95,"column":88},"end":{"line":117,"column":1}}}},"branchMap":{"0":{"loc":{"start":{"line":34,"column":4},"end":{"line":36,"column":5}},"type":"if","locations":[{"start":{"line":34,"column":4},"end":{"line":36,"column":5}}]},"1":{"loc":{"start":{"line":37,"column":4},"end":{"line":41,"column":5}},"type":"if","locations":[{"start":{"line":37,"column":4},"end":{"line":41,"column":5}},{"start":{"line":39,"column":9},"end":{"line":41,"column":5}}]},"2":{"loc":{"start":{"line":56,"column":16},"end":{"line":56,"column":28}},"type":"cond-expr","locations":[{"start":{"line":56,"column":24},"end":{"line":56,"column":26}},{"start":{"line":56,"column":24},"end":{"line":56,"column":28}}]},"3":{"loc":{"start":{"line":56,"column":16},"end":{"line":56,"column":26}},"type":"binary-expr","locations":[{"start":{"line":56,"column":16},"end":{"line":56,"column":26}},{"start":{"line":56,"column":24},"end":{"line":56,"column":26}}]},"4":{"loc":{"start":{"line":59,"column":2},"end":{"line":62,"column":3}},"type":"if","locations":[{"start":{"line":59,"column":2},"end":{"line":62,"column":3}}]},"5":{"loc":{"start":{"line":98,"column":26},"end":{"line":98,"column":47}},"type":"binary-expr","locations":[{"start":{"line":98,"column":26},"end":{"line":98,"column":40}},{"start":{"line":98,"column":44},"end":{"line":98,"column":47}}]},"6":{"loc":{"start":{"line":99,"column":27},"end":{"line":99,"column":50}},"type":"binary-expr","locations":[{"start":{"line":99,"column":27},"end":{"line":99,"column":42}},{"start":{"line":99,"column":46},"end":{"line":99,"column":50}}]}},"s":{"0":1,"1":1,"2":1,"3":1,"4":1,"5":1,"6":0,"7":0,"8":1,"9":1,"10":1,"11":0,"12":0,"13":0,"14":0,"15":0,"16":0,"17":0,"18":0,"19":0,"20":0,"21":0,"22":0,"23":0,"24":1,"25":1,"26":9,"27":9,"28":9,"29":9,"30":9,"31":0,"32":0,"33":9,"34":9,"35":9,"36":0,"37":9,"38":9,"39":1,"40":1,"41":0,"42":0,"43":0,"44":0,"45":0,"46":0,"47":0,"48":1,"49":1,"50":0,"51":0,"52":0,"53":0,"54":0,"55":0,"56":0,"57":0,"58":1,"59":1},"f":{"0":0,"1":0,"2":0,"3":0,"4":9,"5":9,"6":0,"7":0,"8":0,"9":0},"b":{"0":[0],"1":[0,0],"2":[0,9],"3":[9,9],"4":[0],"5":[0,0],"6":[0,0]}}
,"/home/st111/VisionGoalServer/Backend/src/controllers/predictionController.ts": {"path":"/home/st111/VisionGoalServer/Backend/src/controllers/predictionController.ts","statementMap":{"0":{"start":{"line":1,"column":0},"end":{"line":1,"column":113}},"1":{"start":{"line":2,"column":0},"end":{"line":2,"column":56}},"2":{"start":{"line":3,"column":0},"end":{"line":3,"column":44}},"3":{"start":{"line":4,"column":0},"end":{"line":4,"column":29}},"4":{"start":{"line":6,"column":33},"end":{"line":14,"column":null}},"5":{"start":{"line":6,"column":62},"end":{"line":14,"column":null}},"6":{"start":{"line":7,"column":4},"end":{"line":13,"column":5}},"7":{"start":{"line":8,"column":28},"end":{"line":8,"column":56}},"8":{"start":{"line":9,"column":8},"end":{"line":9,"column":42}},"9":{"start":{"line":11,"column":8},"end":{"line":11,"column":59}},"10":{"start":{"line":12,"column":8},"end":{"line":12,"column":89}},"11":{"start":{"line":6,"column":13},"end":{"line":6,"column":33}},"12":{"start":{"line":17,"column":46},"end":{"line":67,"column":2}},"13":{"start":{"line":17,"column":57},"end":{"line":67,"column":2}},"14":{"start":{"line":18,"column":2},"end":{"line":66,"column":3}},"15":{"start":{"line":20,"column":21},"end":{"line":20,"column":49}},"16":{"start":{"line":22,"column":19},"end":{"line":22,"column":49}},"17":{"start":{"line":25,"column":4},"end":{"line":27,"column":5}},"18":{"start":{"line":26,"column":6},"end":{"line":26,"column":43}},"19":{"start":{"line":30,"column":28},"end":{"line":30,"column":60}},"20":{"start":{"line":33,"column":4},"end":{"line":34,"column":42}},"21":{"start":{"line":35,"column":24},"end":{"line":35,"column":53}},"22":{"start":{"line":39,"column":4},"end":{"line":41,"column":5}},"23":{"start":{"line":40,"column":6},"end":{"line":40,"column":48}},"24":{"start":{"line":45,"column":4},"end":{"line":63,"column":5}},"25":{"start":{"line":46,"column":8},"end":{"line":62,"column":14}},"26":{"start":{"line":47,"column":33},"end":{"line":54,"column":12}},"27":{"start":{"line":57,"column":10},"end":{"line":57,"column":null}},"28":{"start":{"line":61,"column":12},"end":{"line":61,"column":64}},"29":{"start":{"line":65,"column":4},"end":{"line":65,"column":58}},"30":{"start":{"line":17,"column":13},"end":{"line":17,"column":46}},"31":{"start":{"line":70,"column":38},"end":{"line":86,"column":null}},"32":{"start":{"line":70,"column":67},"end":{"line":86,"column":null}},"33":{"start":{"line":71,"column":52},"end":{"line":71,"column":60}},"34":{"start":{"line":72,"column":20},"end":{"line":78,"column":6}},"35":{"start":{"line":79,"column":4},"end":{"line":85,"column":5}},"36":{"start":{"line":80,"column":8},"end":{"line":80,"column":29}},"37":{"start":{"line":81,"column":8},"end":{"line":81,"column":38}},"38":{"start":{"line":83,"column":8},"end":{"line":83,"column":51}},"39":{"start":{"line":84,"column":8},"end":{"line":84,"column":85}},"40":{"start":{"line":70,"column":13},"end":{"line":70,"column":38}},"41":{"start":{"line":91,"column":0},"end":{"line":98,"column":3}},"42":{"start":{"line":91,"column":38},"end":{"line":98,"column":2}},"43":{"start":{"line":92,"column":2},"end":{"line":97,"column":3}},"44":{"start":{"line":93,"column":19},"end":{"line":93,"column":57}},"45":{"start":{"line":96,"column":4},"end":{"line":96,"column":53}},"46":{"start":{"line":101,"column":0},"end":{"line":101,"column":90}}},"fnMap":{"0":{"name":"(anonymous_8)","decl":{"start":{"line":6,"column":33},"end":{"line":6,"column":40}},"loc":{"start":{"line":6,"column":62},"end":{"line":14,"column":null}}},"1":{"name":"(anonymous_9)","decl":{"start":{"line":6,"column":62},"end":{"line":6,"column":null}},"loc":{"start":{"line":6,"column":62},"end":{"line":14,"column":1}}},"2":{"name":"(anonymous_10)","decl":{"start":{"line":17,"column":46},"end":{"line":17,"column":55}},"loc":{"start":{"line":17,"column":57},"end":{"line":67,"column":2}}},"3":{"name":"(anonymous_11)","decl":{"start":{"line":17,"column":57},"end":{"line":17,"column":null}},"loc":{"start":{"line":17,"column":57},"end":{"line":67,"column":1}}},"4":{"name":"(anonymous_12)","decl":{"start":{"line":70,"column":38},"end":{"line":70,"column":45}},"loc":{"start":{"line":70,"column":67},"end":{"line":86,"column":null}}},"5":{"name":"(anonymous_13)","decl":{"start":{"line":70,"column":67},"end":{"line":70,"column":null}},"loc":{"start":{"line":70,"column":67},"end":{"line":86,"column":1}}},"6":{"name":"(anonymous_14)","decl":{"start":{"line":91,"column":27},"end":{"line":91,"column":36}},"loc":{"start":{"line":91,"column":38},"end":{"line":98,"column":2}}},"7":{"name":"(anonymous_15)","decl":{"start":{"line":91,"column":38},"end":{"line":91,"column":null}},"loc":{"start":{"line":91,"column":38},"end":{"line":98,"column":1}}}},"branchMap":{"0":{"loc":{"start":{"line":25,"column":4},"end":{"line":27,"column":5}},"type":"if","locations":[{"start":{"line":25,"column":4},"end":{"line":27,"column":5}}]},"1":{"loc":{"start":{"line":39,"column":4},"end":{"line":41,"column":5}},"type":"if","locations":[{"start":{"line":39,"column":4},"end":{"line":41,"column":5}}]}},"s":{"0":1,"1":1,"2":1,"3":1,"4":1,"5":0,"6":0,"7":0,"8":0,"9":0,"10":0,"11":1,"12":1,"13":0,"14":0,"15":0,"16":0,"17":0,"18":0,"19":0,"20":0,"21":0,"22":0,"23":0,"24":0,"25":0,"26":0,"27":0,"28":0,"29":0,"30":1,"31":1,"32":0,"33":0,"34":0,"35":0,"36":0,"37":0,"38":0,"39":0,"40":1,"41":1,"42":0,"43":0,"44":0,"45":0,"46":1},"f":{"0":0,"1":0,"2":0,"3":0,"4":0,"5":0,"6":0,"7":0},"b":{"0":[0],"1":[0]}}
,"/home/st111/VisionGoalServer/Backend/src/middleware/authMiddleware.ts": {"path":"/home/st111/VisionGoalServer/Backend/src/middleware/authMiddleware.ts","statementMap":{"0":{"start":{"line":2,"column":0},"end":{"line":2,"column":31}},"1":{"start":{"line":3,"column":0},"end":{"line":3,"column":39}},"2":{"start":{"line":5,"column":23},"end":{"line":27,"column":2}},"3":{"start":{"line":5,"column":96},"end":{"line":27,"column":2}},"4":{"start":{"line":6,"column":2},"end":{"line":26,"column":3}},"5":{"start":{"line":7,"column":16},"end":{"line":7,"column":56}},"6":{"start":{"line":9,"column":4},"end":{"line":12,"column":5}},"7":{"start":{"line":10,"column":6},"end":{"line":10,"column":68}},"8":{"start":{"line":11,"column":6},"end":{"line":11,"column":13}},"9":{"start":{"line":13,"column":20},"end":{"line":13,"column":71}},"10":{"start":{"line":14,"column":17},"end":{"line":14,"column":88}},"11":{"start":{"line":15,"column":4},"end":{"line":15,"column":39}},"12":{"start":{"line":17,"column":4},"end":{"line":20,"column":5}},"13":{"start":{"line":18,"column":6},"end":{"line":18,"column":58}},"14":{"start":{"line":19,"column":6},"end":{"line":19,"column":13}},"15":{"start":{"line":22,"column":4},"end":{"line":22,"column":11}},"16":{"start":{"line":24,"column":4},"end":{"line":24,"column":52}},"17":{"start":{"line":25,"column":4},"end":{"line":25,"column":66}},"18":{"start":{"line":5,"column":13},"end":{"line":5,"column":23}}},"fnMap":{"0":{"name":"(anonymous_8)","decl":{"start":{"line":5,"column":23},"end":{"line":5,"column":30}},"loc":{"start":{"line":5,"column":96},"end":{"line":27,"column":2}}},"1":{"name":"(anonymous_9)","decl":{"start":{"line":5,"column":96},"end":{"line":5,"column":null}},"loc":{"start":{"line":5,"column":96},"end":{"line":27,"column":1}}}},"branchMap":{"0":{"loc":{"start":{"line":7,"column":16},"end":{"line":7,"column":56}},"type":"cond-expr","locations":[{"start":{"line":7,"column":41},"end":{"line":7,"column":43}},{"start":{"line":7,"column":41},"end":{"line":7,"column":56}}]},"1":{"loc":{"start":{"line":7,"column":16},"end":{"line":7,"column":43}},"type":"binary-expr","locations":[{"start":{"line":7,"column":16},"end":{"line":7,"column":43}},{"start":{"line":7,"column":41},"end":{"line":7,"column":43}}]},"2":{"loc":{"start":{"line":9,"column":4},"end":{"line":12,"column":5}},"type":"if","locations":[{"start":{"line":9,"column":4},"end":{"line":12,"column":5}}]},"3":{"loc":{"start":{"line":15,"column":15},"end":{"line":15,"column":38}},"type":"cond-expr","locations":[{"start":{"line":15,"column":22},"end":{"line":15,"column":26}},{"start":{"line":15,"column":29},"end":{"line":15,"column":38}}]},"4":{"loc":{"start":{"line":17,"column":4},"end":{"line":20,"column":5}},"type":"if","locations":[{"start":{"line":17,"column":4},"end":{"line":20,"column":5}}]}},"s":{"0":1,"1":1,"2":1,"3":10,"4":10,"5":10,"6":10,"7":0,"8":0,"9":10,"10":10,"11":10,"12":10,"13":0,"14":0,"15":10,"16":0,"17":0,"18":1},"f":{"0":10,"1":10},"b":{"0":[0,10],"1":[10,10],"2":[0],"3":[10,0],"4":[0]}}
,"/home/st111/VisionGoalServer/Backend/src/models/commentModel.ts": {"path":"/home/st111/VisionGoalServer/Backend/src/models/commentModel.ts","statementMap":{"0":{"start":{"line":1,"column":0},"end":{"line":1,"column":51}},"1":{"start":{"line":11,"column":30},"end":{"line":15,"column":2}},"2":{"start":{"line":18,"column":38},"end":{"line":20,"column":null}},"3":{"start":{"line":23,"column":0},"end":{"line":23,"column":28}}},"fnMap":{},"branchMap":{},"s":{"0":1,"1":1,"2":1,"3":1},"f":{},"b":{}}
,"/home/st111/VisionGoalServer/Backend/src/models/postModel.ts": {"path":"/home/st111/VisionGoalServer/Backend/src/models/postModel.ts","statementMap":{"0":{"start":{"line":1,"column":0},"end":{"line":1,"column":51}},"1":{"start":{"line":2,"column":0},"end":{"line":2,"column":42}},"2":{"start":{"line":14,"column":27},"end":{"line":20,"column":2}},"3":{"start":{"line":23,"column":0},"end":{"line":27,"column":3}},"4":{"start":{"line":24,"column":17},"end":{"line":24,"column":39}},"5":{"start":{"line":25,"column":2},"end":{"line":25,"column":44}},"6":{"start":{"line":26,"column":2},"end":{"line":26,"column":9}},"7":{"start":{"line":30,"column":32},"end":{"line":30,"column":73}},"8":{"start":{"line":32,"column":0},"end":{"line":32,"column":25}}},"fnMap":{"0":{"name":"(anonymous_17)","decl":{"start":{"line":23,"column":35},"end":{"line":23,"column":51}},"loc":{"start":{"line":23,"column":55},"end":{"line":27,"column":2}}}},"branchMap":{},"s":{"0":1,"1":1,"2":1,"3":1,"4":0,"5":0,"6":0,"7":1,"8":1},"f":{"0":0},"b":{}}
,"/home/st111/VisionGoalServer/Backend/src/models/predictionModel.ts": {"path":"/home/st111/VisionGoalServer/Backend/src/models/predictionModel.ts","statementMap":{"0":{"start":{"line":11,"column":0},"end":{"line":11,"column":51}},"1":{"start":{"line":13,"column":33},"end":{"line":20,"column":2}},"2":{"start":{"line":22,"column":44},"end":{"line":22,"column":104}},"3":{"start":{"line":25,"column":0},"end":{"line":25,"column":31}}},"fnMap":{},"branchMap":{},"s":{"0":1,"1":1,"2":1,"3":1},"f":{},"b":{}}
,"/home/st111/VisionGoalServer/Backend/src/models/userModel.ts": {"path":"/home/st111/VisionGoalServer/Backend/src/models/userModel.ts","statementMap":{"0":{"start":{"line":1,"column":0},"end":{"line":1,"column":68}},"1":{"start":{"line":17,"column":27},"end":{"line":32,"column":null}},"2":{"start":{"line":36,"column":32},"end":{"line":36,"column":73}},"3":{"start":{"line":38,"column":0},"end":{"line":38,"column":25}}},"fnMap":{},"branchMap":{},"s":{"0":1,"1":1,"2":1,"3":1},"f":{},"b":{}}
,"/home/st111/VisionGoalServer/Backend/src/routes/authRoutes.ts": {"path":"/home/st111/VisionGoalServer/Backend/src/routes/authRoutes.ts","statementMap":{"0":{"start":{"line":1,"column":0},"end":{"line":1,"column":30}},"1":{"start":{"line":3,"column":0},"end":{"line":3,"column":28}},"2":{"start":{"line":4,"column":0},"end":{"line":4,"column":55}},"3":{"start":{"line":5,"column":0},"end":{"line":5,"column":64}},"4":{"start":{"line":7,"column":15},"end":{"line":7,"column":31}},"5":{"start":{"line":107,"column":16},"end":{"line":114,"column":2}},"6":{"start":{"line":109,"column":4},"end":{"line":109,"column":25}},"7":{"start":{"line":112,"column":4},"end":{"line":112,"column":51}},"8":{"start":{"line":115,"column":15},"end":{"line":115,"column":34}},"9":{"start":{"line":135,"column":0},"end":{"line":135,"column":50}},"10":{"start":{"line":155,"column":0},"end":{"line":155,"column":44}},"11":{"start":{"line":176,"column":0},"end":{"line":176,"column":46}},"12":{"start":{"line":197,"column":0},"end":{"line":197,"column":53}},"13":{"start":{"line":217,"column":0},"end":{"line":217,"column":67}},"14":{"start":{"line":243,"column":0},"end":{"line":243,"column":77}},"15":{"start":{"line":269,"column":0},"end":{"line":274,"column":2}},"16":{"start":{"line":295,"column":0},"end":{"line":295,"column":56}},"17":{"start":{"line":309,"column":0},"end":{"line":309,"column":62}},"18":{"start":{"line":311,"column":0},"end":{"line":311,"column":16}}},"fnMap":{"0":{"name":"(anonymous_10)","decl":{"start":{"line":108,"column":15},"end":{"line":108,"column":25}},"loc":{"start":{"line":108,"column":38},"end":{"line":110,"column":3}}},"1":{"name":"(anonymous_11)","decl":{"start":{"line":111,"column":12},"end":{"line":111,"column":22}},"loc":{"start":{"line":111,"column":35},"end":{"line":113,"column":3}}}},"branchMap":{},"s":{"0":1,"1":1,"2":1,"3":1,"4":1,"5":1,"6":0,"7":0,"8":1,"9":1,"10":1,"11":1,"12":1,"13":1,"14":1,"15":1,"16":1,"17":1,"18":1},"f":{"0":0,"1":0},"b":{}}
,"/home/st111/VisionGoalServer/Backend/src/routes/commentRoutes.ts": {"path":"/home/st111/VisionGoalServer/Backend/src/routes/commentRoutes.ts","statementMap":{"0":{"start":{"line":1,"column":0},"end":{"line":1,"column":30}},"1":{"start":{"line":2,"column":0},"end":{"line":2,"column":55}},"2":{"start":{"line":3,"column":0},"end":{"line":3,"column":62}},"3":{"start":{"line":4,"column":0},"end":{"line":4,"column":86}},"4":{"start":{"line":6,"column":15},"end":{"line":6,"column":31}},"5":{"start":{"line":73,"column":0},"end":{"line":73,"column":44}},"6":{"start":{"line":99,"column":0},"end":{"line":99,"column":39}},"7":{"start":{"line":125,"column":0},"end":{"line":125,"column":55}},"8":{"start":{"line":145,"column":0},"end":{"line":145,"column":58}},"9":{"start":{"line":147,"column":0},"end":{"line":147,"column":22}}},"fnMap":{},"branchMap":{},"s":{"0":1,"1":1,"2":1,"3":1,"4":1,"5":1,"6":1,"7":1,"8":1,"9":1},"f":{},"b":{}}
,"/home/st111/VisionGoalServer/Backend/src/routes/postRoutes.ts": {"path":"/home/st111/VisionGoalServer/Backend/src/routes/postRoutes.ts","statementMap":{"0":{"start":{"line":1,"column":0},"end":{"line":1,"column":30}},"1":{"start":{"line":2,"column":0},"end":{"line":2,"column":55}},"2":{"start":{"line":3,"column":0},"end":{"line":3,"column":null}},"3":{"start":{"line":9,"column":0},"end":{"line":9,"column":28}},"4":{"start":{"line":10,"column":0},"end":{"line":10,"column":24}},"5":{"start":{"line":13,"column":18},"end":{"line":13,"column":61}},"6":{"start":{"line":14,"column":16},"end":{"line":22,"column":2}},"7":{"start":{"line":16,"column":4},"end":{"line":16,"column":60}},"8":{"start":{"line":17,"column":4},"end":{"line":17,"column":24}},"9":{"start":{"line":20,"column":4},"end":{"line":20,"column":59}},"10":{"start":{"line":23,"column":15},"end":{"line":23,"column":34}},"11":{"start":{"line":25,"column":15},"end":{"line":25,"column":31}},"12":{"start":{"line":91,"column":0},"end":{"line":91,"column":29}},"13":{"start":{"line":117,"column":0},"end":{"line":117,"column":62}},"14":{"start":{"line":141,"column":0},"end":{"line":141,"column":47}},"15":{"start":{"line":143,"column":0},"end":{"line":143,"column":20}},"16":{"start":{"line":173,"column":0},"end":{"line":173,"column":70}},"17":{"start":{"line":195,"column":0},"end":{"line":195,"column":58}},"18":{"start":{"line":217,"column":0},"end":{"line":217,"column":43}},"19":{"start":{"line":241,"column":0},"end":{"line":241,"column":46}},"20":{"start":{"line":243,"column":0},"end":{"line":243,"column":16}}},"fnMap":{"0":{"name":"(anonymous_10)","decl":{"start":{"line":15,"column":15},"end":{"line":15,"column":16}},"loc":{"start":{"line":15,"column":33},"end":{"line":18,"column":3}}},"1":{"name":"(anonymous_11)","decl":{"start":{"line":19,"column":12},"end":{"line":19,"column":13}},"loc":{"start":{"line":19,"column":30},"end":{"line":21,"column":3}}}},"branchMap":{},"s":{"0":1,"1":1,"2":1,"3":1,"4":1,"5":1,"6":1,"7":0,"8":0,"9":0,"10":1,"11":1,"12":1,"13":1,"14":1,"15":1,"16":1,"17":1,"18":1,"19":1,"20":1},"f":{"0":0,"1":0},"b":{}}
,"/home/st111/VisionGoalServer/Backend/src/routes/predictionRoutes.ts": {"path":"/home/st111/VisionGoalServer/Backend/src/routes/predictionRoutes.ts","statementMap":{"0":{"start":{"line":1,"column":0},"end":{"line":1,"column":30}},"1":{"start":{"line":2,"column":0},"end":{"line":2,"column":71}},"2":{"start":{"line":5,"column":15},"end":{"line":5,"column":31}},"3":{"start":{"line":71,"column":0},"end":{"line":71,"column":70}},"4":{"start":{"line":83,"column":0},"end":{"line":83,"column":66}},"5":{"start":{"line":101,"column":0},"end":{"line":101,"column":56}},"6":{"start":{"line":103,"column":0},"end":{"line":103,"column":16}}},"fnMap":{},"branchMap":{},"s":{"0":1,"1":1,"2":1,"3":1,"4":1,"5":1,"6":1},"f":{},"b":{}}
,"/home/st111/VisionGoalServer/Backend/src/routes/userRoutes.ts": {"path":"/home/st111/VisionGoalServer/Backend/src/routes/userRoutes.ts","statementMap":{"0":{"start":{"line":1,"column":0},"end":{"line":1,"column":30}},"1":{"start":{"line":2,"column":0},"end":{"line":2,"column":60}},"2":{"start":{"line":3,"column":0},"end":{"line":3,"column":55}},"3":{"start":{"line":5,"column":15},"end":{"line":5,"column":31}},"4":{"start":{"line":51,"column":0},"end":{"line":51,"column":38}},"5":{"start":{"line":53,"column":0},"end":{"line":53,"column":22}}},"fnMap":{},"branchMap":{},"s":{"0":1,"1":1,"2":1,"3":1,"4":1,"5":1},"f":{},"b":{}}
,"/home/st111/VisionGoalServer/Backend/src/services/predictionService.ts": {"path":"/home/st111/VisionGoalServer/Backend/src/services/predictionService.ts","statementMap":{"0":{"start":{"line":1,"column":0},"end":{"line":1,"column":28}},"1":{"start":{"line":2,"column":0},"end":{"line":2,"column":26}},"2":{"start":{"line":4,"column":0},"end":{"line":4,"column":56}},"3":{"start":{"line":7,"column":34},"end":{"line":42,"column":2}},"4":{"start":{"line":7,"column":76},"end":{"line":42,"column":2}},"5":{"start":{"line":8,"column":2},"end":{"line":41,"column":3}},"6":{"start":{"line":11,"column":19},"end":{"line":14,"column":6}},"7":{"start":{"line":17,"column":21},"end":{"line":23,"column":6}},"8":{"start":{"line":28,"column":4},"end":{"line":30,"column":5}},"9":{"start":{"line":29,"column":6},"end":{"line":29,"column":52}},"10":{"start":{"line":33,"column":27},"end":{"line":33,"column":66}},"11":{"start":{"line":34,"column":4},"end":{"line":36,"column":5}},"12":{"start":{"line":35,"column":6},"end":{"line":35,"column":59}},"13":{"start":{"line":37,"column":4},"end":{"line":37,"column":33}},"14":{"start":{"line":39,"column":4},"end":{"line":39,"column":57}},"15":{"start":{"line":40,"column":4},"end":{"line":40,"column":16}},"16":{"start":{"line":7,"column":13},"end":{"line":7,"column":34}},"17":{"start":{"line":44,"column":36},"end":{"line":54,"column":null}},"18":{"start":{"line":44,"column":47},"end":{"line":54,"column":null}},"19":{"start":{"line":45,"column":2},"end":{"line":53,"column":3}},"20":{"start":{"line":47,"column":4},"end":{"line":47,"column":39}},"21":{"start":{"line":49,"column":4},"end":{"line":49,"column":11}},"22":{"start":{"line":51,"column":4},"end":{"line":51,"column":56}},"23":{"start":{"line":52,"column":4},"end":{"line":52,"column":16}},"24":{"start":{"line":44,"column":13},"end":{"line":44,"column":36}},"25":{"start":{"line":74,"column":36},"end":{"line":107,"column":2}},"26":{"start":{"line":74,"column":65},"end":{"line":107,"column":2}},"27":{"start":{"line":75,"column":17},"end":{"line":75,"column":50}},"28":{"start":{"line":76,"column":17},"end":{"line":76,"column":59}},"29":{"start":{"line":78,"column":22},"end":{"line":78,"column":32}},"30":{"start":{"line":80,"column":19},"end":{"line":80,"column":40}},"31":{"start":{"line":81,"column":2},"end":{"line":81,"column":46}},"32":{"start":{"line":83,"column":19},"end":{"line":83,"column":58}},"33":{"start":{"line":84,"column":17},"end":{"line":84,"column":53}},"34":{"start":{"line":86,"column":2},"end":{"line":106,"column":3}},"35":{"start":{"line":88,"column":21},"end":{"line":96,"column":6}},"36":{"start":{"line":97,"column":4},"end":{"line":100,"column":7}},"37":{"start":{"line":98,"column":8},"end":{"line":98,"column":52}},"38":{"start":{"line":102,"column":4},"end":{"line":102,"column":33}},"39":{"start":{"line":104,"column":4},"end":{"line":104,"column":61}},"40":{"start":{"line":105,"column":4},"end":{"line":105,"column":14}},"41":{"start":{"line":74,"column":13},"end":{"line":74,"column":36}},"42":{"start":{"line":109,"column":38},"end":{"line":200,"column":null}},"43":{"start":{"line":109,"column":66},"end":{"line":200,"column":null}},"44":{"start":{"line":111,"column":18},"end":{"line":111,"column":46}},"45":{"start":{"line":114,"column":23},"end":{"line":116,"column":15}},"46":{"start":{"line":115,"column":20},"end":{"line":115,"column":89}},"47":{"start":{"line":118,"column":4},"end":{"line":157,"column":5}},"48":{"start":{"line":119,"column":21},"end":{"line":154,"column":109}},"49":{"start":{"line":156,"column":6},"end":{"line":156,"column":20}},"50":{"start":{"line":160,"column":19},"end":{"line":196,"column":107}},"51":{"start":{"line":199,"column":4},"end":{"line":199,"column":18}},"52":{"start":{"line":109,"column":13},"end":{"line":109,"column":38}}},"fnMap":{"0":{"name":"(anonymous_8)","decl":{"start":{"line":7,"column":34},"end":{"line":7,"column":41}},"loc":{"start":{"line":7,"column":76},"end":{"line":42,"column":2}}},"1":{"name":"(anonymous_9)","decl":{"start":{"line":7,"column":76},"end":{"line":7,"column":null}},"loc":{"start":{"line":7,"column":76},"end":{"line":42,"column":1}}},"2":{"name":"(anonymous_10)","decl":{"start":{"line":44,"column":36},"end":{"line":44,"column":45}},"loc":{"start":{"line":44,"column":47},"end":{"line":54,"column":null}}},"3":{"name":"(anonymous_11)","decl":{"start":{"line":44,"column":47},"end":{"line":44,"column":null}},"loc":{"start":{"line":44,"column":47},"end":{"line":54,"column":1}}},"4":{"name":"(anonymous_12)","decl":{"start":{"line":74,"column":36},"end":{"line":74,"column":63}},"loc":{"start":{"line":74,"column":65},"end":{"line":107,"column":2}}},"5":{"name":"(anonymous_13)","decl":{"start":{"line":74,"column":65},"end":{"line":74,"column":null}},"loc":{"start":{"line":74,"column":65},"end":{"line":107,"column":1}}},"6":{"name":"(anonymous_14)","decl":{"start":{"line":97,"column":30},"end":{"line":97,"column":31}},"loc":{"start":{"line":97,"column":40},"end":{"line":100,"column":5}}},"7":{"name":"(anonymous_15)","decl":{"start":{"line":109,"column":38},"end":{"line":109,"column":64}},"loc":{"start":{"line":109,"column":66},"end":{"line":200,"column":null}}},"8":{"name":"(anonymous_16)","decl":{"start":{"line":109,"column":66},"end":{"line":109,"column":null}},"loc":{"start":{"line":109,"column":66},"end":{"line":200,"column":1}}},"9":{"name":"(anonymous_17)","decl":{"start":{"line":115,"column":9},"end":{"line":115,"column":10}},"loc":{"start":{"line":115,"column":20},"end":{"line":115,"column":89}}}},"branchMap":{"0":{"loc":{"start":{"line":28,"column":4},"end":{"line":30,"column":5}},"type":"if","locations":[{"start":{"line":28,"column":4},"end":{"line":30,"column":5}}]},"1":{"loc":{"start":{"line":28,"column":8},"end":{"line":28,"column":57}},"type":"binary-expr","locations":[{"start":{"line":28,"column":8},"end":{"line":28,"column":25}},{"start":{"line":28,"column":29},"end":{"line":28,"column":57}}]},"2":{"loc":{"start":{"line":33,"column":27},"end":{"line":33,"column":66}},"type":"cond-expr","locations":[{"start":{"line":33,"column":57},"end":{"line":33,"column":59}},{"start":{"line":33,"column":57},"end":{"line":33,"column":66}}]},"3":{"loc":{"start":{"line":33,"column":27},"end":{"line":33,"column":59}},"type":"binary-expr","locations":[{"start":{"line":33,"column":27},"end":{"line":33,"column":59}},{"start":{"line":33,"column":57},"end":{"line":33,"column":59}}]},"4":{"loc":{"start":{"line":33,"column":27},"end":{"line":33,"column":57}},"type":"cond-expr","locations":[{"start":{"line":33,"column":48},"end":{"line":33,"column":50}},{"start":{"line":33,"column":48},"end":{"line":33,"column":57}}]},"5":{"loc":{"start":{"line":33,"column":27},"end":{"line":33,"column":50}},"type":"binary-expr","locations":[{"start":{"line":33,"column":27},"end":{"line":33,"column":50}},{"start":{"line":33,"column":48},"end":{"line":33,"column":50}}]},"6":{"loc":{"start":{"line":33,"column":27},"end":{"line":33,"column":48}},"type":"cond-expr","locations":[{"start":{"line":33,"column":43},"end":{"line":33,"column":46}},{"start":{"line":33,"column":43},"end":{"line":33,"column":48}}]},"7":{"loc":{"start":{"line":33,"column":27},"end":{"line":33,"column":46}},"type":"binary-expr","locations":[{"start":{"line":33,"column":27},"end":{"line":33,"column":46}},{"start":{"line":33,"column":43},"end":{"line":33,"column":46}}]},"8":{"loc":{"start":{"line":34,"column":4},"end":{"line":36,"column":5}},"type":"if","locations":[{"start":{"line":34,"column":4},"end":{"line":36,"column":5}}]},"9":{"loc":{"start":{"line":118,"column":4},"end":{"line":157,"column":5}},"type":"if","locations":[{"start":{"line":118,"column":4},"end":{"line":157,"column":5}}]}},"s":{"0":1,"1":1,"2":1,"3":1,"4":0,"5":0,"6":0,"7":0,"8":0,"9":0,"10":0,"11":0,"12":0,"13":0,"14":0,"15":0,"16":1,"17":1,"18":0,"19":0,"20":0,"21":0,"22":0,"23":0,"24":1,"25":1,"26":0,"27":0,"28":0,"29":0,"30":0,"31":0,"32":0,"33":0,"34":0,"35":0,"36":0,"37":0,"38":0,"39":0,"40":0,"41":1,"42":1,"43":0,"44":0,"45":0,"46":0,"47":0,"48":0,"49":0,"50":0,"51":0,"52":1},"f":{"0":0,"1":0,"2":0,"3":0,"4":0,"5":0,"6":0,"7":0,"8":0,"9":0},"b":{"0":[0],"1":[0,0],"2":[0,0],"3":[0,0],"4":[0,0],"5":[0,0],"6":[0,0],"7":[0,0],"8":[0],"9":[0]}}
}
