TN:
SF:src/app.ts
FN:48,(anonymous_10)
FN:55,(anonymous_11)
FN:56,(anonymous_12)
FN:98,(anonymous_13)
FN:104,(anonymous_14)
FN:105,(anonymous_15)
FN:111,(anonymous_16)
FN:114,(anonymous_17)
FN:122,(anonymous_18)
FNF:9
FNH:4
FNDA:0,(anonymous_10)
FNDA:0,(anonymous_11)
FNDA:0,(anonymous_12)
FNDA:0,(anonymous_13)
FNDA:1,(anonymous_14)
FNDA:1,(anonymous_15)
FNDA:1,(anonymous_16)
FNDA:0,(anonymous_17)
FNDA:1,(anonymous_18)
DA:1,1
DA:2,1
DA:3,1
DA:4,1
DA:5,1
DA:6,1
DA:7,1
DA:8,1
DA:9,1
DA:10,1
DA:11,1
DA:14,1
DA:15,1
DA:16,1
DA:17,1
DA:18,1
DA:20,1
DA:21,1
DA:24,1
DA:25,1
DA:26,0
DA:30,1
DA:31,1
DA:35,1
DA:48,1
DA:49,0
DA:50,0
DA:52,1
DA:54,1
DA:55,0
DA:57,0
DA:59,1
DA:60,1
DA:84,1
DA:86,1
DA:89,1
DA:90,1
DA:91,1
DA:92,1
DA:93,1
DA:94,1
DA:96,1
DA:98,1
DA:99,0
DA:102,1
DA:104,1
DA:105,1
DA:106,1
DA:107,0
DA:109,1
DA:112,1
DA:115,0
DA:122,1
LF:53
LH:45
BRDA:25,0,0,0
BRDA:106,1,0,0
BRDA:106,1,1,1
BRF:3
BRH:1
end_of_record
TN:
SF:src/config/db.ts
FN:6,(anonymous_8)
FN:6,(anonymous_9)
FNF:2
FNH:2
FNDA:1,(anonymous_8)
FNDA:1,(anonymous_9)
DA:1,1
DA:2,1
DA:4,1
DA:6,1
DA:7,1
DA:8,1
DA:10,1
DA:14,1
DA:16,1
DA:22,0
DA:23,0
DA:24,0
DA:29,1
LF:13
LH:10
BRDA:10,0,0,1
BRDA:10,0,1,0
BRDA:18,1,0,1
BRDA:18,1,1,0
BRDA:23,2,0,0
BRF:5
BRH:2
end_of_record
TN:
SF:src/controllers/authController.ts
FN:14,(anonymous_8)
FN:25,(anonymous_9)
FN:39,(anonymous_10)
FN:39,(anonymous_11)
FN:133,(anonymous_12)
FN:133,(anonymous_13)
FN:193,(anonymous_14)
FN:197,(anonymous_15)
FN:243,(anonymous_16)
FN:243,(anonymous_17)
FN:268,(anonymous_18)
FN:268,(anonymous_19)
FN:325,(anonymous_20)
FN:328,(anonymous_21)
FN:371,(anonymous_22)
FN:374,(anonymous_23)
FN:408,(anonymous_24)
FN:411,(anonymous_25)
FN:431,(anonymous_26)
FN:434,(anonymous_27)
FNF:20
FNH:8
FNDA:5,(anonymous_8)
FNDA:5,(anonymous_9)
FNDA:5,(anonymous_10)
FNDA:5,(anonymous_11)
FNDA:8,(anonymous_12)
FNDA:8,(anonymous_13)
FNDA:0,(anonymous_14)
FNDA:0,(anonymous_15)
FNDA:4,(anonymous_16)
FNDA:4,(anonymous_17)
FNDA:0,(anonymous_18)
FNDA:0,(anonymous_19)
FNDA:0,(anonymous_20)
FNDA:0,(anonymous_21)
FNDA:0,(anonymous_22)
FNDA:0,(anonymous_23)
FNDA:0,(anonymous_24)
FNDA:0,(anonymous_25)
FNDA:0,(anonymous_26)
FNDA:0,(anonymous_27)
DA:2,1
DA:4,1
DA:5,1
DA:6,1
DA:7,1
DA:8,1
DA:9,1
DA:14,1
DA:15,5
DA:25,1
DA:26,5
DA:39,5
DA:40,5
DA:48,5
DA:51,5
DA:59,2
DA:60,2
DA:64,3
DA:65,0
DA:66,0
DA:70,3
DA:71,3
DA:72,1
DA:73,1
DA:76,2
DA:77,0
DA:80,0
DA:83,2
DA:84,2
DA:86,2
DA:87,0
DA:88,0
DA:92,2
DA:95,2
DA:104,2
DA:105,2
DA:108,2
DA:109,2
DA:112,2
DA:125,0
DA:126,0
DA:133,8
DA:134,8
DA:135,8
DA:138,8
DA:139,2
DA:140,2
DA:144,6
DA:145,5
DA:146,1
DA:147,1
DA:151,4
DA:152,0
DA:153,0
DA:156,4
DA:157,4
DA:158,1
DA:159,1
DA:163,3
DA:164,3
DA:167,3
DA:168,3
DA:171,3
DA:185,1
DA:186,1
DA:193,1
DA:197,0
DA:198,0
DA:199,0
DA:201,0
DA:202,0
DA:203,0
DA:207,0
DA:212,0
DA:213,0
DA:214,0
DA:218,0
DA:219,0
DA:220,0
DA:221,0
DA:225,0
DA:233,0
DA:235,0
DA:236,0
DA:243,4
DA:244,4
DA:245,4
DA:246,4
DA:247,4
DA:248,4
DA:252,0
DA:256,0
DA:257,0
DA:258,0
DA:261,0
DA:263,0
DA:264,0
DA:268,1
DA:269,0
DA:270,0
DA:271,0
DA:272,0
DA:275,0
DA:279,0
DA:280,0
DA:281,0
DA:283,0
DA:285,0
DA:287,0
DA:289,0
DA:298,0
DA:299,0
DA:300,0
DA:301,0
DA:304,0
DA:316,0
DA:317,0
DA:325,1
DA:328,0
DA:329,0
DA:330,0
DA:332,0
DA:333,0
DA:334,0
DA:337,0
DA:339,0
DA:340,0
DA:341,0
DA:345,0
DA:346,0
DA:347,0
DA:352,0
DA:354,0
DA:366,0
DA:367,0
DA:371,1
DA:374,0
DA:375,0
DA:376,0
DA:377,0
DA:378,0
DA:382,0
DA:385,0
DA:386,0
DA:387,0
DA:388,0
DA:392,0
DA:393,0
DA:396,0
DA:397,0
DA:399,0
DA:404,0
DA:405,0
DA:408,1
DA:411,0
DA:412,0
DA:413,0
DA:414,0
DA:415,0
DA:417,0
DA:420,0
DA:421,0
DA:422,0
DA:424,0
DA:426,0
DA:427,0
DA:431,1
DA:434,0
DA:435,0
DA:436,0
DA:440,0
DA:442,0
LF:172
LH:67
BRDA:17,0,0,5
BRDA:17,0,1,0
BRDA:18,1,0,5
BRDA:18,1,1,0
BRDA:28,2,0,5
BRDA:28,2,1,0
BRDA:31,3,0,5
BRDA:31,3,1,0
BRDA:51,4,0,2
BRDA:52,5,0,5
BRDA:52,5,1,3
BRDA:52,5,2,3
BRDA:52,5,3,3
BRDA:52,5,4,3
BRDA:52,5,5,3
BRDA:64,6,0,0
BRDA:71,7,0,1
BRDA:76,8,0,0
BRDA:86,9,0,0
BRDA:138,10,0,2
BRDA:138,11,0,8
BRDA:138,11,1,7
BRDA:145,12,0,1
BRDA:151,13,0,0
BRDA:157,14,0,1
BRDA:201,15,0,0
BRDA:212,16,0,0
BRDA:219,17,0,0
BRDA:246,18,0,4
BRDA:256,19,0,0
BRDA:271,20,0,0
BRDA:280,21,0,0
BRDA:280,22,0,0
BRDA:280,22,1,0
BRDA:287,23,0,0
BRDA:332,24,0,0
BRDA:339,25,0,0
BRDA:345,26,0,0
BRDA:346,27,0,0
BRDA:347,28,0,0
BRDA:376,29,0,0
BRDA:385,30,0,0
BRDA:385,30,1,0
BRDA:385,31,0,0
BRDA:385,31,1,0
BRDA:386,32,0,0
BRDA:396,33,0,0
BRDA:396,33,1,0
BRDA:413,34,0,0
BRDA:420,35,0,0
BRDA:436,36,0,0
BRDA:436,36,1,0
BRDA:436,37,0,0
BRDA:436,37,1,0
BRF:54
BRH:18
end_of_record
TN:
SF:src/controllers/baseController.ts
FN:8,(anonymous_8)
FN:13,(anonymous_9)
FN:17,(anonymous_10)
FN:17,(anonymous_11)
FN:41,(anonymous_12)
FN:41,(anonymous_13)
FN:51,(anonymous_14)
FN:51,(anonymous_15)
FN:68,(anonymous_16)
FN:68,(anonymous_17)
FN:87,(anonymous_18)
FN:87,(anonymous_19)
FNF:12
FNH:1
FNDA:0,(anonymous_8)
FNDA:2,(anonymous_9)
FNDA:0,(anonymous_10)
FNDA:0,(anonymous_11)
FNDA:0,(anonymous_12)
FNDA:0,(anonymous_13)
FNDA:0,(anonymous_14)
FNDA:0,(anonymous_15)
FNDA:0,(anonymous_16)
FNDA:0,(anonymous_17)
FNDA:0,(anonymous_18)
FNDA:0,(anonymous_19)
DA:3,1
DA:9,0
DA:14,2
DA:17,2
DA:18,0
DA:20,0
DA:21,0
DA:23,0
DA:24,0
DA:25,0
DA:27,0
DA:32,0
DA:34,0
DA:36,0
DA:37,0
DA:41,2
DA:42,0
DA:43,0
DA:44,0
DA:45,0
DA:47,0
DA:51,2
DA:52,0
DA:53,0
DA:54,0
DA:56,0
DA:57,0
DA:59,0
DA:60,0
DA:62,0
DA:64,0
DA:68,2
DA:69,0
DA:70,0
DA:71,0
DA:72,0
DA:76,0
DA:77,0
DA:80,0
DA:81,0
DA:83,0
DA:87,2
DA:88,0
DA:89,0
DA:90,0
DA:92,0
DA:93,0
DA:94,0
DA:97,0
DA:98,0
DA:101,0
DA:103,0
DA:108,1
LF:53
LH:8
BRDA:23,0,0,0
BRDA:24,1,0,0
BRDA:24,1,1,0
BRDA:56,2,0,0
BRDA:76,3,0,0
BRDA:76,4,0,0
BRDA:76,4,1,0
BRDA:92,5,0,0
BRDA:97,6,0,0
BRF:9
BRH:0
end_of_record
TN:
SF:src/controllers/commentController.ts
FN:6,(anonymous_8)
FN:6,(anonymous_9)
FN:21,(anonymous_10)
FN:21,(anonymous_11)
FNF:4
FNH:0
FNDA:0,(anonymous_8)
FNDA:0,(anonymous_9)
FNDA:0,(anonymous_10)
FNDA:0,(anonymous_11)
DA:1,1
DA:2,1
DA:4,1
DA:6,1
DA:7,0
DA:8,0
DA:9,0
DA:10,0
DA:11,0
DA:13,0
DA:14,0
DA:16,0
DA:21,1
DA:22,0
DA:24,0
DA:25,0
DA:28,0
DA:30,0
DA:32,0
DA:33,0
DA:37,1
LF:21
LH:6
BRDA:13,0,0,0
BRDA:13,0,1,0
BRF:2
BRH:0
end_of_record
TN:
SF:src/controllers/postController.ts
FN:10,(anonymous_8)
FN:13,(anonymous_9)
FN:21,(anonymous_10)
FN:21,(anonymous_11)
FN:47,(anonymous_12)
FN:47,(anonymous_13)
FN:73,(anonymous_14)
FN:73,(anonymous_15)
FNF:8
FNH:0
FNDA:0,(anonymous_8)
FNDA:0,(anonymous_9)
FNDA:0,(anonymous_10)
FNDA:0,(anonymous_11)
FNDA:0,(anonymous_12)
FNDA:0,(anonymous_13)
FNDA:0,(anonymous_14)
FNDA:0,(anonymous_15)
DA:1,1
DA:3,1
DA:4,1
DA:5,1
DA:7,1
DA:9,1
DA:11,0
DA:14,0
DA:17,1
DA:19,1
DA:21,1
DA:22,0
DA:24,0
DA:25,0
DA:27,0
DA:28,0
DA:30,0
DA:31,0
DA:33,0
DA:36,0
DA:38,0
DA:40,0
DA:41,0
DA:47,1
DA:48,0
DA:49,0
DA:50,0
DA:52,0
DA:53,0
DA:54,0
DA:57,0
DA:63,0
DA:64,0
DA:65,0
DA:67,0
DA:68,0
DA:73,1
DA:74,0
DA:75,0
DA:77,0
DA:80,0
DA:82,0
DA:83,0
DA:87,1
LF:44
LH:12
BRDA:27,0,0,0
BRDA:30,1,0,0
BRDA:30,1,1,0
BRDA:49,2,0,0
BRDA:49,2,1,0
BRDA:49,3,0,0
BRDA:49,3,1,0
BRDA:52,4,0,0
BRF:8
BRH:0
end_of_record
TN:
SF:src/controllers/predictionController.ts
FN:6,(anonymous_8)
FN:6,(anonymous_9)
FN:17,(anonymous_10)
FN:17,(anonymous_11)
FN:70,(anonymous_12)
FN:70,(anonymous_13)
FN:91,(anonymous_14)
FN:91,(anonymous_15)
FNF:8
FNH:0
FNDA:0,(anonymous_8)
FNDA:0,(anonymous_9)
FNDA:0,(anonymous_10)
FNDA:0,(anonymous_11)
FNDA:0,(anonymous_12)
FNDA:0,(anonymous_13)
FNDA:0,(anonymous_14)
FNDA:0,(anonymous_15)
DA:1,1
DA:2,1
DA:3,1
DA:4,1
DA:6,1
DA:7,0
DA:8,0
DA:9,0
DA:11,0
DA:12,0
DA:17,1
DA:18,0
DA:20,0
DA:22,0
DA:25,0
DA:26,0
DA:30,0
DA:33,0
DA:35,0
DA:39,0
DA:40,0
DA:45,0
DA:46,0
DA:47,0
DA:57,0
DA:61,0
DA:65,0
DA:70,1
DA:71,0
DA:72,0
DA:79,0
DA:80,0
DA:81,0
DA:83,0
DA:84,0
DA:91,1
DA:92,0
DA:93,0
DA:96,0
DA:101,1
LF:40
LH:9
BRDA:25,0,0,0
BRDA:39,1,0,0
BRF:2
BRH:0
end_of_record
TN:
SF:src/middleware/authMiddleware.ts
FN:5,(anonymous_8)
FN:5,(anonymous_9)
FNF:2
FNH:0
FNDA:0,(anonymous_8)
FNDA:0,(anonymous_9)
DA:2,1
DA:3,1
DA:5,1
DA:6,0
DA:7,0
DA:9,0
DA:10,0
DA:11,0
DA:13,0
DA:14,0
DA:15,0
DA:17,0
DA:18,0
DA:19,0
DA:22,0
DA:24,0
DA:25,0
LF:17
LH:3
BRDA:7,0,0,0
BRDA:7,0,1,0
BRDA:7,1,0,0
BRDA:7,1,1,0
BRDA:9,2,0,0
BRDA:15,3,0,0
BRDA:15,3,1,0
BRDA:17,4,0,0
BRF:8
BRH:0
end_of_record
TN:
SF:src/models/commentModel.ts
FNF:0
FNH:0
DA:1,1
DA:11,1
DA:18,1
DA:23,1
LF:4
LH:4
BRF:0
BRH:0
end_of_record
TN:
SF:src/models/postModel.ts
FN:23,(anonymous_17)
FNF:1
FNH:0
FNDA:0,(anonymous_17)
DA:1,1
DA:2,1
DA:14,1
DA:23,1
DA:24,0
DA:25,0
DA:26,0
DA:30,1
DA:32,1
LF:9
LH:6
BRF:0
BRH:0
end_of_record
TN:
SF:src/models/predictionModel.ts
FNF:0
FNH:0
DA:11,1
DA:13,1
DA:22,1
DA:25,1
LF:4
LH:4
BRF:0
BRH:0
end_of_record
TN:
SF:src/models/userModel.ts
FNF:0
FNH:0
DA:1,1
DA:17,1
DA:36,1
DA:38,1
LF:4
LH:4
BRF:0
BRH:0
end_of_record
TN:
SF:src/routes/authRoutes.ts
FN:108,(anonymous_10)
FN:111,(anonymous_11)
FNF:2
FNH:0
FNDA:0,(anonymous_10)
FNDA:0,(anonymous_11)
DA:1,1
DA:3,1
DA:4,1
DA:5,1
DA:7,1
DA:107,1
DA:109,0
DA:112,0
DA:115,1
DA:135,1
DA:155,1
DA:176,1
DA:197,1
DA:217,1
DA:243,1
DA:269,1
DA:295,1
DA:309,1
DA:311,1
LF:19
LH:17
BRF:0
BRH:0
end_of_record
TN:
SF:src/routes/commentRoutes.ts
FNF:0
FNH:0
DA:1,1
DA:2,1
DA:3,1
DA:4,1
DA:6,1
DA:73,1
DA:99,1
DA:125,1
DA:145,1
DA:147,1
LF:10
LH:10
BRF:0
BRH:0
end_of_record
TN:
SF:src/routes/postRoutes.ts
FN:14,(anonymous_10)
FN:18,(anonymous_11)
FNF:2
FNH:0
FNDA:0,(anonymous_10)
FNDA:0,(anonymous_11)
DA:1,1
DA:2,1
DA:3,1
DA:8,1
DA:9,1
DA:12,1
DA:13,1
DA:15,0
DA:16,0
DA:19,0
DA:22,1
DA:24,1
DA:90,1
DA:116,1
DA:140,1
DA:142,1
DA:172,1
DA:194,1
DA:216,1
DA:240,1
DA:242,1
LF:21
LH:18
BRF:0
BRH:0
end_of_record
TN:
SF:src/routes/predictionRoutes.ts
FNF:0
FNH:0
DA:1,1
DA:2,1
DA:5,1
DA:71,1
DA:83,1
DA:101,1
DA:103,1
LF:7
LH:7
BRF:0
BRH:0
end_of_record
TN:
SF:src/routes/userRoutes.ts
FNF:0
FNH:0
DA:1,1
DA:2,1
DA:3,1
DA:5,1
DA:51,1
DA:53,1
LF:6
LH:6
BRF:0
BRH:0
end_of_record
TN:
SF:src/services/predictionService.ts
FN:7,(anonymous_8)
FN:7,(anonymous_9)
FN:44,(anonymous_10)
FN:44,(anonymous_11)
FN:74,(anonymous_12)
FN:74,(anonymous_13)
FN:97,(anonymous_14)
FN:109,(anonymous_15)
FN:109,(anonymous_16)
FN:115,(anonymous_17)
FNF:10
FNH:0
FNDA:0,(anonymous_8)
FNDA:0,(anonymous_9)
FNDA:0,(anonymous_10)
FNDA:0,(anonymous_11)
FNDA:0,(anonymous_12)
FNDA:0,(anonymous_13)
FNDA:0,(anonymous_14)
FNDA:0,(anonymous_15)
FNDA:0,(anonymous_16)
FNDA:0,(anonymous_17)
DA:1,1
DA:2,1
DA:4,1
DA:7,1
DA:8,0
DA:11,0
DA:17,0
DA:28,0
DA:29,0
DA:33,0
DA:34,0
DA:35,0
DA:37,0
DA:39,0
DA:40,0
DA:44,1
DA:45,0
DA:47,0
DA:49,0
DA:51,0
DA:52,0
DA:74,1
DA:75,0
DA:76,0
DA:78,0
DA:80,0
DA:81,0
DA:83,0
DA:84,0
DA:86,0
DA:88,0
DA:97,0
DA:98,0
DA:102,0
DA:104,0
DA:105,0
DA:109,1
DA:111,0
DA:114,0
DA:115,0
DA:118,0
DA:119,0
DA:156,0
DA:160,0
DA:199,0
LF:45
LH:7
BRDA:28,0,0,0
BRDA:28,1,0,0
BRDA:28,1,1,0
BRDA:33,2,0,0
BRDA:33,2,1,0
BRDA:33,3,0,0
BRDA:33,3,1,0
BRDA:33,4,0,0
BRDA:33,4,1,0
BRDA:33,5,0,0
BRDA:33,5,1,0
BRDA:33,6,0,0
BRDA:33,6,1,0
BRDA:33,7,0,0
BRDA:33,7,1,0
BRDA:34,8,0,0
BRDA:118,9,0,0
BRF:17
BRH:0
end_of_record
